<?xml version="1.0" encoding="UTF-8"?>
<testsuite name="com.example.objectmapper.ObjectMapperApplicationTests" tests="1" skipped="0" failures="0" errors="0" timestamp="2021-05-20T05:46:28" hostname="LAPTOP-IPOJ3GNM" time="0.462">
  <properties/>
  <testcase name="contextLoads()" classname="com.example.objectmapper.ObjectMapperApplicationTests" time="0.462"/>
  <system-out><![CDATA[14:46:25.926 [Test worker] DEBUG org.springframework.test.context.BootstrapUtils - Instantiating CacheAwareContextLoaderDelegate from class [org.springframework.test.context.cache.DefaultCacheAwareContextLoaderDelegate]
14:46:25.941 [Test worker] DEBUG org.springframework.test.context.BootstrapUtils - Instantiating BootstrapContext using constructor [public org.springframework.test.context.support.DefaultBootstrapContext(java.lang.Class,org.springframework.test.context.CacheAwareContextLoaderDelegate)]
14:46:25.971 [Test worker] DEBUG org.springframework.test.context.BootstrapUtils - Instantiating TestContextBootstrapper for test class [com.example.objectmapper.ObjectMapperApplicationTests] from class [org.springframework.boot.test.context.SpringBootTestContextBootstrapper]
14:46:25.982 [Test worker] INFO org.springframework.boot.test.context.SpringBootTestContextBootstrapper - Neither @ContextConfiguration nor @ContextHierarchy found for test class [com.example.objectmapper.ObjectMapperApplicationTests], using SpringBootContextLoader
14:46:25.987 [Test worker] DEBUG org.springframework.test.context.support.AbstractContextLoader - Did not detect default resource location for test class [com.example.objectmapper.ObjectMapperApplicationTests]: class path resource [com/example/objectmapper/ObjectMapperApplicationTests-context.xml] does not exist
14:46:25.988 [Test worker] DEBUG org.springframework.test.context.support.AbstractContextLoader - Did not detect default resource location for test class [com.example.objectmapper.ObjectMapperApplicationTests]: class path resource [com/example/objectmapper/ObjectMapperApplicationTestsContext.groovy] does not exist
14:46:25.988 [Test worker] INFO org.springframework.test.context.support.AbstractContextLoader - Could not detect default resource locations for test class [com.example.objectmapper.ObjectMapperApplicationTests]: no resource found for suffixes {-context.xml, Context.groovy}.
14:46:25.989 [Test worker] INFO org.springframework.test.context.support.AnnotationConfigContextLoaderUtils - Could not detect default configuration classes for test class [com.example.objectmapper.ObjectMapperApplicationTests]: ObjectMapperApplicationTests does not declare any static, non-private, non-final, nested classes annotated with @Configuration.
14:46:26.032 [Test worker] DEBUG org.springframework.test.context.support.ActiveProfilesUtils - Could not find an 'annotation declaring class' for annotation type [org.springframework.test.context.ActiveProfiles] and class [com.example.objectmapper.ObjectMapperApplicationTests]
14:46:26.097 [Test worker] DEBUG org.springframework.context.annotation.ClassPathScanningCandidateComponentProvider - Identified candidate component class: file [C:\Users\rlaeh\IdeaProjects\object-mapper\build\classes\java\main\com\example\objectmapper\ObjectMapperApplication.class]
14:46:26.100 [Test worker] INFO org.springframework.boot.test.context.SpringBootTestContextBootstrapper - Found @SpringBootConfiguration com.example.objectmapper.ObjectMapperApplication for test class com.example.objectmapper.ObjectMapperApplicationTests
14:46:26.214 [Test worker] DEBUG org.springframework.boot.test.context.SpringBootTestContextBootstrapper - @TestExecutionListeners is not present for class [com.example.objectmapper.ObjectMapperApplicationTests]: using defaults.
14:46:26.215 [Test worker] INFO org.springframework.boot.test.context.SpringBootTestContextBootstrapper - Loaded default TestExecutionListener class names from location [META-INF/spring.factories]: [org.springframework.boot.test.autoconfigure.restdocs.RestDocsTestExecutionListener, org.springframework.boot.test.autoconfigure.web.client.MockRestServiceServerResetTestExecutionListener, org.springframework.boot.test.autoconfigure.web.servlet.MockMvcPrintOnlyOnFailureTestExecutionListener, org.springframework.boot.test.autoconfigure.web.servlet.WebDriverTestExecutionListener, org.springframework.boot.test.autoconfigure.webservices.client.MockWebServiceServerTestExecutionListener, org.springframework.boot.test.mock.mockito.MockitoTestExecutionListener, org.springframework.boot.test.mock.mockito.ResetMocksTestExecutionListener, org.springframework.test.context.web.ServletTestExecutionListener, org.springframework.test.context.support.DirtiesContextBeforeModesTestExecutionListener, org.springframework.test.context.event.ApplicationEventsTestExecutionListener, org.springframework.test.context.support.DependencyInjectionTestExecutionListener, org.springframework.test.context.support.DirtiesContextTestExecutionListener, org.springframework.test.context.transaction.TransactionalTestExecutionListener, org.springframework.test.context.jdbc.SqlScriptsTestExecutionListener, org.springframework.test.context.event.EventPublishingTestExecutionListener]
14:46:26.227 [Test worker] DEBUG org.springframework.boot.test.context.SpringBootTestContextBootstrapper - Skipping candidate TestExecutionListener [org.springframework.test.context.transaction.TransactionalTestExecutionListener] due to a missing dependency. Specify custom listener classes or make the default listener classes and their required dependencies available. Offending class: [org/springframework/transaction/interceptor/TransactionAttributeSource]
14:46:26.227 [Test worker] DEBUG org.springframework.boot.test.context.SpringBootTestContextBootstrapper - Skipping candidate TestExecutionListener [org.springframework.test.context.jdbc.SqlScriptsTestExecutionListener] due to a missing dependency. Specify custom listener classes or make the default listener classes and their required dependencies available. Offending class: [org/springframework/transaction/interceptor/TransactionAttribute]
14:46:26.228 [Test worker] INFO org.springframework.boot.test.context.SpringBootTestContextBootstrapper - Using TestExecutionListeners: [org.springframework.test.context.web.ServletTestExecutionListener@6c19840f, org.springframework.test.context.support.DirtiesContextBeforeModesTestExecutionListener@4a3bcb94, org.springframework.test.context.event.ApplicationEventsTestExecutionListener@4fca30cb, org.springframework.boot.test.mock.mockito.MockitoTestExecutionListener@7ec422f9, org.springframework.boot.test.autoconfigure.SpringBootDependencyInjectionTestExecutionListener@5edde8d2, org.springframework.test.context.support.DirtiesContextTestExecutionListener@4aaeeff6, org.springframework.test.context.event.EventPublishingTestExecutionListener@54fcc200, org.springframework.boot.test.autoconfigure.restdocs.RestDocsTestExecutionListener@b70f18c, org.springframework.boot.test.autoconfigure.web.client.MockRestServiceServerResetTestExecutionListener@3a5a1348, org.springframework.boot.test.autoconfigure.web.servlet.MockMvcPrintOnlyOnFailureTestExecutionListener@7b68aaa, org.springframework.boot.test.autoconfigure.web.servlet.WebDriverTestExecutionListener@35e8b49e, org.springframework.boot.test.autoconfigure.webservices.client.MockWebServiceServerTestExecutionListener@3998df3e, org.springframework.boot.test.mock.mockito.ResetMocksTestExecutionListener@53325b16]
14:46:26.233 [Test worker] DEBUG org.springframework.test.context.support.AbstractDirtiesContextTestExecutionListener - Before test class: context [DefaultTestContext@31d86732 testClass = ObjectMapperApplicationTests, testInstance = [null], testMethod = [null], testException = [null], mergedContextConfiguration = [WebMergedContextConfiguration@5fd3365d testClass = ObjectMapperApplicationTests, locations = '{}', classes = '{class com.example.objectmapper.ObjectMapperApplication}', contextInitializerClasses = '[]', activeProfiles = '{}', propertySourceLocations = '{}', propertySourceProperties = '{org.springframework.boot.test.context.SpringBootTestContextBootstrapper=true}', contextCustomizers = set[org.springframework.boot.test.autoconfigure.actuate.metrics.MetricsExportContextCustomizerFactory$DisableMetricExportContextCustomizer@11d0089, org.springframework.boot.test.autoconfigure.properties.PropertyMappingContextCustomizer@0, org.springframework.boot.test.autoconfigure.web.servlet.WebDriverContextCustomizerFactory$Customizer@1fb017bc, org.springframework.boot.test.context.filter.ExcludeFilterContextCustomizer@211148f7, org.springframework.boot.test.json.DuplicateJsonObjectContextCustomizerFactory$DuplicateJsonObjectContextCustomizer@287733fd, org.springframework.boot.test.mock.mockito.MockitoContextCustomizer@0, org.springframework.boot.test.web.client.TestRestTemplateContextCustomizer@1d0813a2, org.springframework.boot.test.context.SpringBootTestArgs@1, org.springframework.boot.test.context.SpringBootTestWebEnvironment@5cb32d49], resourceBasePath = 'src/main/webapp', contextLoader = 'org.springframework.boot.test.context.SpringBootContextLoader', parent = [null]], attributes = map['org.springframework.test.context.web.ServletTestExecutionListener.activateListener' -> true]], class annotated with @DirtiesContext [false] with mode [null].
14:46:26.273 [Test worker] DEBUG org.springframework.test.context.support.TestPropertySourceUtils - Adding inlined properties to environment: {spring.jmx.enabled=false, org.springframework.boot.test.context.SpringBootTestContextBootstrapper=true}

  .   ____          _            __ _ _
 /\\ / ___'_ __ _ _(_)_ __  __ _ \ \ \ \
( ( )\___ | '_ | '_| | '_ \/ _` | \ \ \ \
 \\/  ___)| |_)| | | | | || (_| |  ) ) ) )
  '  |____| .__|_| |_|_| |_\__, | / / / /
 =========|_|==============|___/=/_/_/_/
 :: Spring Boot ::                (v2.4.5)

2021-05-20 14:46:26.591  INFO 24700 --- [    Test worker] c.e.o.ObjectMapperApplicationTests       : Starting ObjectMapperApplicationTests using Java 14.0.1 on LAPTOP-IPOJ3GNM with PID 24700 (started by rlaeh in C:\Users\rlaeh\IdeaProjects\object-mapper)
2021-05-20 14:46:26.594  INFO 24700 --- [    Test worker] c.e.o.ObjectMapperApplicationTests       : No active profile set, falling back to default profiles: default
2021-05-20 14:46:27.948  INFO 24700 --- [    Test worker] o.s.s.concurrent.ThreadPoolTaskExecutor  : Initializing ExecutorService 'applicationTaskExecutor'
2021-05-20 14:46:28.294  INFO 24700 --- [    Test worker] c.e.o.ObjectMapperApplicationTests       : Started ObjectMapperApplicationTests in 2.012 seconds (JVM running for 3.156)
-------------
{"name":"steve","age":10,"phone_number":"010-1111-2222"}
User{name='steve', age=10, phoneNumber='010-1111-2222'}
]]></system-out>
  <system-err><![CDATA[]]></system-err>
</testsuite>
