<?xml version="1.0" encoding="UTF-8"?>
<testsuite name="com.fastcampus.jpa.bookmanager.repository.UserRepositoryTest" tests="1" skipped="0" failures="0" errors="0" timestamp="2021-06-16T08:09:22" hostname="LAPTOP-IPOJ3GNM" time="0.426">
  <properties/>
  <testcase name="select()" classname="com.fastcampus.jpa.bookmanager.repository.UserRepositoryTest" time="0.426"/>
  <system-out><![CDATA[17:09:15.932 [Test worker] DEBUG org.springframework.test.context.BootstrapUtils - Instantiating CacheAwareContextLoaderDelegate from class [org.springframework.test.context.cache.DefaultCacheAwareContextLoaderDelegate]
17:09:15.945 [Test worker] DEBUG org.springframework.test.context.BootstrapUtils - Instantiating BootstrapContext using constructor [public org.springframework.test.context.support.DefaultBootstrapContext(java.lang.Class,org.springframework.test.context.CacheAwareContextLoaderDelegate)]
17:09:15.992 [Test worker] DEBUG org.springframework.test.context.BootstrapUtils - Instantiating TestContextBootstrapper for test class [com.fastcampus.jpa.bookmanager.repository.UserRepositoryTest] from class [org.springframework.boot.test.context.SpringBootTestContextBootstrapper]
17:09:16.009 [Test worker] INFO org.springframework.boot.test.context.SpringBootTestContextBootstrapper - Neither @ContextConfiguration nor @ContextHierarchy found for test class [com.fastcampus.jpa.bookmanager.repository.UserRepositoryTest], using SpringBootContextLoader
17:09:16.014 [Test worker] DEBUG org.springframework.test.context.support.AbstractContextLoader - Did not detect default resource location for test class [com.fastcampus.jpa.bookmanager.repository.UserRepositoryTest]: class path resource [com/fastcampus/jpa/bookmanager/repository/UserRepositoryTest-context.xml] does not exist
17:09:16.015 [Test worker] DEBUG org.springframework.test.context.support.AbstractContextLoader - Did not detect default resource location for test class [com.fastcampus.jpa.bookmanager.repository.UserRepositoryTest]: class path resource [com/fastcampus/jpa/bookmanager/repository/UserRepositoryTestContext.groovy] does not exist
17:09:16.016 [Test worker] INFO org.springframework.test.context.support.AbstractContextLoader - Could not detect default resource locations for test class [com.fastcampus.jpa.bookmanager.repository.UserRepositoryTest]: no resource found for suffixes {-context.xml, Context.groovy}.
17:09:16.017 [Test worker] INFO org.springframework.test.context.support.AnnotationConfigContextLoaderUtils - Could not detect default configuration classes for test class [com.fastcampus.jpa.bookmanager.repository.UserRepositoryTest]: UserRepositoryTest does not declare any static, non-private, non-final, nested classes annotated with @Configuration.
17:09:16.093 [Test worker] DEBUG org.springframework.test.context.support.ActiveProfilesUtils - Could not find an 'annotation declaring class' for annotation type [org.springframework.test.context.ActiveProfiles] and class [com.fastcampus.jpa.bookmanager.repository.UserRepositoryTest]
17:09:16.202 [Test worker] DEBUG org.springframework.context.annotation.ClassPathScanningCandidateComponentProvider - Identified candidate component class: file [C:\Users\rlaeh\IdeaProjects\bookmanager\build\classes\java\main\com\fastcampus\jpa\bookmanager\BookmanagerApplication.class]
17:09:16.204 [Test worker] INFO org.springframework.boot.test.context.SpringBootTestContextBootstrapper - Found @SpringBootConfiguration com.fastcampus.jpa.bookmanager.BookmanagerApplication for test class com.fastcampus.jpa.bookmanager.repository.UserRepositoryTest
17:09:16.361 [Test worker] DEBUG org.springframework.boot.test.context.SpringBootTestContextBootstrapper - @TestExecutionListeners is not present for class [com.fastcampus.jpa.bookmanager.repository.UserRepositoryTest]: using defaults.
17:09:16.361 [Test worker] INFO org.springframework.boot.test.context.SpringBootTestContextBootstrapper - Loaded default TestExecutionListener class names from location [META-INF/spring.factories]: [org.springframework.boot.test.autoconfigure.restdocs.RestDocsTestExecutionListener, org.springframework.boot.test.autoconfigure.web.client.MockRestServiceServerResetTestExecutionListener, org.springframework.boot.test.autoconfigure.web.servlet.MockMvcPrintOnlyOnFailureTestExecutionListener, org.springframework.boot.test.autoconfigure.web.servlet.WebDriverTestExecutionListener, org.springframework.boot.test.autoconfigure.webservices.client.MockWebServiceServerTestExecutionListener, org.springframework.boot.test.mock.mockito.MockitoTestExecutionListener, org.springframework.boot.test.mock.mockito.ResetMocksTestExecutionListener, org.springframework.test.context.web.ServletTestExecutionListener, org.springframework.test.context.support.DirtiesContextBeforeModesTestExecutionListener, org.springframework.test.context.event.ApplicationEventsTestExecutionListener, org.springframework.test.context.support.DependencyInjectionTestExecutionListener, org.springframework.test.context.support.DirtiesContextTestExecutionListener, org.springframework.test.context.transaction.TransactionalTestExecutionListener, org.springframework.test.context.jdbc.SqlScriptsTestExecutionListener, org.springframework.test.context.event.EventPublishingTestExecutionListener]
17:09:16.383 [Test worker] INFO org.springframework.boot.test.context.SpringBootTestContextBootstrapper - Using TestExecutionListeners: [org.springframework.test.context.web.ServletTestExecutionListener@7a11479c, org.springframework.test.context.support.DirtiesContextBeforeModesTestExecutionListener@4b8d917, org.springframework.test.context.event.ApplicationEventsTestExecutionListener@78a047c1, org.springframework.boot.test.mock.mockito.MockitoTestExecutionListener@24fc7ac9, org.springframework.boot.test.autoconfigure.SpringBootDependencyInjectionTestExecutionListener@54a1f46d, org.springframework.test.context.support.DirtiesContextTestExecutionListener@1693ef8f, org.springframework.test.context.transaction.TransactionalTestExecutionListener@6cf73cd3, org.springframework.test.context.jdbc.SqlScriptsTestExecutionListener@2b1a39b6, org.springframework.test.context.event.EventPublishingTestExecutionListener@7043a224, org.springframework.boot.test.autoconfigure.restdocs.RestDocsTestExecutionListener@7925d434, org.springframework.boot.test.autoconfigure.web.client.MockRestServiceServerResetTestExecutionListener@2c617e67, org.springframework.boot.test.autoconfigure.web.servlet.MockMvcPrintOnlyOnFailureTestExecutionListener@564c35d4, org.springframework.boot.test.autoconfigure.web.servlet.WebDriverTestExecutionListener@3b73efbb, org.springframework.boot.test.autoconfigure.webservices.client.MockWebServiceServerTestExecutionListener@6c201895, org.springframework.boot.test.mock.mockito.ResetMocksTestExecutionListener@4b15d130]
17:09:16.392 [Test worker] DEBUG org.springframework.test.context.support.AbstractDirtiesContextTestExecutionListener - Before test class: context [DefaultTestContext@e243632 testClass = UserRepositoryTest, testInstance = [null], testMethod = [null], testException = [null], mergedContextConfiguration = [WebMergedContextConfiguration@6747d5b0 testClass = UserRepositoryTest, locations = '{}', classes = '{class com.fastcampus.jpa.bookmanager.BookmanagerApplication}', contextInitializerClasses = '[]', activeProfiles = '{}', propertySourceLocations = '{}', propertySourceProperties = '{org.springframework.boot.test.context.SpringBootTestContextBootstrapper=true}', contextCustomizers = set[org.springframework.boot.test.autoconfigure.actuate.metrics.MetricsExportContextCustomizerFactory$DisableMetricExportContextCustomizer@26026061, org.springframework.boot.test.autoconfigure.properties.PropertyMappingContextCustomizer@0, org.springframework.boot.test.autoconfigure.web.servlet.WebDriverContextCustomizerFactory$Customizer@5cda770, org.springframework.boot.test.context.filter.ExcludeFilterContextCustomizer@43e3a45b, org.springframework.boot.test.json.DuplicateJsonObjectContextCustomizerFactory$DuplicateJsonObjectContextCustomizer@314c26d2, org.springframework.boot.test.mock.mockito.MockitoContextCustomizer@0, org.springframework.boot.test.web.client.TestRestTemplateContextCustomizer@5050fc6c, org.springframework.boot.test.context.SpringBootTestArgs@1, org.springframework.boot.test.context.SpringBootTestWebEnvironment@dddb2e6], resourceBasePath = 'src/main/webapp', contextLoader = 'org.springframework.boot.test.context.SpringBootContextLoader', parent = [null]], attributes = map['org.springframework.test.context.web.ServletTestExecutionListener.activateListener' -> true]], class annotated with @DirtiesContext [false] with mode [null].
17:09:16.433 [Test worker] DEBUG org.springframework.test.context.support.TestPropertySourceUtils - Adding inlined properties to environment: {spring.jmx.enabled=false, org.springframework.boot.test.context.SpringBootTestContextBootstrapper=true}

  .   ____          _            __ _ _
 /\\ / ___'_ __ _ _(_)_ __  __ _ \ \ \ \
( ( )\___ | '_ | '_| | '_ \/ _` | \ \ \ \
 \\/  ___)| |_)| | | | | || (_| |  ) ) ) )
  '  |____| .__|_| |_|_| |_\__, | / / / /
 =========|_|==============|___/=/_/_/_/
 :: Spring Boot ::                (v2.5.1)

2021-06-16 17:09:16.878  INFO 28056 --- [    Test worker] c.f.j.b.repository.UserRepositoryTest    : Starting UserRepositoryTest using Java 11.0.11 on LAPTOP-IPOJ3GNM with PID 28056 (started by rlaeh in C:\Users\rlaeh\IdeaProjects\bookmanager)
2021-06-16 17:09:16.881  INFO 28056 --- [    Test worker] c.f.j.b.repository.UserRepositoryTest    : No active profile set, falling back to default profiles: default
2021-06-16 17:09:18.013  INFO 28056 --- [    Test worker] .s.d.r.c.RepositoryConfigurationDelegate : Bootstrapping Spring Data JPA repositories in DEFAULT mode.
2021-06-16 17:09:18.126  INFO 28056 --- [    Test worker] .s.d.r.c.RepositoryConfigurationDelegate : Finished Spring Data repository scanning in 99 ms. Found 1 JPA repository interfaces.
2021-06-16 17:09:19.251  INFO 28056 --- [    Test worker] com.zaxxer.hikari.HikariDataSource       : HikariPool-1 - Starting...
2021-06-16 17:09:19.510  INFO 28056 --- [    Test worker] com.zaxxer.hikari.HikariDataSource       : HikariPool-1 - Start completed.
2021-06-16 17:09:19.609  INFO 28056 --- [    Test worker] o.hibernate.jpa.internal.util.LogHelper  : HHH000204: Processing PersistenceUnitInfo [name: default]
2021-06-16 17:09:19.681  INFO 28056 --- [    Test worker] org.hibernate.Version                    : HHH000412: Hibernate ORM core version 5.4.32.Final
2021-06-16 17:09:19.890  INFO 28056 --- [    Test worker] o.hibernate.annotations.common.Version   : HCANN000001: Hibernate Commons Annotations {5.1.2.Final}
2021-06-16 17:09:20.122  INFO 28056 --- [    Test worker] org.hibernate.dialect.Dialect            : HHH000400: Using dialect: org.hibernate.dialect.H2Dialect
Hibernate: 
    
    drop table if exists address CASCADE 
Hibernate: 
    
    drop table if exists user CASCADE 
Hibernate: 
    
    drop sequence if exists hibernate_sequence
Hibernate: create sequence hibernate_sequence start with 1 increment by 1
Hibernate: 
    
    create table address (
       id bigint not null,
        primary key (id)
    )
Hibernate: 
    
    create table user (
       id bigint not null,
        created_at timestamp,
        email varchar(255),
        name varchar(255),
        updated_at timestamp,
        primary key (id)
    )
2021-06-16 17:09:20.933  INFO 28056 --- [    Test worker] o.h.e.t.j.p.i.JtaPlatformInitiator       : HHH000490: Using JtaPlatform implementation: [org.hibernate.engine.transaction.jta.platform.internal.NoJtaPlatform]
2021-06-16 17:09:20.947  INFO 28056 --- [    Test worker] j.LocalContainerEntityManagerFactoryBean : Initialized JPA EntityManagerFactory for persistence unit 'default'
2021-06-16 17:09:21.315  WARN 28056 --- [    Test worker] JpaBaseConfiguration$JpaWebConfiguration : spring.jpa.open-in-view is enabled by default. Therefore, database queries may be performed during view rendering. Explicitly configure spring.jpa.open-in-view to disable this warning
2021-06-16 17:09:21.770  INFO 28056 --- [    Test worker] o.s.b.a.h2.H2ConsoleAutoConfiguration    : H2 console available at '/h2-console'. Database available at 'jdbc:h2:mem:60dd0f39-423b-4b3d-b472-f1c03d896390'
2021-06-16 17:09:22.850  INFO 28056 --- [    Test worker] c.f.j.b.repository.UserRepositoryTest    : Started UserRepositoryTest in 6.41 seconds (JVM running for 8.395)
Hibernate: 
    select
        user0_.id as id1_1_,
        user0_.created_at as created_2_1_,
        user0_.email as email3_1_,
        user0_.name as name4_1_,
        user0_.updated_at as updated_5_1_ 
    from
        user user0_ 
    where
        user0_.email=? 
        and user0_.name=?
findByEmailAndName : []
Hibernate: 
    select
        user0_.id as id1_1_,
        user0_.created_at as created_2_1_,
        user0_.email as email3_1_,
        user0_.name as name4_1_,
        user0_.updated_at as updated_5_1_ 
    from
        user user0_ 
    where
        user0_.email=? 
        or user0_.name=?
findByEmailOrName : [User(id=1, name=martin, email=martin@fastcampus.com, createdAt=2021-06-16T17:09:22.759110, updatedAt=2021-06-16T17:09:22.759110), User(id=2, name=dennis, email=dennis@fastcampus.com, createdAt=2021-06-16T17:09:22.765093, updatedAt=2021-06-16T17:09:22.765093)]
Hibernate: 
    select
        user0_.id as id1_1_,
        user0_.created_at as created_2_1_,
        user0_.email as email3_1_,
        user0_.name as name4_1_,
        user0_.updated_at as updated_5_1_ 
    from
        user user0_ 
    where
        user0_.created_at>?
findByCreatedAtAfter : [User(id=1, name=martin, email=martin@fastcampus.com, createdAt=2021-06-16T17:09:22.759110, updatedAt=2021-06-16T17:09:22.759110), User(id=2, name=dennis, email=dennis@fastcampus.com, createdAt=2021-06-16T17:09:22.765093, updatedAt=2021-06-16T17:09:22.765093), User(id=3, name=sophia, email=sophia@slowcampus.com, createdAt=2021-06-16T17:09:22.765093, updatedAt=2021-06-16T17:09:22.765093), User(id=4, name=james, email=james@slowcampus.com, createdAt=2021-06-16T17:09:22.766091, updatedAt=2021-06-16T17:09:22.766091), User(id=5, name=martin, email=martin@another.com, createdAt=2021-06-16T17:09:22.766091, updatedAt=2021-06-16T17:09:22.766091)]
Hibernate: 
    select
        user0_.id as id1_1_,
        user0_.created_at as created_2_1_,
        user0_.email as email3_1_,
        user0_.name as name4_1_,
        user0_.updated_at as updated_5_1_ 
    from
        user user0_ 
    where
        user0_.id>?
findByIdAfter : [User(id=5, name=martin, email=martin@another.com, createdAt=2021-06-16T17:09:22.766091, updatedAt=2021-06-16T17:09:22.766091)]
Hibernate: 
    select
        user0_.id as id1_1_,
        user0_.created_at as created_2_1_,
        user0_.email as email3_1_,
        user0_.name as name4_1_,
        user0_.updated_at as updated_5_1_ 
    from
        user user0_ 
    where
        user0_.created_at>?
findByCreatedAtGreaterThan : [User(id=1, name=martin, email=martin@fastcampus.com, createdAt=2021-06-16T17:09:22.759110, updatedAt=2021-06-16T17:09:22.759110), User(id=2, name=dennis, email=dennis@fastcampus.com, createdAt=2021-06-16T17:09:22.765093, updatedAt=2021-06-16T17:09:22.765093), User(id=3, name=sophia, email=sophia@slowcampus.com, createdAt=2021-06-16T17:09:22.765093, updatedAt=2021-06-16T17:09:22.765093), User(id=4, name=james, email=james@slowcampus.com, createdAt=2021-06-16T17:09:22.766091, updatedAt=2021-06-16T17:09:22.766091), User(id=5, name=martin, email=martin@another.com, createdAt=2021-06-16T17:09:22.766091, updatedAt=2021-06-16T17:09:22.766091)]
Hibernate: 
    select
        user0_.id as id1_1_,
        user0_.created_at as created_2_1_,
        user0_.email as email3_1_,
        user0_.name as name4_1_,
        user0_.updated_at as updated_5_1_ 
    from
        user user0_ 
    where
        user0_.created_at>=?
findByCreatedAtGreaterThanEqual : [User(id=1, name=martin, email=martin@fastcampus.com, createdAt=2021-06-16T17:09:22.759110, updatedAt=2021-06-16T17:09:22.759110), User(id=2, name=dennis, email=dennis@fastcampus.com, createdAt=2021-06-16T17:09:22.765093, updatedAt=2021-06-16T17:09:22.765093), User(id=3, name=sophia, email=sophia@slowcampus.com, createdAt=2021-06-16T17:09:22.765093, updatedAt=2021-06-16T17:09:22.765093), User(id=4, name=james, email=james@slowcampus.com, createdAt=2021-06-16T17:09:22.766091, updatedAt=2021-06-16T17:09:22.766091), User(id=5, name=martin, email=martin@another.com, createdAt=2021-06-16T17:09:22.766091, updatedAt=2021-06-16T17:09:22.766091)]
Hibernate: 
    select
        user0_.id as id1_1_,
        user0_.created_at as created_2_1_,
        user0_.email as email3_1_,
        user0_.name as name4_1_,
        user0_.updated_at as updated_5_1_ 
    from
        user user0_ 
    where
        user0_.created_at between ? and ?
findByCreatedAtBetween : [User(id=1, name=martin, email=martin@fastcampus.com, createdAt=2021-06-16T17:09:22.759110, updatedAt=2021-06-16T17:09:22.759110), User(id=2, name=dennis, email=dennis@fastcampus.com, createdAt=2021-06-16T17:09:22.765093, updatedAt=2021-06-16T17:09:22.765093), User(id=3, name=sophia, email=sophia@slowcampus.com, createdAt=2021-06-16T17:09:22.765093, updatedAt=2021-06-16T17:09:22.765093), User(id=4, name=james, email=james@slowcampus.com, createdAt=2021-06-16T17:09:22.766091, updatedAt=2021-06-16T17:09:22.766091), User(id=5, name=martin, email=martin@another.com, createdAt=2021-06-16T17:09:22.766091, updatedAt=2021-06-16T17:09:22.766091)]
Hibernate: 
    select
        user0_.id as id1_1_,
        user0_.created_at as created_2_1_,
        user0_.email as email3_1_,
        user0_.name as name4_1_,
        user0_.updated_at as updated_5_1_ 
    from
        user user0_ 
    where
        user0_.id between ? and ?
findByIdBetween : [User(id=1, name=martin, email=martin@fastcampus.com, createdAt=2021-06-16T17:09:22.759110, updatedAt=2021-06-16T17:09:22.759110), User(id=2, name=dennis, email=dennis@fastcampus.com, createdAt=2021-06-16T17:09:22.765093, updatedAt=2021-06-16T17:09:22.765093), User(id=3, name=sophia, email=sophia@slowcampus.com, createdAt=2021-06-16T17:09:22.765093, updatedAt=2021-06-16T17:09:22.765093)]
Hibernate: 
    select
        user0_.id as id1_1_,
        user0_.created_at as created_2_1_,
        user0_.email as email3_1_,
        user0_.name as name4_1_,
        user0_.updated_at as updated_5_1_ 
    from
        user user0_ 
    where
        user0_.id>=? 
        and user0_.id<=?
findByIdGreaterThanEqualAndLessThanEqual : [User(id=1, name=martin, email=martin@fastcampus.com, createdAt=2021-06-16T17:09:22.759110, updatedAt=2021-06-16T17:09:22.759110), User(id=2, name=dennis, email=dennis@fastcampus.com, createdAt=2021-06-16T17:09:22.765093, updatedAt=2021-06-16T17:09:22.765093), User(id=3, name=sophia, email=sophia@slowcampus.com, createdAt=2021-06-16T17:09:22.765093, updatedAt=2021-06-16T17:09:22.765093)]
Hibernate: 
    select
        user0_.id as id1_1_,
        user0_.created_at as created_2_1_,
        user0_.email as email3_1_,
        user0_.name as name4_1_,
        user0_.updated_at as updated_5_1_ 
    from
        user user0_ 
    where
        user0_.id is not null
findByIdIsNotNull : [User(id=1, name=martin, email=martin@fastcampus.com, createdAt=2021-06-16T17:09:22.759110, updatedAt=2021-06-16T17:09:22.759110), User(id=2, name=dennis, email=dennis@fastcampus.com, createdAt=2021-06-16T17:09:22.765093, updatedAt=2021-06-16T17:09:22.765093), User(id=3, name=sophia, email=sophia@slowcampus.com, createdAt=2021-06-16T17:09:22.765093, updatedAt=2021-06-16T17:09:22.765093), User(id=4, name=james, email=james@slowcampus.com, createdAt=2021-06-16T17:09:22.766091, updatedAt=2021-06-16T17:09:22.766091), User(id=5, name=martin, email=martin@another.com, createdAt=2021-06-16T17:09:22.766091, updatedAt=2021-06-16T17:09:22.766091)]
Hibernate: 
    select
        user0_.id as id1_1_,
        user0_.created_at as created_2_1_,
        user0_.email as email3_1_,
        user0_.name as name4_1_,
        user0_.updated_at as updated_5_1_ 
    from
        user user0_ 
    where
        user0_.name in (
            ? , ?
        )
findByNameIn : [User(id=1, name=martin, email=martin@fastcampus.com, createdAt=2021-06-16T17:09:22.759110, updatedAt=2021-06-16T17:09:22.759110), User(id=2, name=dennis, email=dennis@fastcampus.com, createdAt=2021-06-16T17:09:22.765093, updatedAt=2021-06-16T17:09:22.765093), User(id=5, name=martin, email=martin@another.com, createdAt=2021-06-16T17:09:22.766091, updatedAt=2021-06-16T17:09:22.766091)]
Hibernate: 
    select
        user0_.id as id1_1_,
        user0_.created_at as created_2_1_,
        user0_.email as email3_1_,
        user0_.name as name4_1_,
        user0_.updated_at as updated_5_1_ 
    from
        user user0_ 
    where
        user0_.name like ? escape ?
findByNameStartingWith : [User(id=1, name=martin, email=martin@fastcampus.com, createdAt=2021-06-16T17:09:22.759110, updatedAt=2021-06-16T17:09:22.759110), User(id=5, name=martin, email=martin@another.com, createdAt=2021-06-16T17:09:22.766091, updatedAt=2021-06-16T17:09:22.766091)]
Hibernate: 
    select
        user0_.id as id1_1_,
        user0_.created_at as created_2_1_,
        user0_.email as email3_1_,
        user0_.name as name4_1_,
        user0_.updated_at as updated_5_1_ 
    from
        user user0_ 
    where
        user0_.name like ? escape ?
findByNameEndingWith : [User(id=1, name=martin, email=martin@fastcampus.com, createdAt=2021-06-16T17:09:22.759110, updatedAt=2021-06-16T17:09:22.759110), User(id=5, name=martin, email=martin@another.com, createdAt=2021-06-16T17:09:22.766091, updatedAt=2021-06-16T17:09:22.766091)]
Hibernate: 
    select
        user0_.id as id1_1_,
        user0_.created_at as created_2_1_,
        user0_.email as email3_1_,
        user0_.name as name4_1_,
        user0_.updated_at as updated_5_1_ 
    from
        user user0_ 
    where
        user0_.name like ? escape ?
findByNameContains : [User(id=1, name=martin, email=martin@fastcampus.com, createdAt=2021-06-16T17:09:22.759110, updatedAt=2021-06-16T17:09:22.759110), User(id=5, name=martin, email=martin@another.com, createdAt=2021-06-16T17:09:22.766091, updatedAt=2021-06-16T17:09:22.766091)]
Hibernate: 
    select
        user0_.id as id1_1_,
        user0_.created_at as created_2_1_,
        user0_.email as email3_1_,
        user0_.name as name4_1_,
        user0_.updated_at as updated_5_1_ 
    from
        user user0_ 
    where
        user0_.name like ? escape ?
findByNameLike : [User(id=1, name=martin, email=martin@fastcampus.com, createdAt=2021-06-16T17:09:22.759110, updatedAt=2021-06-16T17:09:22.759110), User(id=5, name=martin, email=martin@another.com, createdAt=2021-06-16T17:09:22.766091, updatedAt=2021-06-16T17:09:22.766091)]
]]></system-out>
  <system-err><![CDATA[]]></system-err>
</testsuite>
