<?xml version="1.0" encoding="UTF-8"?>
<testsuite name="com.example.springcalculator.SpringCalculatorApplicationTests" tests="1" skipped="0" failures="0" errors="0" timestamp="2021-05-28T10:33:21" hostname="LAPTOP-IPOJ3GNM" time="0.004">
  <properties/>
  <testcase name="contextLoads()" classname="com.example.springcalculator.SpringCalculatorApplicationTests" time="0.004"/>
  <system-out><![CDATA[2021-05-28 19:33:20.214  INFO 36924 --- [    Test worker] .b.t.c.SpringBootTestContextBootstrapper : Neither @ContextConfiguration nor @ContextHierarchy found for test class [com.example.springcalculator.SpringCalculatorApplicationTests], using SpringBootContextLoader
2021-05-28 19:33:20.217  INFO 36924 --- [    Test worker] o.s.t.c.support.AbstractContextLoader    : Could not detect default resource locations for test class [com.example.springcalculator.SpringCalculatorApplicationTests]: no resource found for suffixes {-context.xml, Context.groovy}.
2021-05-28 19:33:20.217  INFO 36924 --- [    Test worker] t.c.s.AnnotationConfigContextLoaderUtils : Could not detect default configuration classes for test class [com.example.springcalculator.SpringCalculatorApplicationTests]: SpringCalculatorApplicationTests does not declare any static, non-private, non-final, nested classes annotated with @Configuration.
2021-05-28 19:33:20.237  INFO 36924 --- [    Test worker] .b.t.c.SpringBootTestContextBootstrapper : Found @SpringBootConfiguration com.example.springcalculator.SpringCalculatorApplication for test class com.example.springcalculator.SpringCalculatorApplicationTests
2021-05-28 19:33:20.240  INFO 36924 --- [    Test worker] .b.t.c.SpringBootTestContextBootstrapper : Loaded default TestExecutionListener class names from location [META-INF/spring.factories]: [org.springframework.boot.test.autoconfigure.restdocs.RestDocsTestExecutionListener, org.springframework.boot.test.autoconfigure.web.client.MockRestServiceServerResetTestExecutionListener, org.springframework.boot.test.autoconfigure.web.servlet.MockMvcPrintOnlyOnFailureTestExecutionListener, org.springframework.boot.test.autoconfigure.web.servlet.WebDriverTestExecutionListener, org.springframework.boot.test.autoconfigure.webservices.client.MockWebServiceServerTestExecutionListener, org.springframework.boot.test.mock.mockito.MockitoTestExecutionListener, org.springframework.boot.test.mock.mockito.ResetMocksTestExecutionListener, org.springframework.test.context.web.ServletTestExecutionListener, org.springframework.test.context.support.DirtiesContextBeforeModesTestExecutionListener, org.springframework.test.context.event.ApplicationEventsTestExecutionListener, org.springframework.test.context.support.DependencyInjectionTestExecutionListener, org.springframework.test.context.support.DirtiesContextTestExecutionListener, org.springframework.test.context.transaction.TransactionalTestExecutionListener, org.springframework.test.context.jdbc.SqlScriptsTestExecutionListener, org.springframework.test.context.event.EventPublishingTestExecutionListener]
2021-05-28 19:33:20.241  INFO 36924 --- [    Test worker] .b.t.c.SpringBootTestContextBootstrapper : Using TestExecutionListeners: [org.springframework.test.context.web.ServletTestExecutionListener@2288706d, org.springframework.test.context.support.DirtiesContextBeforeModesTestExecutionListener@b67d252, org.springframework.test.context.event.ApplicationEventsTestExecutionListener@247bfe9, org.springframework.boot.test.mock.mockito.MockitoTestExecutionListener@7312bd05, org.springframework.boot.test.autoconfigure.SpringBootDependencyInjectionTestExecutionListener@1278a012, org.springframework.test.context.support.DirtiesContextTestExecutionListener@27b8154d, org.springframework.test.context.event.EventPublishingTestExecutionListener@18bf5ea4, org.springframework.boot.test.autoconfigure.restdocs.RestDocsTestExecutionListener@7ea32223, org.springframework.boot.test.autoconfigure.web.client.MockRestServiceServerResetTestExecutionListener@290c65d5, org.springframework.boot.test.autoconfigure.web.servlet.MockMvcPrintOnlyOnFailureTestExecutionListener@4ef91fc4, org.springframework.boot.test.autoconfigure.web.servlet.WebDriverTestExecutionListener@2cd122c1, org.springframework.boot.test.autoconfigure.webservices.client.MockWebServiceServerTestExecutionListener@4b04af42, org.springframework.boot.test.mock.mockito.ResetMocksTestExecutionListener@1ec493a]

  .   ____          _            __ _ _
 /\\ / ___'_ __ _ _(_)_ __  __ _ \ \ \ \
( ( )\___ | '_ | '_| | '_ \/ _` | \ \ \ \
 \\/  ___)| |_)| | | | | || (_| |  ) ) ) )
  '  |____| .__|_| |_|_| |_\__, | / / / /
 =========|_|==============|___/=/_/_/_/
 :: Spring Boot ::                (v2.5.0)

2021-05-28 19:33:20.284  INFO 36924 --- [    Test worker] c.e.s.SpringCalculatorApplicationTests   : Starting SpringCalculatorApplicationTests using Java 11.0.11 on LAPTOP-IPOJ3GNM with PID 36924 (started by rlaeh in C:\Users\rlaeh\IdeaProjects\spring-calculator)
2021-05-28 19:33:20.285  INFO 36924 --- [    Test worker] c.e.s.SpringCalculatorApplicationTests   : No active profile set, falling back to default profiles: default
2021-05-28 19:33:21.225  INFO 36924 --- [    Test worker] c.e.s.SpringCalculatorApplicationTests   : Started SpringCalculatorApplicationTests in 0.981 seconds (JVM running for 10.108)
2021-05-28 19:33:21.226  INFO 36924 --- [    Test worker] o.s.b.a.ApplicationAvailabilityBean      : Application availability state LivenessState changed to CORRECT
2021-05-28 19:33:21.228  INFO 36924 --- [    Test worker] o.s.b.a.ApplicationAvailabilityBean      : Application availability state ReadinessState changed to ACCEPTING_TRAFFIC
]]></system-out>
  <system-err><![CDATA[]]></system-err>
</testsuite>
