<?xml version="1.0" encoding="UTF-8"?>
<testsuite name="com.example.springcalculator.controller.CalculatorApiControllerTest" tests="2" skipped="0" failures="0" errors="0" timestamp="2021-05-28T10:33:19" hostname="LAPTOP-IPOJ3GNM" time="0.529">
  <properties/>
  <testcase name="sumTest()" classname="com.example.springcalculator.controller.CalculatorApiControllerTest" time="0.189"/>
  <testcase name="minusTest()" classname="com.example.springcalculator.controller.CalculatorApiControllerTest" time="0.337"/>
  <system-out><![CDATA[2021-05-28 19:33:18.860  INFO 36924 --- [    Test worker] .b.t.a.w.s.WebMvcTestContextBootstrapper : Neither @ContextConfiguration nor @ContextHierarchy found for test class [com.example.springcalculator.controller.CalculatorApiControllerTest], using SpringBootContextLoader
2021-05-28 19:33:18.862  INFO 36924 --- [    Test worker] o.s.t.c.support.AbstractContextLoader    : Could not detect default resource locations for test class [com.example.springcalculator.controller.CalculatorApiControllerTest]: no resource found for suffixes {-context.xml, Context.groovy}.
2021-05-28 19:33:18.863  INFO 36924 --- [    Test worker] t.c.s.AnnotationConfigContextLoaderUtils : Could not detect default configuration classes for test class [com.example.springcalculator.controller.CalculatorApiControllerTest]: CalculatorApiControllerTest does not declare any static, non-private, non-final, nested classes annotated with @Configuration.
2021-05-28 19:33:18.911  INFO 36924 --- [    Test worker] .b.t.c.SpringBootTestContextBootstrapper : Found @SpringBootConfiguration com.example.springcalculator.SpringCalculatorApplication for test class com.example.springcalculator.controller.CalculatorApiControllerTest
2021-05-28 19:33:18.913  INFO 36924 --- [    Test worker] .b.t.a.w.s.WebMvcTestContextBootstrapper : Loaded default TestExecutionListener class names from location [META-INF/spring.factories]: [org.springframework.boot.test.autoconfigure.restdocs.RestDocsTestExecutionListener, org.springframework.boot.test.autoconfigure.web.client.MockRestServiceServerResetTestExecutionListener, org.springframework.boot.test.autoconfigure.web.servlet.MockMvcPrintOnlyOnFailureTestExecutionListener, org.springframework.boot.test.autoconfigure.web.servlet.WebDriverTestExecutionListener, org.springframework.boot.test.autoconfigure.webservices.client.MockWebServiceServerTestExecutionListener, org.springframework.boot.test.mock.mockito.MockitoTestExecutionListener, org.springframework.boot.test.mock.mockito.ResetMocksTestExecutionListener, org.springframework.test.context.web.ServletTestExecutionListener, org.springframework.test.context.support.DirtiesContextBeforeModesTestExecutionListener, org.springframework.test.context.event.ApplicationEventsTestExecutionListener, org.springframework.test.context.support.DependencyInjectionTestExecutionListener, org.springframework.test.context.support.DirtiesContextTestExecutionListener, org.springframework.test.context.transaction.TransactionalTestExecutionListener, org.springframework.test.context.jdbc.SqlScriptsTestExecutionListener, org.springframework.test.context.event.EventPublishingTestExecutionListener]
2021-05-28 19:33:18.916  INFO 36924 --- [    Test worker] .b.t.a.w.s.WebMvcTestContextBootstrapper : Using TestExecutionListeners: [org.springframework.test.context.web.ServletTestExecutionListener@24105e0c, org.springframework.test.context.support.DirtiesContextBeforeModesTestExecutionListener@58755e5, org.springframework.test.context.event.ApplicationEventsTestExecutionListener@3761424b, org.springframework.boot.test.mock.mockito.MockitoTestExecutionListener@36f0c000, org.springframework.boot.test.autoconfigure.SpringBootDependencyInjectionTestExecutionListener@103608ec, org.springframework.test.context.support.DirtiesContextTestExecutionListener@2fa14f72, org.springframework.test.context.event.EventPublishingTestExecutionListener@12ef23d7, org.springframework.boot.test.autoconfigure.restdocs.RestDocsTestExecutionListener@222f114a, org.springframework.boot.test.autoconfigure.web.client.MockRestServiceServerResetTestExecutionListener@27e0c8b, org.springframework.boot.test.autoconfigure.web.servlet.MockMvcPrintOnlyOnFailureTestExecutionListener@27810969, org.springframework.boot.test.autoconfigure.web.servlet.WebDriverTestExecutionListener@4c1b67d5, org.springframework.boot.test.autoconfigure.webservices.client.MockWebServiceServerTestExecutionListener@16e48a5d, org.springframework.boot.test.mock.mockito.ResetMocksTestExecutionListener@640cc65e]

  .   ____          _            __ _ _
 /\\ / ___'_ __ _ _(_)_ __  __ _ \ \ \ \
( ( )\___ | '_ | '_| | '_ \/ _` | \ \ \ \
 \\/  ___)| |_)| | | | | || (_| |  ) ) ) )
  '  |____| .__|_| |_|_| |_\__, | / / / /
 =========|_|==============|___/=/_/_/_/
 :: Spring Boot ::                (v2.5.0)

2021-05-28 19:33:18.998  INFO 36924 --- [    Test worker] c.e.s.c.CalculatorApiControllerTest      : Starting CalculatorApiControllerTest using Java 11.0.11 on LAPTOP-IPOJ3GNM with PID 36924 (started by rlaeh in C:\Users\rlaeh\IdeaProjects\spring-calculator)
2021-05-28 19:33:19.000  INFO 36924 --- [    Test worker] c.e.s.c.CalculatorApiControllerTest      : No active profile set, falling back to default profiles: default
2021-05-28 19:33:19.648  INFO 36924 --- [    Test worker] o.s.b.t.m.w.SpringBootMockServletContext : Initializing Spring TestDispatcherServlet ''
2021-05-28 19:33:19.648  INFO 36924 --- [    Test worker] o.s.t.web.servlet.TestDispatcherServlet  : Initializing Servlet ''
2021-05-28 19:33:19.649  INFO 36924 --- [    Test worker] o.s.t.web.servlet.TestDispatcherServlet  : Completed initialization in 1 ms
2021-05-28 19:33:19.671  INFO 36924 --- [    Test worker] c.e.s.c.CalculatorApiControllerTest      : Started CalculatorApiControllerTest in 0.751 seconds (JVM running for 8.554)

MockHttpServletRequest:
      HTTP Method = GET
      Request URI = /api/sum
       Parameters = {x=[10], y=[10]}
          Headers = []
             Body = null
    Session Attrs = {}

Handler:
             Type = com.example.springcalculator.controller.CalculatorApiController
           Method = com.example.springcalculator.controller.CalculatorApiController#sum(int, int)

Async:
    Async started = false
     Async result = null

Resolved Exception:
             Type = null

ModelAndView:
        View name = null
             View = null
            Model = null

FlashMap:
       Attributes = null

MockHttpServletResponse:
           Status = 200
    Error message = null
          Headers = [Content-Type:"application/json"]
     Content type = application/json
             Body = 60000
    Forwarded URL = null
   Redirected URL = null
          Cookies = []

MockHttpServletRequest:
      HTTP Method = POST
      Request URI = /api/minus
       Parameters = {}
          Headers = [Content-Type:"application/json;charset=UTF-8", Content-Length:"15"]
             Body = {"x":10,"y":10}
    Session Attrs = {}

Handler:
             Type = com.example.springcalculator.controller.CalculatorApiController
           Method = com.example.springcalculator.controller.CalculatorApiController#minus(Req)

Async:
    Async started = false
     Async result = null

Resolved Exception:
             Type = null

ModelAndView:
        View name = null
             View = null
            Model = null

FlashMap:
       Attributes = null

MockHttpServletResponse:
           Status = 200
    Error message = null
          Headers = [Content-Type:"application/json"]
     Content type = application/json
             Body = {"result":0,"response":{"resultCode":"OK"}}
    Forwarded URL = null
   Redirected URL = null
          Cookies = []
]]></system-out>
  <system-err><![CDATA[]]></system-err>
</testsuite>
