<?xml version="1.0" encoding="UTF-8"?>
<testsuite name="com.sp.fc.web.BasicAuthenticationTest" tests="1" skipped="0" failures="0" errors="0" timestamp="2021-06-25T05:22:36" hostname="LAPTOP-IPOJ3GNM" time="1.118">
  <properties/>
  <testcase name="4. POST 인증" classname="com.sp.fc.web.BasicAuthenticationTest" time="1.118"/>
  <system-out><![CDATA[14:22:33.150 [Test worker] DEBUG org.springframework.test.context.BootstrapUtils - Instantiating CacheAwareContextLoaderDelegate from class [org.springframework.test.context.cache.DefaultCacheAwareContextLoaderDelegate]
14:22:33.166 [Test worker] DEBUG org.springframework.test.context.BootstrapUtils - Instantiating BootstrapContext using constructor [public org.springframework.test.context.support.DefaultBootstrapContext(java.lang.Class,org.springframework.test.context.CacheAwareContextLoaderDelegate)]
14:22:33.203 [Test worker] DEBUG org.springframework.test.context.BootstrapUtils - Instantiating TestContextBootstrapper for test class [com.sp.fc.web.BasicAuthenticationTest] from class [org.springframework.boot.test.context.SpringBootTestContextBootstrapper]
14:22:33.218 [Test worker] INFO org.springframework.boot.test.context.SpringBootTestContextBootstrapper - Neither @ContextConfiguration nor @ContextHierarchy found for test class [com.sp.fc.web.BasicAuthenticationTest], using SpringBootContextLoader
14:22:33.222 [Test worker] DEBUG org.springframework.test.context.support.AbstractContextLoader - Did not detect default resource location for test class [com.sp.fc.web.BasicAuthenticationTest]: class path resource [com/sp/fc/web/BasicAuthenticationTest-context.xml] does not exist
14:22:33.222 [Test worker] DEBUG org.springframework.test.context.support.AbstractContextLoader - Did not detect default resource location for test class [com.sp.fc.web.BasicAuthenticationTest]: class path resource [com/sp/fc/web/BasicAuthenticationTestContext.groovy] does not exist
14:22:33.222 [Test worker] INFO org.springframework.test.context.support.AbstractContextLoader - Could not detect default resource locations for test class [com.sp.fc.web.BasicAuthenticationTest]: no resource found for suffixes {-context.xml, Context.groovy}.
14:22:33.223 [Test worker] INFO org.springframework.test.context.support.AnnotationConfigContextLoaderUtils - Could not detect default configuration classes for test class [com.sp.fc.web.BasicAuthenticationTest]: BasicAuthenticationTest does not declare any static, non-private, non-final, nested classes annotated with @Configuration.
14:22:33.277 [Test worker] DEBUG org.springframework.test.context.support.ActiveProfilesUtils - Could not find an 'annotation declaring class' for annotation type [org.springframework.test.context.ActiveProfiles] and class [com.sp.fc.web.BasicAuthenticationTest]
14:22:33.342 [Test worker] DEBUG org.springframework.context.annotation.ClassPathScanningCandidateComponentProvider - Identified candidate component class: file [C:\Users\rlaeh\fastcampus\lec5\sp-fastcampus-spring-sec\server\basic-authentication-test\build\classes\java\main\com\sp\fc\web\BasicAuthentionTestApplication.class]
14:22:33.344 [Test worker] INFO org.springframework.boot.test.context.SpringBootTestContextBootstrapper - Found @SpringBootConfiguration com.sp.fc.web.BasicAuthentionTestApplication for test class com.sp.fc.web.BasicAuthenticationTest
14:22:33.441 [Test worker] DEBUG org.springframework.boot.test.context.SpringBootTestContextBootstrapper - @TestExecutionListeners is not present for class [com.sp.fc.web.BasicAuthenticationTest]: using defaults.
14:22:33.441 [Test worker] INFO org.springframework.boot.test.context.SpringBootTestContextBootstrapper - Loaded default TestExecutionListener class names from location [META-INF/spring.factories]: [org.springframework.boot.test.autoconfigure.restdocs.RestDocsTestExecutionListener, org.springframework.boot.test.autoconfigure.web.client.MockRestServiceServerResetTestExecutionListener, org.springframework.boot.test.autoconfigure.web.servlet.MockMvcPrintOnlyOnFailureTestExecutionListener, org.springframework.boot.test.autoconfigure.web.servlet.WebDriverTestExecutionListener, org.springframework.boot.test.autoconfigure.webservices.client.MockWebServiceServerTestExecutionListener, org.springframework.boot.test.mock.mockito.MockitoTestExecutionListener, org.springframework.boot.test.mock.mockito.ResetMocksTestExecutionListener, org.springframework.test.context.web.ServletTestExecutionListener, org.springframework.test.context.support.DirtiesContextBeforeModesTestExecutionListener, org.springframework.test.context.support.DependencyInjectionTestExecutionListener, org.springframework.test.context.support.DirtiesContextTestExecutionListener, org.springframework.test.context.transaction.TransactionalTestExecutionListener, org.springframework.test.context.jdbc.SqlScriptsTestExecutionListener, org.springframework.test.context.event.EventPublishingTestExecutionListener]
14:22:33.455 [Test worker] DEBUG org.springframework.boot.test.context.SpringBootTestContextBootstrapper - Skipping candidate TestExecutionListener [org.springframework.test.context.transaction.TransactionalTestExecutionListener] due to a missing dependency. Specify custom listener classes or make the default listener classes and their required dependencies available. Offending class: [org/springframework/transaction/interceptor/TransactionAttributeSource]
14:22:33.456 [Test worker] DEBUG org.springframework.boot.test.context.SpringBootTestContextBootstrapper - Skipping candidate TestExecutionListener [org.springframework.test.context.jdbc.SqlScriptsTestExecutionListener] due to a missing dependency. Specify custom listener classes or make the default listener classes and their required dependencies available. Offending class: [org/springframework/transaction/interceptor/TransactionAttribute]
14:22:33.456 [Test worker] INFO org.springframework.boot.test.context.SpringBootTestContextBootstrapper - Using TestExecutionListeners: [org.springframework.test.context.web.ServletTestExecutionListener@2fb05103, org.springframework.test.context.support.DirtiesContextBeforeModesTestExecutionListener@1479fe3e, org.springframework.boot.test.mock.mockito.MockitoTestExecutionListener@55335034, org.springframework.boot.test.autoconfigure.SpringBootDependencyInjectionTestExecutionListener@720d7b41, org.springframework.test.context.support.DirtiesContextTestExecutionListener@5f98044a, org.springframework.test.context.event.EventPublishingTestExecutionListener@4cb9989, org.springframework.boot.test.autoconfigure.restdocs.RestDocsTestExecutionListener@4bb6dbd4, org.springframework.boot.test.autoconfigure.web.client.MockRestServiceServerResetTestExecutionListener@52786690, org.springframework.boot.test.autoconfigure.web.servlet.MockMvcPrintOnlyOnFailureTestExecutionListener@4ddd92c1, org.springframework.boot.test.autoconfigure.web.servlet.WebDriverTestExecutionListener@15825d22, org.springframework.boot.test.autoconfigure.webservices.client.MockWebServiceServerTestExecutionListener@68975c3d, org.springframework.boot.test.mock.mockito.ResetMocksTestExecutionListener@79caeb59]
14:22:33.460 [Test worker] DEBUG org.springframework.test.context.support.AbstractDirtiesContextTestExecutionListener - Before test class: context [DefaultTestContext@7b3b31dc testClass = BasicAuthenticationTest, testInstance = [null], testMethod = [null], testException = [null], mergedContextConfiguration = [WebMergedContextConfiguration@3f59aa79 testClass = BasicAuthenticationTest, locations = '{}', classes = '{class com.sp.fc.web.BasicAuthentionTestApplication}', contextInitializerClasses = '[]', activeProfiles = '{}', propertySourceLocations = '{}', propertySourceProperties = '{org.springframework.boot.test.context.SpringBootTestContextBootstrapper=true, server.port=0}', contextCustomizers = set[org.springframework.boot.test.autoconfigure.actuate.metrics.MetricsExportContextCustomizerFactory$DisableMetricExportContextCustomizer@2d14d2b, org.springframework.boot.test.autoconfigure.properties.PropertyMappingContextCustomizer@0, org.springframework.boot.test.autoconfigure.web.servlet.WebDriverContextCustomizerFactory$Customizer@296e0ddd, org.springframework.boot.test.context.filter.ExcludeFilterContextCustomizer@6b1aee0f, org.springframework.boot.test.json.DuplicateJsonObjectContextCustomizerFactory$DuplicateJsonObjectContextCustomizer@35b9d849, org.springframework.boot.test.mock.mockito.MockitoContextCustomizer@0, org.springframework.boot.test.web.client.TestRestTemplateContextCustomizer@1683499c, org.springframework.boot.test.context.SpringBootTestArgs@1, org.springframework.boot.test.context.SpringBootTestWebEnvironment@450d27af], resourceBasePath = 'src/main/webapp', contextLoader = 'org.springframework.boot.test.context.SpringBootContextLoader', parent = [null]], attributes = map['org.springframework.test.context.web.ServletTestExecutionListener.activateListener' -> false]], class annotated with @DirtiesContext [false] with mode [null].
14:22:33.693 [Test worker] DEBUG org.springframework.test.context.support.DependencyInjectionTestExecutionListener - Performing dependency injection for test context [[DefaultTestContext@7b3b31dc testClass = BasicAuthenticationTest, testInstance = com.sp.fc.web.BasicAuthenticationTest@624a6081, testMethod = [null], testException = [null], mergedContextConfiguration = [WebMergedContextConfiguration@3f59aa79 testClass = BasicAuthenticationTest, locations = '{}', classes = '{class com.sp.fc.web.BasicAuthentionTestApplication}', contextInitializerClasses = '[]', activeProfiles = '{}', propertySourceLocations = '{}', propertySourceProperties = '{org.springframework.boot.test.context.SpringBootTestContextBootstrapper=true, server.port=0}', contextCustomizers = set[org.springframework.boot.test.autoconfigure.actuate.metrics.MetricsExportContextCustomizerFactory$DisableMetricExportContextCustomizer@2d14d2b, org.springframework.boot.test.autoconfigure.properties.PropertyMappingContextCustomizer@0, org.springframework.boot.test.autoconfigure.web.servlet.WebDriverContextCustomizerFactory$Customizer@296e0ddd, org.springframework.boot.test.context.filter.ExcludeFilterContextCustomizer@6b1aee0f, org.springframework.boot.test.json.DuplicateJsonObjectContextCustomizerFactory$DuplicateJsonObjectContextCustomizer@35b9d849, org.springframework.boot.test.mock.mockito.MockitoContextCustomizer@0, org.springframework.boot.test.web.client.TestRestTemplateContextCustomizer@1683499c, org.springframework.boot.test.context.SpringBootTestArgs@1, org.springframework.boot.test.context.SpringBootTestWebEnvironment@450d27af], resourceBasePath = 'src/main/webapp', contextLoader = 'org.springframework.boot.test.context.SpringBootContextLoader', parent = [null]], attributes = map['org.springframework.test.context.web.ServletTestExecutionListener.activateListener' -> false]]].
14:22:33.715 [Test worker] DEBUG org.springframework.test.context.support.TestPropertySourceUtils - Adding inlined properties to environment: {spring.jmx.enabled=false, org.springframework.boot.test.context.SpringBootTestContextBootstrapper=true, server.port=0}

  .   ____          _            __ _ _
 /\\ / ___'_ __ _ _(_)_ __  __ _ \ \ \ \
( ( )\___ | '_ | '_| | '_ \/ _` | \ \ \ \
 \\/  ___)| |_)| | | | | || (_| |  ) ) ) )
  '  |____| .__|_| |_|_| |_\__, | / / / /
 =========|_|==============|___/=/_/_/_/
 :: Spring Boot ::                (v2.4.1)

2021-06-25 14:22:34.089  INFO 33592 --- [    Test worker] com.sp.fc.web.BasicAuthenticationTest    : Starting BasicAuthenticationTest using Java 11.0.11 on LAPTOP-IPOJ3GNM with PID 33592 (started by rlaeh in C:\Users\rlaeh\fastcampus\lec5\sp-fastcampus-spring-sec\server\basic-authentication-test)
2021-06-25 14:22:34.091  INFO 33592 --- [    Test worker] com.sp.fc.web.BasicAuthenticationTest    : No active profile set, falling back to default profiles: default
2021-06-25 14:22:35.410  INFO 33592 --- [    Test worker] o.s.b.w.embedded.tomcat.TomcatWebServer  : Tomcat initialized with port(s): 0 (http)
2021-06-25 14:22:35.423  INFO 33592 --- [    Test worker] o.apache.catalina.core.StandardService   : Starting service [Tomcat]
2021-06-25 14:22:35.424  INFO 33592 --- [    Test worker] org.apache.catalina.core.StandardEngine  : Starting Servlet engine: [Apache Tomcat/9.0.41]
2021-06-25 14:22:35.611  INFO 33592 --- [    Test worker] o.a.c.c.C.[Tomcat].[localhost].[/]       : Initializing Spring embedded WebApplicationContext
2021-06-25 14:22:35.612  INFO 33592 --- [    Test worker] w.s.c.ServletWebServerApplicationContext : Root WebApplicationContext: initialization completed in 1263 ms
2021-06-25 14:22:35.913  WARN 33592 --- [    Test worker] o.s.security.core.userdetails.User       : User.withDefaultPasswordEncoder() is considered unsafe for production and is only intended for sample applications.
2021-06-25 14:22:36.141  INFO 33592 --- [    Test worker] o.s.s.web.DefaultSecurityFilterChain     : Will secure any request with [org.springframework.security.web.context.request.async.WebAsyncManagerIntegrationFilter@50164594, org.springframework.security.web.context.SecurityContextPersistenceFilter@3ec63adb, org.springframework.security.web.header.HeaderWriterFilter@3884d1e7, org.springframework.security.web.authentication.logout.LogoutFilter@20d56c29, org.springframework.security.web.authentication.www.BasicAuthenticationFilter@4afc7fa5, org.springframework.security.web.savedrequest.RequestCacheAwareFilter@3b0413f6, org.springframework.security.web.servletapi.SecurityContextHolderAwareRequestFilter@15ad82b6, org.springframework.security.web.authentication.AnonymousAuthenticationFilter@7c06fe47, org.springframework.security.web.session.SessionManagementFilter@7750db70, org.springframework.security.web.access.ExceptionTranslationFilter@65aec5eb, org.springframework.security.web.access.intercept.FilterSecurityInterceptor@1e2464ac]
2021-06-25 14:22:36.365  INFO 33592 --- [    Test worker] o.s.s.concurrent.ThreadPoolTaskExecutor  : Initializing ExecutorService 'applicationTaskExecutor'
2021-06-25 14:22:36.648  WARN 33592 --- [    Test worker] ion$DefaultTemplateResolverConfiguration : Cannot find template location: classpath:/templates/ (please add some templates or check your Thymeleaf configuration)
2021-06-25 14:22:36.839  INFO 33592 --- [    Test worker] o.s.b.w.embedded.tomcat.TomcatWebServer  : Tomcat started on port(s): 14886 (http) with context path ''
2021-06-25 14:22:36.849  INFO 33592 --- [    Test worker] com.sp.fc.web.BasicAuthenticationTest    : Started BasicAuthenticationTest in 3.13 seconds (JVM running for 4.844)
2021-06-25 14:22:37.446  INFO 33592 --- [o-auto-1-exec-1] o.a.c.c.C.[Tomcat].[localhost].[/]       : Initializing Spring DispatcherServlet 'dispatcherServlet'
2021-06-25 14:22:37.447  INFO 33592 --- [o-auto-1-exec-1] o.s.web.servlet.DispatcherServlet        : Initializing Servlet 'dispatcherServlet'
2021-06-25 14:22:37.448  INFO 33592 --- [o-auto-1-exec-1] o.s.web.servlet.DispatcherServlet        : Completed initialization in 1 ms
2021-06-25 14:22:37.917  WARN 33592 --- [o-auto-1-exec-1] o.a.c.util.SessionIdGeneratorBase        : Creation of SecureRandom instance for session ID generation using [SHA1PRNG] took [312] milliseconds.
]]></system-out>
  <system-err><![CDATA[]]></system-err>
</testsuite>
