<?xml version="1.0" encoding="UTF-8"?>
<testsuite name="DollarCalculatorTest" tests="3" skipped="0" failures="0" errors="0" timestamp="2021-05-28T08:13:59" hostname="LAPTOP-IPOJ3GNM" time="0.463">
  <properties/>
  <testcase name="dollarTest()" classname="DollarCalculatorTest" time="0.455"/>
  <testcase name="testHello()" classname="DollarCalculatorTest" time="0.003"/>
  <testcase name="mockTest()" classname="DollarCalculatorTest" time="0.004"/>
  <system-out><![CDATA[22000
hello
60000
]]></system-out>
  <system-err><![CDATA[]]></system-err>
</testsuite>
