<?xml version="1.0" encoding="UTF-8"?>
<testsuite name="학습자가 시험지를 푸는 것에 대해서 테스트 한다." tests="7" skipped="0" failures="0" errors="0" timestamp="2021-07-30T07:57:48" hostname="LAPTOP-IPOJ3GNM" time="0.765">
  <properties/>
  <testcase name="7. 상태에 따라 시험지가 조회된다." classname="com.sp.fc.paper.service.PaperSolveTest" time="0.474"/>
  <testcase name="4. 1번 문제 풀고 중간에 제출해 버린다." classname="com.sp.fc.paper.service.PaperSolveTest" time="0.04"/>
  <testcase name="5. 2문제 풀고 중간에 제출해 버린다." classname="com.sp.fc.paper.service.PaperSolveTest" time="0.034"/>
  <testcase name="1. 시험지를 모두 풀어서 100점을 맞는다." classname="com.sp.fc.paper.service.PaperSolveTest" time="0.057"/>
  <testcase name="6. 문제를 풀지 않고 그냥 제출해 버린다." classname="com.sp.fc.paper.service.PaperSolveTest" time="0.062"/>
  <testcase name="3. 문제를 모두 틀려서 0점을 맞는다." classname="com.sp.fc.paper.service.PaperSolveTest" time="0.042"/>
  <testcase name="2. 문제를 한개 틀려서 50점을 맞는다." classname="com.sp.fc.paper.service.PaperSolveTest" time="0.043"/>
  <system-out><![CDATA[16:57:44.915 [Test worker] DEBUG org.springframework.test.context.BootstrapUtils - Instantiating CacheAwareContextLoaderDelegate from class [org.springframework.test.context.cache.DefaultCacheAwareContextLoaderDelegate]
16:57:44.928 [Test worker] DEBUG org.springframework.test.context.BootstrapUtils - Instantiating BootstrapContext using constructor [public org.springframework.test.context.support.DefaultBootstrapContext(java.lang.Class,org.springframework.test.context.CacheAwareContextLoaderDelegate)]
16:57:44.972 [Test worker] DEBUG org.springframework.test.context.BootstrapUtils - Instantiating TestContextBootstrapper for test class [com.sp.fc.paper.service.PaperSolveTest] from class [org.springframework.boot.test.autoconfigure.orm.jpa.DataJpaTestContextBootstrapper]
16:57:44.985 [Test worker] INFO org.springframework.boot.test.autoconfigure.orm.jpa.DataJpaTestContextBootstrapper - Neither @ContextConfiguration nor @ContextHierarchy found for test class [com.sp.fc.paper.service.PaperSolveTest], using SpringBootContextLoader
16:57:44.990 [Test worker] DEBUG org.springframework.test.context.support.AbstractContextLoader - Did not detect default resource location for test class [com.sp.fc.paper.service.PaperSolveTest]: class path resource [com/sp/fc/paper/service/PaperSolveTest-context.xml] does not exist
16:57:44.991 [Test worker] DEBUG org.springframework.test.context.support.AbstractContextLoader - Did not detect default resource location for test class [com.sp.fc.paper.service.PaperSolveTest]: class path resource [com/sp/fc/paper/service/PaperSolveTestContext.groovy] does not exist
16:57:44.991 [Test worker] INFO org.springframework.test.context.support.AbstractContextLoader - Could not detect default resource locations for test class [com.sp.fc.paper.service.PaperSolveTest]: no resource found for suffixes {-context.xml, Context.groovy}.
16:57:44.992 [Test worker] INFO org.springframework.test.context.support.AnnotationConfigContextLoaderUtils - Could not detect default configuration classes for test class [com.sp.fc.paper.service.PaperSolveTest]: PaperSolveTest does not declare any static, non-private, non-final, nested classes annotated with @Configuration.
16:57:45.052 [Test worker] DEBUG org.springframework.test.context.support.ActiveProfilesUtils - Could not find an 'annotation declaring class' for annotation type [org.springframework.test.context.ActiveProfiles] and class [com.sp.fc.paper.service.PaperSolveTest]
16:57:45.125 [Test worker] DEBUG org.springframework.context.annotation.ClassPathScanningCandidateComponentProvider - Identified candidate component class: file [C:\Users\rlaeh\fastcampus\lec16\sp-fastcampus-spring-sec\comp\paper\build\classes\java\test\com\sp\fc\paper\PaperTestApp.class]
16:57:45.127 [Test worker] INFO org.springframework.boot.test.context.SpringBootTestContextBootstrapper - Found @SpringBootConfiguration com.sp.fc.paper.PaperTestApp for test class com.sp.fc.paper.service.PaperSolveTest
16:57:45.129 [Test worker] DEBUG org.springframework.boot.test.autoconfigure.orm.jpa.DataJpaTestContextBootstrapper - @TestExecutionListeners is not present for class [com.sp.fc.paper.service.PaperSolveTest]: using defaults.
16:57:45.130 [Test worker] INFO org.springframework.boot.test.autoconfigure.orm.jpa.DataJpaTestContextBootstrapper - Loaded default TestExecutionListener class names from location [META-INF/spring.factories]: [org.springframework.boot.test.autoconfigure.restdocs.RestDocsTestExecutionListener, org.springframework.boot.test.autoconfigure.web.client.MockRestServiceServerResetTestExecutionListener, org.springframework.boot.test.autoconfigure.web.servlet.MockMvcPrintOnlyOnFailureTestExecutionListener, org.springframework.boot.test.autoconfigure.web.servlet.WebDriverTestExecutionListener, org.springframework.boot.test.autoconfigure.webservices.client.MockWebServiceServerTestExecutionListener, org.springframework.boot.test.mock.mockito.MockitoTestExecutionListener, org.springframework.boot.test.mock.mockito.ResetMocksTestExecutionListener, org.springframework.test.context.web.ServletTestExecutionListener, org.springframework.test.context.support.DirtiesContextBeforeModesTestExecutionListener, org.springframework.test.context.support.DependencyInjectionTestExecutionListener, org.springframework.test.context.support.DirtiesContextTestExecutionListener, org.springframework.test.context.transaction.TransactionalTestExecutionListener, org.springframework.test.context.jdbc.SqlScriptsTestExecutionListener, org.springframework.test.context.event.EventPublishingTestExecutionListener]
16:57:45.141 [Test worker] DEBUG org.springframework.boot.test.autoconfigure.orm.jpa.DataJpaTestContextBootstrapper - Skipping candidate TestExecutionListener [org.springframework.test.context.web.ServletTestExecutionListener] due to a missing dependency. Specify custom listener classes or make the default listener classes and their required dependencies available. Offending class: [javax/servlet/ServletContext]
16:57:45.148 [Test worker] INFO org.springframework.boot.test.autoconfigure.orm.jpa.DataJpaTestContextBootstrapper - Using TestExecutionListeners: [org.springframework.test.context.support.DirtiesContextBeforeModesTestExecutionListener@4d8ddd38, org.springframework.boot.test.mock.mockito.MockitoTestExecutionListener@4e243f68, org.springframework.boot.test.autoconfigure.SpringBootDependencyInjectionTestExecutionListener@62406a32, org.springframework.test.context.support.DirtiesContextTestExecutionListener@3c660c08, org.springframework.test.context.transaction.TransactionalTestExecutionListener@1f2172a1, org.springframework.test.context.jdbc.SqlScriptsTestExecutionListener@7091d152, org.springframework.test.context.event.EventPublishingTestExecutionListener@11e13488, org.springframework.boot.test.autoconfigure.restdocs.RestDocsTestExecutionListener@1deb7cf0, org.springframework.boot.test.autoconfigure.web.client.MockRestServiceServerResetTestExecutionListener@94bb196, org.springframework.boot.test.autoconfigure.web.servlet.MockMvcPrintOnlyOnFailureTestExecutionListener@77aeeaac, org.springframework.boot.test.autoconfigure.web.servlet.WebDriverTestExecutionListener@6ff3c5a5, org.springframework.boot.test.autoconfigure.webservices.client.MockWebServiceServerTestExecutionListener@29b92857, org.springframework.boot.test.mock.mockito.ResetMocksTestExecutionListener@7d2afbf7]
16:57:45.152 [Test worker] DEBUG org.springframework.test.context.support.AbstractDirtiesContextTestExecutionListener - Before test class: context [DefaultTestContext@23222d3 testClass = PaperSolveTest, testInstance = [null], testMethod = [null], testException = [null], mergedContextConfiguration = [MergedContextConfiguration@250bf8ac testClass = PaperSolveTest, locations = '{}', classes = '{class com.sp.fc.paper.PaperTestApp}', contextInitializerClasses = '[]', activeProfiles = '{}', propertySourceLocations = '{}', propertySourceProperties = '{org.springframework.boot.test.autoconfigure.orm.jpa.DataJpaTestContextBootstrapper=true}', contextCustomizers = set[org.springframework.boot.test.autoconfigure.OverrideAutoConfigurationContextCustomizerFactory$DisableAutoConfigurationContextCustomizer@3c1dbabe, org.springframework.boot.test.autoconfigure.actuate.metrics.MetricsExportContextCustomizerFactory$DisableMetricExportContextCustomizer@6dc2e19, org.springframework.boot.test.autoconfigure.filter.TypeExcludeFiltersContextCustomizer@351584c0, org.springframework.boot.test.autoconfigure.properties.PropertyMappingContextCustomizer@9734f8ac, org.springframework.boot.test.autoconfigure.web.servlet.WebDriverContextCustomizerFactory$Customizer@5bd009fd, [ImportsContextCustomizer@41ccd23b key = [org.springframework.boot.autoconfigure.cache.CacheAutoConfiguration, org.springframework.boot.autoconfigure.data.jpa.JpaRepositoriesAutoConfiguration, org.springframework.boot.autoconfigure.flyway.FlywayAutoConfiguration, org.springframework.boot.autoconfigure.jdbc.DataSourceAutoConfiguration, org.springframework.boot.autoconfigure.jdbc.DataSourceTransactionManagerAutoConfiguration, org.springframework.boot.autoconfigure.jdbc.JdbcTemplateAutoConfiguration, org.springframework.boot.autoconfigure.liquibase.LiquibaseAutoConfiguration, org.springframework.boot.autoconfigure.orm.jpa.HibernateJpaAutoConfiguration, org.springframework.boot.autoconfigure.transaction.TransactionAutoConfiguration, org.springframework.boot.test.autoconfigure.jdbc.TestDatabaseAutoConfiguration, org.springframework.boot.test.autoconfigure.orm.jpa.TestEntityManagerAutoConfiguration]], org.springframework.boot.test.context.filter.ExcludeFilterContextCustomizer@3b9ad6cb, org.springframework.boot.test.json.DuplicateJsonObjectContextCustomizerFactory$DuplicateJsonObjectContextCustomizer@378a3e30, org.springframework.boot.test.mock.mockito.MockitoContextCustomizer@0, org.springframework.boot.test.context.SpringBootTestArgs@1, org.springframework.boot.test.context.SpringBootTestWebEnvironment@0], contextLoader = 'org.springframework.boot.test.context.SpringBootContextLoader', parent = [null]], attributes = map[[empty]]], class annotated with @DirtiesContext [false] with mode [null].
16:57:45.162 [Test worker] DEBUG org.springframework.test.context.support.DependencyInjectionTestExecutionListener - Performing dependency injection for test context [[DefaultTestContext@23222d3 testClass = PaperSolveTest, testInstance = com.sp.fc.paper.service.PaperSolveTest@6396fa99, testMethod = [null], testException = [null], mergedContextConfiguration = [MergedContextConfiguration@250bf8ac testClass = PaperSolveTest, locations = '{}', classes = '{class com.sp.fc.paper.PaperTestApp}', contextInitializerClasses = '[]', activeProfiles = '{}', propertySourceLocations = '{}', propertySourceProperties = '{org.springframework.boot.test.autoconfigure.orm.jpa.DataJpaTestContextBootstrapper=true}', contextCustomizers = set[org.springframework.boot.test.autoconfigure.OverrideAutoConfigurationContextCustomizerFactory$DisableAutoConfigurationContextCustomizer@3c1dbabe, org.springframework.boot.test.autoconfigure.actuate.metrics.MetricsExportContextCustomizerFactory$DisableMetricExportContextCustomizer@6dc2e19, org.springframework.boot.test.autoconfigure.filter.TypeExcludeFiltersContextCustomizer@351584c0, org.springframework.boot.test.autoconfigure.properties.PropertyMappingContextCustomizer@9734f8ac, org.springframework.boot.test.autoconfigure.web.servlet.WebDriverContextCustomizerFactory$Customizer@5bd009fd, [ImportsContextCustomizer@41ccd23b key = [org.springframework.boot.autoconfigure.cache.CacheAutoConfiguration, org.springframework.boot.autoconfigure.data.jpa.JpaRepositoriesAutoConfiguration, org.springframework.boot.autoconfigure.flyway.FlywayAutoConfiguration, org.springframework.boot.autoconfigure.jdbc.DataSourceAutoConfiguration, org.springframework.boot.autoconfigure.jdbc.DataSourceTransactionManagerAutoConfiguration, org.springframework.boot.autoconfigure.jdbc.JdbcTemplateAutoConfiguration, org.springframework.boot.autoconfigure.liquibase.LiquibaseAutoConfiguration, org.springframework.boot.autoconfigure.orm.jpa.HibernateJpaAutoConfiguration, org.springframework.boot.autoconfigure.transaction.TransactionAutoConfiguration, org.springframework.boot.test.autoconfigure.jdbc.TestDatabaseAutoConfiguration, org.springframework.boot.test.autoconfigure.orm.jpa.TestEntityManagerAutoConfiguration]], org.springframework.boot.test.context.filter.ExcludeFilterContextCustomizer@3b9ad6cb, org.springframework.boot.test.json.DuplicateJsonObjectContextCustomizerFactory$DuplicateJsonObjectContextCustomizer@378a3e30, org.springframework.boot.test.mock.mockito.MockitoContextCustomizer@0, org.springframework.boot.test.context.SpringBootTestArgs@1, org.springframework.boot.test.context.SpringBootTestWebEnvironment@0], contextLoader = 'org.springframework.boot.test.context.SpringBootContextLoader', parent = [null]], attributes = map[[empty]]]].
16:57:45.194 [Test worker] DEBUG org.springframework.test.context.support.TestPropertySourceUtils - Adding inlined properties to environment: {spring.jmx.enabled=false, org.springframework.boot.test.autoconfigure.orm.jpa.DataJpaTestContextBootstrapper=true}

  .   ____          _            __ _ _
 /\\ / ___'_ __ _ _(_)_ __  __ _ \ \ \ \
( ( )\___ | '_ | '_| | '_ \/ _` | \ \ \ \
 \\/  ___)| |_)| | | | | || (_| |  ) ) ) )
  '  |____| .__|_| |_|_| |_\__, | / / / /
 =========|_|==============|___/=/_/_/_/
 :: Spring Boot ::                (v2.4.1)

2021-07-30 16:57:45.549  INFO 27068 --- [    Test worker] com.sp.fc.paper.service.PaperSolveTest   : Starting PaperSolveTest using Java 11.0.11 on LAPTOP-IPOJ3GNM with PID 27068 (started by rlaeh in C:\Users\rlaeh\fastcampus\lec16\sp-fastcampus-spring-sec\comp\paper)
2021-07-30 16:57:45.552  INFO 27068 --- [    Test worker] com.sp.fc.paper.service.PaperSolveTest   : No active profile set, falling back to default profiles: default
2021-07-30 16:57:45.912  INFO 27068 --- [    Test worker] .s.d.r.c.RepositoryConfigurationDelegate : Bootstrapping Spring Data JPA repositories in DEFAULT mode.
2021-07-30 16:57:45.998  INFO 27068 --- [    Test worker] .s.d.r.c.RepositoryConfigurationDelegate : Finished Spring Data repository scanning in 78 ms. Found 6 JPA repository interfaces.
2021-07-30 16:57:46.134  INFO 27068 --- [    Test worker] beddedDataSourceBeanFactoryPostProcessor : Replacing 'dataSource' DataSource bean with embedded version
2021-07-30 16:57:46.293  INFO 27068 --- [    Test worker] o.s.j.d.e.EmbeddedDatabaseFactory        : Starting embedded database: url='jdbc:h2:mem:ac6dbec0-0dbb-4236-bb23-e14fedd9da83;DB_CLOSE_DELAY=-1;DB_CLOSE_ON_EXIT=false', username='sa'
2021-07-30 16:57:46.771  INFO 27068 --- [    Test worker] o.hibernate.jpa.internal.util.LogHelper  : HHH000204: Processing PersistenceUnitInfo [name: default]
2021-07-30 16:57:46.828  INFO 27068 --- [    Test worker] org.hibernate.Version                    : HHH000412: Hibernate ORM core version 5.4.25.Final
2021-07-30 16:57:46.979  INFO 27068 --- [    Test worker] o.hibernate.annotations.common.Version   : HCANN000001: Hibernate Commons Annotations {5.1.2.Final}
2021-07-30 16:57:47.121  INFO 27068 --- [    Test worker] org.hibernate.dialect.Dialect            : HHH000400: Using dialect: org.hibernate.dialect.H2Dialect
Hibernate: drop table if exists sp_authority CASCADE 
Hibernate: drop table if exists sp_paper CASCADE 
Hibernate: drop table if exists sp_paper_answer CASCADE 
Hibernate: drop table if exists sp_paper_template CASCADE 
Hibernate: drop table if exists sp_problem CASCADE 
Hibernate: drop table if exists sp_school CASCADE 
Hibernate: drop table if exists sp_user CASCADE 
Hibernate: create table sp_authority (user_id bigint not null, authority varchar(255) not null, authorities_user_id bigint, primary key (user_id, authority))
Hibernate: create table sp_paper (paper_id bigint generated by default as identity, answered integer not null, correct integer not null, created timestamp, end_time timestamp, name varchar(255), paper_template_id bigint, start_time timestamp, state integer, study_user_id bigint, total integer not null, primary key (paper_id))
Hibernate: create table sp_paper_answer (num integer not null, paper_id bigint not null, answer varchar(255), answered timestamp, correct boolean not null, problem_id bigint, paper_paper_id bigint, primary key (num, paper_id))
Hibernate: create table sp_paper_template (paper_template_id bigint generated by default as identity, complete_count bigint not null, created timestamp, name varchar(255), published_count bigint not null, total integer not null, updated timestamp, user_id bigint, primary key (paper_template_id))
Hibernate: create table sp_problem (problem_id bigint generated by default as identity, answer varchar(255), content varchar(255), created timestamp, index_num integer not null, paper_template_id bigint, updated timestamp, problem_list_paper_template_id bigint, primary key (problem_id))
Hibernate: create table sp_school (school_id bigint generated by default as identity, city varchar(255), created timestamp, name varchar(255), updated timestamp, primary key (school_id))
Hibernate: create table sp_user (user_id bigint generated by default as identity, created timestamp, email varchar(255), enabled boolean not null, grade varchar(255), name varchar(255), password varchar(255), updated timestamp, school_school_id bigint, teacher_user_id bigint, primary key (user_id))
Hibernate: alter table sp_user add constraint UK_qbgsyt1ypus8xbyih82ic8eua unique (email)
Hibernate: alter table sp_authority add constraint userId foreign key (authorities_user_id) references sp_user
Hibernate: alter table sp_paper_answer add constraint paperId foreign key (paper_paper_id) references sp_paper
Hibernate: alter table sp_problem add constraint paperTemplateId foreign key (problem_list_paper_template_id) references sp_paper_template
Hibernate: alter table sp_user add constraint FKoqalev978q6dd7bsqh4y250tc foreign key (school_school_id) references sp_school
Hibernate: alter table sp_user add constraint FKotveex4swp85rwkv1nrnl5sar foreign key (teacher_user_id) references sp_user
2021-07-30 16:57:47.984  INFO 27068 --- [    Test worker] o.h.e.t.j.p.i.JtaPlatformInitiator       : HHH000490: Using JtaPlatform implementation: [org.hibernate.engine.transaction.jta.platform.internal.NoJtaPlatform]
2021-07-30 16:57:47.994  INFO 27068 --- [    Test worker] j.LocalContainerEntityManagerFactoryBean : Initialized JPA EntityManagerFactory for persistence unit 'default'
2021-07-30 16:57:48.894  INFO 27068 --- [    Test worker] com.sp.fc.paper.service.PaperSolveTest   : Started PaperSolveTest in 3.695 seconds (JVM running for 5.238)
2021-07-30 16:57:48.932  INFO 27068 --- [    Test worker] o.s.t.c.transaction.TransactionContext   : Began transaction (1) for test context [DefaultTestContext@23222d3 testClass = PaperSolveTest, testInstance = com.sp.fc.paper.service.PaperSolveTest@6396fa99, testMethod = 상태에_따라_시험지가_조회된다@PaperSolveTest, testException = [null], mergedContextConfiguration = [MergedContextConfiguration@250bf8ac testClass = PaperSolveTest, locations = '{}', classes = '{class com.sp.fc.paper.PaperTestApp}', contextInitializerClasses = '[]', activeProfiles = '{}', propertySourceLocations = '{}', propertySourceProperties = '{org.springframework.boot.test.autoconfigure.orm.jpa.DataJpaTestContextBootstrapper=true}', contextCustomizers = set[org.springframework.boot.test.autoconfigure.OverrideAutoConfigurationContextCustomizerFactory$DisableAutoConfigurationContextCustomizer@3c1dbabe, org.springframework.boot.test.autoconfigure.actuate.metrics.MetricsExportContextCustomizerFactory$DisableMetricExportContextCustomizer@6dc2e19, org.springframework.boot.test.autoconfigure.filter.TypeExcludeFiltersContextCustomizer@351584c0, org.springframework.boot.test.autoconfigure.properties.PropertyMappingContextCustomizer@9734f8ac, org.springframework.boot.test.autoconfigure.web.servlet.WebDriverContextCustomizerFactory$Customizer@5bd009fd, [ImportsContextCustomizer@41ccd23b key = [org.springframework.boot.autoconfigure.cache.CacheAutoConfiguration, org.springframework.boot.autoconfigure.data.jpa.JpaRepositoriesAutoConfiguration, org.springframework.boot.autoconfigure.flyway.FlywayAutoConfiguration, org.springframework.boot.autoconfigure.jdbc.DataSourceAutoConfiguration, org.springframework.boot.autoconfigure.jdbc.DataSourceTransactionManagerAutoConfiguration, org.springframework.boot.autoconfigure.jdbc.JdbcTemplateAutoConfiguration, org.springframework.boot.autoconfigure.liquibase.LiquibaseAutoConfiguration, org.springframework.boot.autoconfigure.orm.jpa.HibernateJpaAutoConfiguration, org.springframework.boot.autoconfigure.transaction.TransactionAutoConfiguration, org.springframework.boot.test.autoconfigure.jdbc.TestDatabaseAutoConfiguration, org.springframework.boot.test.autoconfigure.orm.jpa.TestEntityManagerAutoConfiguration]], org.springframework.boot.test.context.filter.ExcludeFilterContextCustomizer@3b9ad6cb, org.springframework.boot.test.json.DuplicateJsonObjectContextCustomizerFactory$DuplicateJsonObjectContextCustomizer@378a3e30, org.springframework.boot.test.mock.mockito.MockitoContextCustomizer@0, org.springframework.boot.test.context.SpringBootTestArgs@1, org.springframework.boot.test.context.SpringBootTestWebEnvironment@0], contextLoader = 'org.springframework.boot.test.context.SpringBootContextLoader', parent = [null]], attributes = map[[empty]]]; transaction manager [org.springframework.orm.jpa.JpaTransactionManager@1ce4ea75]; rollback [true]
Hibernate: select paper0_.paper_id as paper_id1_1_, paper0_.answered as answered2_1_, paper0_.correct as correct3_1_, paper0_.created as created4_1_, paper0_.end_time as end_time5_1_, paper0_.name as name6_1_, paper0_.paper_template_id as paper_te7_1_, paper0_.start_time as start_ti8_1_, paper0_.state as state9_1_, paper0_.study_user_id as study_u10_1_, paper0_.total as total11_1_ from sp_paper paper0_
Hibernate: select problem0_.problem_id as problem_1_4_, problem0_.answer as answer2_4_, problem0_.content as content3_4_, problem0_.created as created4_4_, problem0_.index_num as index_nu5_4_, problem0_.paper_template_id as paper_te6_4_, problem0_.updated as updated7_4_ from sp_problem problem0_
Hibernate: select papertempl0_.paper_template_id as paper_te1_3_, papertempl0_.complete_count as complete2_3_, papertempl0_.created as created3_3_, papertempl0_.name as name4_3_, papertempl0_.published_count as publishe5_3_, papertempl0_.total as total6_3_, papertempl0_.updated as updated7_3_, papertempl0_.user_id as user_id8_3_ from sp_paper_template papertempl0_
Hibernate: select school0_.school_id as school_i1_5_, school0_.city as city2_5_, school0_.created as created3_5_, school0_.name as name4_5_, school0_.updated as updated5_5_ from sp_school school0_
Hibernate: select user0_.user_id as user_id1_6_, user0_.created as created2_6_, user0_.email as email3_6_, user0_.enabled as enabled4_6_, user0_.grade as grade5_6_, user0_.name as name6_6_, user0_.password as password7_6_, user0_.school_school_id as school_s9_6_, user0_.teacher_user_id as teacher10_6_, user0_.updated as updated8_6_ from sp_user user0_
Hibernate: insert into sp_school (school_id, city, created, name, updated) values (null, ?, ?, ?, ?)
Hibernate: insert into sp_user (user_id, created, email, enabled, grade, name, password, school_school_id, teacher_user_id, updated) values (null, ?, ?, ?, ?, ?, ?, ?, ?, ?)
Hibernate: select authority0_.user_id as user_id1_0_0_, authority0_.authority as authorit2_0_0_ from sp_authority authority0_ where authority0_.user_id=? and authority0_.authority=?
Hibernate: insert into sp_authority (user_id, authority) values (?, ?)
Hibernate: insert into sp_user (user_id, created, email, enabled, grade, name, password, school_school_id, teacher_user_id, updated) values (null, ?, ?, ?, ?, ?, ?, ?, ?, ?)
Hibernate: select authority0_.user_id as user_id1_0_0_, authority0_.authority as authorit2_0_0_ from sp_authority authority0_ where authority0_.user_id=? and authority0_.authority=?
Hibernate: insert into sp_authority (user_id, authority) values (?, ?)
Hibernate: insert into sp_paper_template (paper_template_id, complete_count, created, name, published_count, total, updated, user_id) values (null, ?, ?, ?, ?, ?, ?, ?)
Hibernate: insert into sp_problem (problem_id, answer, content, created, index_num, paper_template_id, updated) values (null, ?, ?, ?, ?, ?, ?)
Hibernate: insert into sp_problem (problem_id, answer, content, created, index_num, paper_template_id, updated) values (null, ?, ?, ?, ?, ?, ?)
Hibernate: update sp_user set email=?, enabled=?, grade=?, name=?, password=?, school_school_id=?, teacher_user_id=?, updated=? where user_id=?
Hibernate: update sp_user set email=?, enabled=?, grade=?, name=?, password=?, school_school_id=?, teacher_user_id=?, updated=? where user_id=?
Hibernate: update sp_paper_template set complete_count=?, name=?, published_count=?, total=?, updated=?, user_id=? where paper_template_id=?
Hibernate: update sp_authority set authorities_user_id=? where user_id=? and authority=?
Hibernate: update sp_authority set authorities_user_id=? where user_id=? and authority=?
Hibernate: update sp_problem set problem_list_paper_template_id=? where problem_id=?
Hibernate: update sp_problem set problem_list_paper_template_id=? where problem_id=?
Hibernate: select user0_.user_id as user_id1_6_, user0_.created as created2_6_, user0_.email as email3_6_, user0_.enabled as enabled4_6_, user0_.grade as grade5_6_, user0_.name as name6_6_, user0_.password as password7_6_, user0_.school_school_id as school_s9_6_, user0_.teacher_user_id as teacher10_6_, user0_.updated as updated8_6_ from sp_user user0_ where user0_.user_id in (?)
Hibernate: insert into sp_paper (paper_id, answered, correct, created, end_time, name, paper_template_id, start_time, state, study_user_id, total) values (null, ?, ?, ?, ?, ?, ?, ?, ?, ?, ?)
Hibernate: select paper0_.paper_id as paper_id1_1_, paper0_.answered as answered2_1_, paper0_.correct as correct3_1_, paper0_.created as created4_1_, paper0_.end_time as end_time5_1_, paper0_.name as name6_1_, paper0_.paper_template_id as paper_te7_1_, paper0_.start_time as start_ti8_1_, paper0_.state as state9_1_, paper0_.study_user_id as study_u10_1_, paper0_.total as total11_1_ from sp_paper paper0_ where paper0_.study_user_id=? and (paper0_.state in (? , ?)) order by paper0_.created desc
Hibernate: select paper0_.paper_id as paper_id1_1_, paper0_.answered as answered2_1_, paper0_.correct as correct3_1_, paper0_.created as created4_1_, paper0_.end_time as end_time5_1_, paper0_.name as name6_1_, paper0_.paper_template_id as paper_te7_1_, paper0_.start_time as start_ti8_1_, paper0_.state as state9_1_, paper0_.study_user_id as study_u10_1_, paper0_.total as total11_1_ from sp_paper paper0_ where paper0_.study_user_id=? and paper0_.state=? order by paper0_.created desc
Hibernate: select paperanswe0_.num as num1_2_0_, paperanswe0_.paper_id as paper_id2_2_0_, paperanswe0_.answer as answer3_2_0_, paperanswe0_.answered as answered4_2_0_, paperanswe0_.correct as correct5_2_0_, paperanswe0_.paper_paper_id as paper_pa7_2_0_, paperanswe0_.problem_id as problem_6_2_0_ from sp_paper_answer paperanswe0_ where paperanswe0_.num=? and paperanswe0_.paper_id=?
Hibernate: insert into sp_paper_answer (answer, answered, correct, paper_paper_id, problem_id, num, paper_id) values (?, ?, ?, ?, ?, ?, ?)
Hibernate: update sp_paper_template set complete_count=?, name=?, published_count=?, total=?, updated=?, user_id=? where paper_template_id=?
Hibernate: update sp_paper set answered=?, correct=?, created=?, end_time=?, name=?, paper_template_id=?, start_time=?, state=?, study_user_id=?, total=? where paper_id=?
Hibernate: select paper0_.paper_id as paper_id1_1_, paper0_.answered as answered2_1_, paper0_.correct as correct3_1_, paper0_.created as created4_1_, paper0_.end_time as end_time5_1_, paper0_.name as name6_1_, paper0_.paper_template_id as paper_te7_1_, paper0_.start_time as start_ti8_1_, paper0_.state as state9_1_, paper0_.study_user_id as study_u10_1_, paper0_.total as total11_1_ from sp_paper paper0_ where paper0_.study_user_id=? and (paper0_.state in (? , ?)) order by paper0_.created desc
Hibernate: select paper0_.paper_id as paper_id1_1_, paper0_.answered as answered2_1_, paper0_.correct as correct3_1_, paper0_.created as created4_1_, paper0_.end_time as end_time5_1_, paper0_.name as name6_1_, paper0_.paper_template_id as paper_te7_1_, paper0_.start_time as start_ti8_1_, paper0_.state as state9_1_, paper0_.study_user_id as study_u10_1_, paper0_.total as total11_1_ from sp_paper paper0_ where paper0_.study_user_id=? and paper0_.state=? order by paper0_.created desc
Hibernate: update sp_paper_template set complete_count=?, name=?, published_count=?, total=?, updated=?, user_id=? where paper_template_id=?
Hibernate: update sp_paper set answered=?, correct=?, created=?, end_time=?, name=?, paper_template_id=?, start_time=?, state=?, study_user_id=?, total=? where paper_id=?
Hibernate: update sp_paper_answer set answer=?, answered=?, correct=?, paper_paper_id=?, problem_id=? where num=? and paper_id=?
Hibernate: select paper0_.paper_id as paper_id1_1_, paper0_.answered as answered2_1_, paper0_.correct as correct3_1_, paper0_.created as created4_1_, paper0_.end_time as end_time5_1_, paper0_.name as name6_1_, paper0_.paper_template_id as paper_te7_1_, paper0_.start_time as start_ti8_1_, paper0_.state as state9_1_, paper0_.study_user_id as study_u10_1_, paper0_.total as total11_1_ from sp_paper paper0_ where paper0_.study_user_id=? and (paper0_.state in (? , ?)) order by paper0_.created desc
Hibernate: select paper0_.paper_id as paper_id1_1_, paper0_.answered as answered2_1_, paper0_.correct as correct3_1_, paper0_.created as created4_1_, paper0_.end_time as end_time5_1_, paper0_.name as name6_1_, paper0_.paper_template_id as paper_te7_1_, paper0_.start_time as start_ti8_1_, paper0_.state as state9_1_, paper0_.study_user_id as study_u10_1_, paper0_.total as total11_1_ from sp_paper paper0_ where paper0_.study_user_id=? and paper0_.state=? order by paper0_.created desc
2021-07-30 16:57:49.379  INFO 27068 --- [    Test worker] o.s.t.c.transaction.TransactionContext   : Rolled back transaction for test: [DefaultTestContext@23222d3 testClass = PaperSolveTest, testInstance = com.sp.fc.paper.service.PaperSolveTest@6396fa99, testMethod = 상태에_따라_시험지가_조회된다@PaperSolveTest, testException = [null], mergedContextConfiguration = [MergedContextConfiguration@250bf8ac testClass = PaperSolveTest, locations = '{}', classes = '{class com.sp.fc.paper.PaperTestApp}', contextInitializerClasses = '[]', activeProfiles = '{}', propertySourceLocations = '{}', propertySourceProperties = '{org.springframework.boot.test.autoconfigure.orm.jpa.DataJpaTestContextBootstrapper=true}', contextCustomizers = set[org.springframework.boot.test.autoconfigure.OverrideAutoConfigurationContextCustomizerFactory$DisableAutoConfigurationContextCustomizer@3c1dbabe, org.springframework.boot.test.autoconfigure.actuate.metrics.MetricsExportContextCustomizerFactory$DisableMetricExportContextCustomizer@6dc2e19, org.springframework.boot.test.autoconfigure.filter.TypeExcludeFiltersContextCustomizer@351584c0, org.springframework.boot.test.autoconfigure.properties.PropertyMappingContextCustomizer@9734f8ac, org.springframework.boot.test.autoconfigure.web.servlet.WebDriverContextCustomizerFactory$Customizer@5bd009fd, [ImportsContextCustomizer@41ccd23b key = [org.springframework.boot.autoconfigure.cache.CacheAutoConfiguration, org.springframework.boot.autoconfigure.data.jpa.JpaRepositoriesAutoConfiguration, org.springframework.boot.autoconfigure.flyway.FlywayAutoConfiguration, org.springframework.boot.autoconfigure.jdbc.DataSourceAutoConfiguration, org.springframework.boot.autoconfigure.jdbc.DataSourceTransactionManagerAutoConfiguration, org.springframework.boot.autoconfigure.jdbc.JdbcTemplateAutoConfiguration, org.springframework.boot.autoconfigure.liquibase.LiquibaseAutoConfiguration, org.springframework.boot.autoconfigure.orm.jpa.HibernateJpaAutoConfiguration, org.springframework.boot.autoconfigure.transaction.TransactionAutoConfiguration, org.springframework.boot.test.autoconfigure.jdbc.TestDatabaseAutoConfiguration, org.springframework.boot.test.autoconfigure.orm.jpa.TestEntityManagerAutoConfiguration]], org.springframework.boot.test.context.filter.ExcludeFilterContextCustomizer@3b9ad6cb, org.springframework.boot.test.json.DuplicateJsonObjectContextCustomizerFactory$DuplicateJsonObjectContextCustomizer@378a3e30, org.springframework.boot.test.mock.mockito.MockitoContextCustomizer@0, org.springframework.boot.test.context.SpringBootTestArgs@1, org.springframework.boot.test.context.SpringBootTestWebEnvironment@0], contextLoader = 'org.springframework.boot.test.context.SpringBootContextLoader', parent = [null]], attributes = map[[empty]]]
2021-07-30 16:57:49.392  INFO 27068 --- [    Test worker] o.s.t.c.transaction.TransactionContext   : Began transaction (1) for test context [DefaultTestContext@23222d3 testClass = PaperSolveTest, testInstance = com.sp.fc.paper.service.PaperSolveTest@26cc0203, testMethod = 첫번째_문제_풀고_중간에_제출해_버린다@PaperSolveTest, testException = [null], mergedContextConfiguration = [MergedContextConfiguration@250bf8ac testClass = PaperSolveTest, locations = '{}', classes = '{class com.sp.fc.paper.PaperTestApp}', contextInitializerClasses = '[]', activeProfiles = '{}', propertySourceLocations = '{}', propertySourceProperties = '{org.springframework.boot.test.autoconfigure.orm.jpa.DataJpaTestContextBootstrapper=true}', contextCustomizers = set[org.springframework.boot.test.autoconfigure.OverrideAutoConfigurationContextCustomizerFactory$DisableAutoConfigurationContextCustomizer@3c1dbabe, org.springframework.boot.test.autoconfigure.actuate.metrics.MetricsExportContextCustomizerFactory$DisableMetricExportContextCustomizer@6dc2e19, org.springframework.boot.test.autoconfigure.filter.TypeExcludeFiltersContextCustomizer@351584c0, org.springframework.boot.test.autoconfigure.properties.PropertyMappingContextCustomizer@9734f8ac, org.springframework.boot.test.autoconfigure.web.servlet.WebDriverContextCustomizerFactory$Customizer@5bd009fd, [ImportsContextCustomizer@41ccd23b key = [org.springframework.boot.autoconfigure.cache.CacheAutoConfiguration, org.springframework.boot.autoconfigure.data.jpa.JpaRepositoriesAutoConfiguration, org.springframework.boot.autoconfigure.flyway.FlywayAutoConfiguration, org.springframework.boot.autoconfigure.jdbc.DataSourceAutoConfiguration, org.springframework.boot.autoconfigure.jdbc.DataSourceTransactionManagerAutoConfiguration, org.springframework.boot.autoconfigure.jdbc.JdbcTemplateAutoConfiguration, org.springframework.boot.autoconfigure.liquibase.LiquibaseAutoConfiguration, org.springframework.boot.autoconfigure.orm.jpa.HibernateJpaAutoConfiguration, org.springframework.boot.autoconfigure.transaction.TransactionAutoConfiguration, org.springframework.boot.test.autoconfigure.jdbc.TestDatabaseAutoConfiguration, org.springframework.boot.test.autoconfigure.orm.jpa.TestEntityManagerAutoConfiguration]], org.springframework.boot.test.context.filter.ExcludeFilterContextCustomizer@3b9ad6cb, org.springframework.boot.test.json.DuplicateJsonObjectContextCustomizerFactory$DuplicateJsonObjectContextCustomizer@378a3e30, org.springframework.boot.test.mock.mockito.MockitoContextCustomizer@0, org.springframework.boot.test.context.SpringBootTestArgs@1, org.springframework.boot.test.context.SpringBootTestWebEnvironment@0], contextLoader = 'org.springframework.boot.test.context.SpringBootContextLoader', parent = [null]], attributes = map[[empty]]]; transaction manager [org.springframework.orm.jpa.JpaTransactionManager@1ce4ea75]; rollback [true]
Hibernate: select paper0_.paper_id as paper_id1_1_, paper0_.answered as answered2_1_, paper0_.correct as correct3_1_, paper0_.created as created4_1_, paper0_.end_time as end_time5_1_, paper0_.name as name6_1_, paper0_.paper_template_id as paper_te7_1_, paper0_.start_time as start_ti8_1_, paper0_.state as state9_1_, paper0_.study_user_id as study_u10_1_, paper0_.total as total11_1_ from sp_paper paper0_
Hibernate: select problem0_.problem_id as problem_1_4_, problem0_.answer as answer2_4_, problem0_.content as content3_4_, problem0_.created as created4_4_, problem0_.index_num as index_nu5_4_, problem0_.paper_template_id as paper_te6_4_, problem0_.updated as updated7_4_ from sp_problem problem0_
Hibernate: select papertempl0_.paper_template_id as paper_te1_3_, papertempl0_.complete_count as complete2_3_, papertempl0_.created as created3_3_, papertempl0_.name as name4_3_, papertempl0_.published_count as publishe5_3_, papertempl0_.total as total6_3_, papertempl0_.updated as updated7_3_, papertempl0_.user_id as user_id8_3_ from sp_paper_template papertempl0_
Hibernate: select school0_.school_id as school_i1_5_, school0_.city as city2_5_, school0_.created as created3_5_, school0_.name as name4_5_, school0_.updated as updated5_5_ from sp_school school0_
Hibernate: select user0_.user_id as user_id1_6_, user0_.created as created2_6_, user0_.email as email3_6_, user0_.enabled as enabled4_6_, user0_.grade as grade5_6_, user0_.name as name6_6_, user0_.password as password7_6_, user0_.school_school_id as school_s9_6_, user0_.teacher_user_id as teacher10_6_, user0_.updated as updated8_6_ from sp_user user0_
Hibernate: insert into sp_school (school_id, city, created, name, updated) values (null, ?, ?, ?, ?)
Hibernate: insert into sp_user (user_id, created, email, enabled, grade, name, password, school_school_id, teacher_user_id, updated) values (null, ?, ?, ?, ?, ?, ?, ?, ?, ?)
Hibernate: select authority0_.user_id as user_id1_0_0_, authority0_.authority as authorit2_0_0_ from sp_authority authority0_ where authority0_.user_id=? and authority0_.authority=?
Hibernate: insert into sp_authority (user_id, authority) values (?, ?)
Hibernate: insert into sp_user (user_id, created, email, enabled, grade, name, password, school_school_id, teacher_user_id, updated) values (null, ?, ?, ?, ?, ?, ?, ?, ?, ?)
Hibernate: select authority0_.user_id as user_id1_0_0_, authority0_.authority as authorit2_0_0_ from sp_authority authority0_ where authority0_.user_id=? and authority0_.authority=?
Hibernate: insert into sp_authority (user_id, authority) values (?, ?)
Hibernate: insert into sp_paper_template (paper_template_id, complete_count, created, name, published_count, total, updated, user_id) values (null, ?, ?, ?, ?, ?, ?, ?)
Hibernate: insert into sp_problem (problem_id, answer, content, created, index_num, paper_template_id, updated) values (null, ?, ?, ?, ?, ?, ?)
Hibernate: insert into sp_problem (problem_id, answer, content, created, index_num, paper_template_id, updated) values (null, ?, ?, ?, ?, ?, ?)
Hibernate: update sp_user set email=?, enabled=?, grade=?, name=?, password=?, school_school_id=?, teacher_user_id=?, updated=? where user_id=?
Hibernate: update sp_user set email=?, enabled=?, grade=?, name=?, password=?, school_school_id=?, teacher_user_id=?, updated=? where user_id=?
Hibernate: update sp_paper_template set complete_count=?, name=?, published_count=?, total=?, updated=?, user_id=? where paper_template_id=?
Hibernate: update sp_authority set authorities_user_id=? where user_id=? and authority=?
Hibernate: update sp_authority set authorities_user_id=? where user_id=? and authority=?
Hibernate: update sp_problem set problem_list_paper_template_id=? where problem_id=?
Hibernate: update sp_problem set problem_list_paper_template_id=? where problem_id=?
Hibernate: select user0_.user_id as user_id1_6_, user0_.created as created2_6_, user0_.email as email3_6_, user0_.enabled as enabled4_6_, user0_.grade as grade5_6_, user0_.name as name6_6_, user0_.password as password7_6_, user0_.school_school_id as school_s9_6_, user0_.teacher_user_id as teacher10_6_, user0_.updated as updated8_6_ from sp_user user0_ where user0_.user_id in (?)
Hibernate: insert into sp_paper (paper_id, answered, correct, created, end_time, name, paper_template_id, start_time, state, study_user_id, total) values (null, ?, ?, ?, ?, ?, ?, ?, ?, ?, ?)
Hibernate: select paperanswe0_.num as num1_2_0_, paperanswe0_.paper_id as paper_id2_2_0_, paperanswe0_.answer as answer3_2_0_, paperanswe0_.answered as answered4_2_0_, paperanswe0_.correct as correct5_2_0_, paperanswe0_.paper_paper_id as paper_pa7_2_0_, paperanswe0_.problem_id as problem_6_2_0_ from sp_paper_answer paperanswe0_ where paperanswe0_.num=? and paperanswe0_.paper_id=?
2021-07-30 16:57:49.429  INFO 27068 --- [    Test worker] o.s.t.c.transaction.TransactionContext   : Rolled back transaction for test: [DefaultTestContext@23222d3 testClass = PaperSolveTest, testInstance = com.sp.fc.paper.service.PaperSolveTest@26cc0203, testMethod = 첫번째_문제_풀고_중간에_제출해_버린다@PaperSolveTest, testException = [null], mergedContextConfiguration = [MergedContextConfiguration@250bf8ac testClass = PaperSolveTest, locations = '{}', classes = '{class com.sp.fc.paper.PaperTestApp}', contextInitializerClasses = '[]', activeProfiles = '{}', propertySourceLocations = '{}', propertySourceProperties = '{org.springframework.boot.test.autoconfigure.orm.jpa.DataJpaTestContextBootstrapper=true}', contextCustomizers = set[org.springframework.boot.test.autoconfigure.OverrideAutoConfigurationContextCustomizerFactory$DisableAutoConfigurationContextCustomizer@3c1dbabe, org.springframework.boot.test.autoconfigure.actuate.metrics.MetricsExportContextCustomizerFactory$DisableMetricExportContextCustomizer@6dc2e19, org.springframework.boot.test.autoconfigure.filter.TypeExcludeFiltersContextCustomizer@351584c0, org.springframework.boot.test.autoconfigure.properties.PropertyMappingContextCustomizer@9734f8ac, org.springframework.boot.test.autoconfigure.web.servlet.WebDriverContextCustomizerFactory$Customizer@5bd009fd, [ImportsContextCustomizer@41ccd23b key = [org.springframework.boot.autoconfigure.cache.CacheAutoConfiguration, org.springframework.boot.autoconfigure.data.jpa.JpaRepositoriesAutoConfiguration, org.springframework.boot.autoconfigure.flyway.FlywayAutoConfiguration, org.springframework.boot.autoconfigure.jdbc.DataSourceAutoConfiguration, org.springframework.boot.autoconfigure.jdbc.DataSourceTransactionManagerAutoConfiguration, org.springframework.boot.autoconfigure.jdbc.JdbcTemplateAutoConfiguration, org.springframework.boot.autoconfigure.liquibase.LiquibaseAutoConfiguration, org.springframework.boot.autoconfigure.orm.jpa.HibernateJpaAutoConfiguration, org.springframework.boot.autoconfigure.transaction.TransactionAutoConfiguration, org.springframework.boot.test.autoconfigure.jdbc.TestDatabaseAutoConfiguration, org.springframework.boot.test.autoconfigure.orm.jpa.TestEntityManagerAutoConfiguration]], org.springframework.boot.test.context.filter.ExcludeFilterContextCustomizer@3b9ad6cb, org.springframework.boot.test.json.DuplicateJsonObjectContextCustomizerFactory$DuplicateJsonObjectContextCustomizer@378a3e30, org.springframework.boot.test.mock.mockito.MockitoContextCustomizer@0, org.springframework.boot.test.context.SpringBootTestArgs@1, org.springframework.boot.test.context.SpringBootTestWebEnvironment@0], contextLoader = 'org.springframework.boot.test.context.SpringBootContextLoader', parent = [null]], attributes = map[[empty]]]
2021-07-30 16:57:49.433  INFO 27068 --- [    Test worker] o.s.t.c.transaction.TransactionContext   : Began transaction (1) for test context [DefaultTestContext@23222d3 testClass = PaperSolveTest, testInstance = com.sp.fc.paper.service.PaperSolveTest@10a1c4eb, testMethod = 두번째_문제_풀고_중간에_제출해_버린다@PaperSolveTest, testException = [null], mergedContextConfiguration = [MergedContextConfiguration@250bf8ac testClass = PaperSolveTest, locations = '{}', classes = '{class com.sp.fc.paper.PaperTestApp}', contextInitializerClasses = '[]', activeProfiles = '{}', propertySourceLocations = '{}', propertySourceProperties = '{org.springframework.boot.test.autoconfigure.orm.jpa.DataJpaTestContextBootstrapper=true}', contextCustomizers = set[org.springframework.boot.test.autoconfigure.OverrideAutoConfigurationContextCustomizerFactory$DisableAutoConfigurationContextCustomizer@3c1dbabe, org.springframework.boot.test.autoconfigure.actuate.metrics.MetricsExportContextCustomizerFactory$DisableMetricExportContextCustomizer@6dc2e19, org.springframework.boot.test.autoconfigure.filter.TypeExcludeFiltersContextCustomizer@351584c0, org.springframework.boot.test.autoconfigure.properties.PropertyMappingContextCustomizer@9734f8ac, org.springframework.boot.test.autoconfigure.web.servlet.WebDriverContextCustomizerFactory$Customizer@5bd009fd, [ImportsContextCustomizer@41ccd23b key = [org.springframework.boot.autoconfigure.cache.CacheAutoConfiguration, org.springframework.boot.autoconfigure.data.jpa.JpaRepositoriesAutoConfiguration, org.springframework.boot.autoconfigure.flyway.FlywayAutoConfiguration, org.springframework.boot.autoconfigure.jdbc.DataSourceAutoConfiguration, org.springframework.boot.autoconfigure.jdbc.DataSourceTransactionManagerAutoConfiguration, org.springframework.boot.autoconfigure.jdbc.JdbcTemplateAutoConfiguration, org.springframework.boot.autoconfigure.liquibase.LiquibaseAutoConfiguration, org.springframework.boot.autoconfigure.orm.jpa.HibernateJpaAutoConfiguration, org.springframework.boot.autoconfigure.transaction.TransactionAutoConfiguration, org.springframework.boot.test.autoconfigure.jdbc.TestDatabaseAutoConfiguration, org.springframework.boot.test.autoconfigure.orm.jpa.TestEntityManagerAutoConfiguration]], org.springframework.boot.test.context.filter.ExcludeFilterContextCustomizer@3b9ad6cb, org.springframework.boot.test.json.DuplicateJsonObjectContextCustomizerFactory$DuplicateJsonObjectContextCustomizer@378a3e30, org.springframework.boot.test.mock.mockito.MockitoContextCustomizer@0, org.springframework.boot.test.context.SpringBootTestArgs@1, org.springframework.boot.test.context.SpringBootTestWebEnvironment@0], contextLoader = 'org.springframework.boot.test.context.SpringBootContextLoader', parent = [null]], attributes = map[[empty]]]; transaction manager [org.springframework.orm.jpa.JpaTransactionManager@1ce4ea75]; rollback [true]
Hibernate: select paper0_.paper_id as paper_id1_1_, paper0_.answered as answered2_1_, paper0_.correct as correct3_1_, paper0_.created as created4_1_, paper0_.end_time as end_time5_1_, paper0_.name as name6_1_, paper0_.paper_template_id as paper_te7_1_, paper0_.start_time as start_ti8_1_, paper0_.state as state9_1_, paper0_.study_user_id as study_u10_1_, paper0_.total as total11_1_ from sp_paper paper0_
Hibernate: select problem0_.problem_id as problem_1_4_, problem0_.answer as answer2_4_, problem0_.content as content3_4_, problem0_.created as created4_4_, problem0_.index_num as index_nu5_4_, problem0_.paper_template_id as paper_te6_4_, problem0_.updated as updated7_4_ from sp_problem problem0_
Hibernate: select papertempl0_.paper_template_id as paper_te1_3_, papertempl0_.complete_count as complete2_3_, papertempl0_.created as created3_3_, papertempl0_.name as name4_3_, papertempl0_.published_count as publishe5_3_, papertempl0_.total as total6_3_, papertempl0_.updated as updated7_3_, papertempl0_.user_id as user_id8_3_ from sp_paper_template papertempl0_
Hibernate: select school0_.school_id as school_i1_5_, school0_.city as city2_5_, school0_.created as created3_5_, school0_.name as name4_5_, school0_.updated as updated5_5_ from sp_school school0_
Hibernate: select user0_.user_id as user_id1_6_, user0_.created as created2_6_, user0_.email as email3_6_, user0_.enabled as enabled4_6_, user0_.grade as grade5_6_, user0_.name as name6_6_, user0_.password as password7_6_, user0_.school_school_id as school_s9_6_, user0_.teacher_user_id as teacher10_6_, user0_.updated as updated8_6_ from sp_user user0_
Hibernate: insert into sp_school (school_id, city, created, name, updated) values (null, ?, ?, ?, ?)
Hibernate: insert into sp_user (user_id, created, email, enabled, grade, name, password, school_school_id, teacher_user_id, updated) values (null, ?, ?, ?, ?, ?, ?, ?, ?, ?)
Hibernate: select authority0_.user_id as user_id1_0_0_, authority0_.authority as authorit2_0_0_ from sp_authority authority0_ where authority0_.user_id=? and authority0_.authority=?
Hibernate: insert into sp_authority (user_id, authority) values (?, ?)
Hibernate: insert into sp_user (user_id, created, email, enabled, grade, name, password, school_school_id, teacher_user_id, updated) values (null, ?, ?, ?, ?, ?, ?, ?, ?, ?)
Hibernate: select authority0_.user_id as user_id1_0_0_, authority0_.authority as authorit2_0_0_ from sp_authority authority0_ where authority0_.user_id=? and authority0_.authority=?
Hibernate: insert into sp_authority (user_id, authority) values (?, ?)
Hibernate: insert into sp_paper_template (paper_template_id, complete_count, created, name, published_count, total, updated, user_id) values (null, ?, ?, ?, ?, ?, ?, ?)
Hibernate: insert into sp_problem (problem_id, answer, content, created, index_num, paper_template_id, updated) values (null, ?, ?, ?, ?, ?, ?)
Hibernate: insert into sp_problem (problem_id, answer, content, created, index_num, paper_template_id, updated) values (null, ?, ?, ?, ?, ?, ?)
Hibernate: update sp_user set email=?, enabled=?, grade=?, name=?, password=?, school_school_id=?, teacher_user_id=?, updated=? where user_id=?
Hibernate: update sp_user set email=?, enabled=?, grade=?, name=?, password=?, school_school_id=?, teacher_user_id=?, updated=? where user_id=?
Hibernate: update sp_paper_template set complete_count=?, name=?, published_count=?, total=?, updated=?, user_id=? where paper_template_id=?
Hibernate: update sp_authority set authorities_user_id=? where user_id=? and authority=?
Hibernate: update sp_authority set authorities_user_id=? where user_id=? and authority=?
Hibernate: update sp_problem set problem_list_paper_template_id=? where problem_id=?
Hibernate: update sp_problem set problem_list_paper_template_id=? where problem_id=?
Hibernate: select user0_.user_id as user_id1_6_, user0_.created as created2_6_, user0_.email as email3_6_, user0_.enabled as enabled4_6_, user0_.grade as grade5_6_, user0_.name as name6_6_, user0_.password as password7_6_, user0_.school_school_id as school_s9_6_, user0_.teacher_user_id as teacher10_6_, user0_.updated as updated8_6_ from sp_user user0_ where user0_.user_id in (?)
Hibernate: insert into sp_paper (paper_id, answered, correct, created, end_time, name, paper_template_id, start_time, state, study_user_id, total) values (null, ?, ?, ?, ?, ?, ?, ?, ?, ?, ?)
Hibernate: select paperanswe0_.num as num1_2_0_, paperanswe0_.paper_id as paper_id2_2_0_, paperanswe0_.answer as answer3_2_0_, paperanswe0_.answered as answered4_2_0_, paperanswe0_.correct as correct5_2_0_, paperanswe0_.paper_paper_id as paper_pa7_2_0_, paperanswe0_.problem_id as problem_6_2_0_ from sp_paper_answer paperanswe0_ where paperanswe0_.num=? and paperanswe0_.paper_id=?
2021-07-30 16:57:49.465  INFO 27068 --- [    Test worker] o.s.t.c.transaction.TransactionContext   : Rolled back transaction for test: [DefaultTestContext@23222d3 testClass = PaperSolveTest, testInstance = com.sp.fc.paper.service.PaperSolveTest@10a1c4eb, testMethod = 두번째_문제_풀고_중간에_제출해_버린다@PaperSolveTest, testException = [null], mergedContextConfiguration = [MergedContextConfiguration@250bf8ac testClass = PaperSolveTest, locations = '{}', classes = '{class com.sp.fc.paper.PaperTestApp}', contextInitializerClasses = '[]', activeProfiles = '{}', propertySourceLocations = '{}', propertySourceProperties = '{org.springframework.boot.test.autoconfigure.orm.jpa.DataJpaTestContextBootstrapper=true}', contextCustomizers = set[org.springframework.boot.test.autoconfigure.OverrideAutoConfigurationContextCustomizerFactory$DisableAutoConfigurationContextCustomizer@3c1dbabe, org.springframework.boot.test.autoconfigure.actuate.metrics.MetricsExportContextCustomizerFactory$DisableMetricExportContextCustomizer@6dc2e19, org.springframework.boot.test.autoconfigure.filter.TypeExcludeFiltersContextCustomizer@351584c0, org.springframework.boot.test.autoconfigure.properties.PropertyMappingContextCustomizer@9734f8ac, org.springframework.boot.test.autoconfigure.web.servlet.WebDriverContextCustomizerFactory$Customizer@5bd009fd, [ImportsContextCustomizer@41ccd23b key = [org.springframework.boot.autoconfigure.cache.CacheAutoConfiguration, org.springframework.boot.autoconfigure.data.jpa.JpaRepositoriesAutoConfiguration, org.springframework.boot.autoconfigure.flyway.FlywayAutoConfiguration, org.springframework.boot.autoconfigure.jdbc.DataSourceAutoConfiguration, org.springframework.boot.autoconfigure.jdbc.DataSourceTransactionManagerAutoConfiguration, org.springframework.boot.autoconfigure.jdbc.JdbcTemplateAutoConfiguration, org.springframework.boot.autoconfigure.liquibase.LiquibaseAutoConfiguration, org.springframework.boot.autoconfigure.orm.jpa.HibernateJpaAutoConfiguration, org.springframework.boot.autoconfigure.transaction.TransactionAutoConfiguration, org.springframework.boot.test.autoconfigure.jdbc.TestDatabaseAutoConfiguration, org.springframework.boot.test.autoconfigure.orm.jpa.TestEntityManagerAutoConfiguration]], org.springframework.boot.test.context.filter.ExcludeFilterContextCustomizer@3b9ad6cb, org.springframework.boot.test.json.DuplicateJsonObjectContextCustomizerFactory$DuplicateJsonObjectContextCustomizer@378a3e30, org.springframework.boot.test.mock.mockito.MockitoContextCustomizer@0, org.springframework.boot.test.context.SpringBootTestArgs@1, org.springframework.boot.test.context.SpringBootTestWebEnvironment@0], contextLoader = 'org.springframework.boot.test.context.SpringBootContextLoader', parent = [null]], attributes = map[[empty]]]
2021-07-30 16:57:49.468  INFO 27068 --- [    Test worker] o.s.t.c.transaction.TransactionContext   : Began transaction (1) for test context [DefaultTestContext@23222d3 testClass = PaperSolveTest, testInstance = com.sp.fc.paper.service.PaperSolveTest@5454c614, testMethod = 시험지를_모두_풀어서_100점을_맞는다@PaperSolveTest, testException = [null], mergedContextConfiguration = [MergedContextConfiguration@250bf8ac testClass = PaperSolveTest, locations = '{}', classes = '{class com.sp.fc.paper.PaperTestApp}', contextInitializerClasses = '[]', activeProfiles = '{}', propertySourceLocations = '{}', propertySourceProperties = '{org.springframework.boot.test.autoconfigure.orm.jpa.DataJpaTestContextBootstrapper=true}', contextCustomizers = set[org.springframework.boot.test.autoconfigure.OverrideAutoConfigurationContextCustomizerFactory$DisableAutoConfigurationContextCustomizer@3c1dbabe, org.springframework.boot.test.autoconfigure.actuate.metrics.MetricsExportContextCustomizerFactory$DisableMetricExportContextCustomizer@6dc2e19, org.springframework.boot.test.autoconfigure.filter.TypeExcludeFiltersContextCustomizer@351584c0, org.springframework.boot.test.autoconfigure.properties.PropertyMappingContextCustomizer@9734f8ac, org.springframework.boot.test.autoconfigure.web.servlet.WebDriverContextCustomizerFactory$Customizer@5bd009fd, [ImportsContextCustomizer@41ccd23b key = [org.springframework.boot.autoconfigure.cache.CacheAutoConfiguration, org.springframework.boot.autoconfigure.data.jpa.JpaRepositoriesAutoConfiguration, org.springframework.boot.autoconfigure.flyway.FlywayAutoConfiguration, org.springframework.boot.autoconfigure.jdbc.DataSourceAutoConfiguration, org.springframework.boot.autoconfigure.jdbc.DataSourceTransactionManagerAutoConfiguration, org.springframework.boot.autoconfigure.jdbc.JdbcTemplateAutoConfiguration, org.springframework.boot.autoconfigure.liquibase.LiquibaseAutoConfiguration, org.springframework.boot.autoconfigure.orm.jpa.HibernateJpaAutoConfiguration, org.springframework.boot.autoconfigure.transaction.TransactionAutoConfiguration, org.springframework.boot.test.autoconfigure.jdbc.TestDatabaseAutoConfiguration, org.springframework.boot.test.autoconfigure.orm.jpa.TestEntityManagerAutoConfiguration]], org.springframework.boot.test.context.filter.ExcludeFilterContextCustomizer@3b9ad6cb, org.springframework.boot.test.json.DuplicateJsonObjectContextCustomizerFactory$DuplicateJsonObjectContextCustomizer@378a3e30, org.springframework.boot.test.mock.mockito.MockitoContextCustomizer@0, org.springframework.boot.test.context.SpringBootTestArgs@1, org.springframework.boot.test.context.SpringBootTestWebEnvironment@0], contextLoader = 'org.springframework.boot.test.context.SpringBootContextLoader', parent = [null]], attributes = map[[empty]]]; transaction manager [org.springframework.orm.jpa.JpaTransactionManager@1ce4ea75]; rollback [true]
Hibernate: select paper0_.paper_id as paper_id1_1_, paper0_.answered as answered2_1_, paper0_.correct as correct3_1_, paper0_.created as created4_1_, paper0_.end_time as end_time5_1_, paper0_.name as name6_1_, paper0_.paper_template_id as paper_te7_1_, paper0_.start_time as start_ti8_1_, paper0_.state as state9_1_, paper0_.study_user_id as study_u10_1_, paper0_.total as total11_1_ from sp_paper paper0_
Hibernate: select problem0_.problem_id as problem_1_4_, problem0_.answer as answer2_4_, problem0_.content as content3_4_, problem0_.created as created4_4_, problem0_.index_num as index_nu5_4_, problem0_.paper_template_id as paper_te6_4_, problem0_.updated as updated7_4_ from sp_problem problem0_
Hibernate: select papertempl0_.paper_template_id as paper_te1_3_, papertempl0_.complete_count as complete2_3_, papertempl0_.created as created3_3_, papertempl0_.name as name4_3_, papertempl0_.published_count as publishe5_3_, papertempl0_.total as total6_3_, papertempl0_.updated as updated7_3_, papertempl0_.user_id as user_id8_3_ from sp_paper_template papertempl0_
Hibernate: select school0_.school_id as school_i1_5_, school0_.city as city2_5_, school0_.created as created3_5_, school0_.name as name4_5_, school0_.updated as updated5_5_ from sp_school school0_
Hibernate: select user0_.user_id as user_id1_6_, user0_.created as created2_6_, user0_.email as email3_6_, user0_.enabled as enabled4_6_, user0_.grade as grade5_6_, user0_.name as name6_6_, user0_.password as password7_6_, user0_.school_school_id as school_s9_6_, user0_.teacher_user_id as teacher10_6_, user0_.updated as updated8_6_ from sp_user user0_
Hibernate: insert into sp_school (school_id, city, created, name, updated) values (null, ?, ?, ?, ?)
Hibernate: insert into sp_user (user_id, created, email, enabled, grade, name, password, school_school_id, teacher_user_id, updated) values (null, ?, ?, ?, ?, ?, ?, ?, ?, ?)
Hibernate: select authority0_.user_id as user_id1_0_0_, authority0_.authority as authorit2_0_0_ from sp_authority authority0_ where authority0_.user_id=? and authority0_.authority=?
Hibernate: insert into sp_authority (user_id, authority) values (?, ?)
Hibernate: insert into sp_user (user_id, created, email, enabled, grade, name, password, school_school_id, teacher_user_id, updated) values (null, ?, ?, ?, ?, ?, ?, ?, ?, ?)
Hibernate: select authority0_.user_id as user_id1_0_0_, authority0_.authority as authorit2_0_0_ from sp_authority authority0_ where authority0_.user_id=? and authority0_.authority=?
Hibernate: insert into sp_authority (user_id, authority) values (?, ?)
Hibernate: insert into sp_paper_template (paper_template_id, complete_count, created, name, published_count, total, updated, user_id) values (null, ?, ?, ?, ?, ?, ?, ?)
Hibernate: insert into sp_problem (problem_id, answer, content, created, index_num, paper_template_id, updated) values (null, ?, ?, ?, ?, ?, ?)
Hibernate: insert into sp_problem (problem_id, answer, content, created, index_num, paper_template_id, updated) values (null, ?, ?, ?, ?, ?, ?)
Hibernate: update sp_user set email=?, enabled=?, grade=?, name=?, password=?, school_school_id=?, teacher_user_id=?, updated=? where user_id=?
Hibernate: update sp_user set email=?, enabled=?, grade=?, name=?, password=?, school_school_id=?, teacher_user_id=?, updated=? where user_id=?
Hibernate: update sp_paper_template set complete_count=?, name=?, published_count=?, total=?, updated=?, user_id=? where paper_template_id=?
Hibernate: update sp_authority set authorities_user_id=? where user_id=? and authority=?
Hibernate: update sp_authority set authorities_user_id=? where user_id=? and authority=?
Hibernate: update sp_problem set problem_list_paper_template_id=? where problem_id=?
Hibernate: update sp_problem set problem_list_paper_template_id=? where problem_id=?
Hibernate: select user0_.user_id as user_id1_6_, user0_.created as created2_6_, user0_.email as email3_6_, user0_.enabled as enabled4_6_, user0_.grade as grade5_6_, user0_.name as name6_6_, user0_.password as password7_6_, user0_.school_school_id as school_s9_6_, user0_.teacher_user_id as teacher10_6_, user0_.updated as updated8_6_ from sp_user user0_ where user0_.user_id in (?)
Hibernate: insert into sp_paper (paper_id, answered, correct, created, end_time, name, paper_template_id, start_time, state, study_user_id, total) values (null, ?, ?, ?, ?, ?, ?, ?, ?, ?, ?)
Hibernate: select paperanswe0_.num as num1_2_0_, paperanswe0_.paper_id as paper_id2_2_0_, paperanswe0_.answer as answer3_2_0_, paperanswe0_.answered as answered4_2_0_, paperanswe0_.correct as correct5_2_0_, paperanswe0_.paper_paper_id as paper_pa7_2_0_, paperanswe0_.problem_id as problem_6_2_0_ from sp_paper_answer paperanswe0_ where paperanswe0_.num=? and paperanswe0_.paper_id=?
Hibernate: select paperanswe0_.num as num1_2_0_, paperanswe0_.paper_id as paper_id2_2_0_, paperanswe0_.answer as answer3_2_0_, paperanswe0_.answered as answered4_2_0_, paperanswe0_.correct as correct5_2_0_, paperanswe0_.paper_paper_id as paper_pa7_2_0_, paperanswe0_.problem_id as problem_6_2_0_ from sp_paper_answer paperanswe0_ where paperanswe0_.num=? and paperanswe0_.paper_id=?
2021-07-30 16:57:49.523  INFO 27068 --- [    Test worker] o.s.t.c.transaction.TransactionContext   : Rolled back transaction for test: [DefaultTestContext@23222d3 testClass = PaperSolveTest, testInstance = com.sp.fc.paper.service.PaperSolveTest@5454c614, testMethod = 시험지를_모두_풀어서_100점을_맞는다@PaperSolveTest, testException = [null], mergedContextConfiguration = [MergedContextConfiguration@250bf8ac testClass = PaperSolveTest, locations = '{}', classes = '{class com.sp.fc.paper.PaperTestApp}', contextInitializerClasses = '[]', activeProfiles = '{}', propertySourceLocations = '{}', propertySourceProperties = '{org.springframework.boot.test.autoconfigure.orm.jpa.DataJpaTestContextBootstrapper=true}', contextCustomizers = set[org.springframework.boot.test.autoconfigure.OverrideAutoConfigurationContextCustomizerFactory$DisableAutoConfigurationContextCustomizer@3c1dbabe, org.springframework.boot.test.autoconfigure.actuate.metrics.MetricsExportContextCustomizerFactory$DisableMetricExportContextCustomizer@6dc2e19, org.springframework.boot.test.autoconfigure.filter.TypeExcludeFiltersContextCustomizer@351584c0, org.springframework.boot.test.autoconfigure.properties.PropertyMappingContextCustomizer@9734f8ac, org.springframework.boot.test.autoconfigure.web.servlet.WebDriverContextCustomizerFactory$Customizer@5bd009fd, [ImportsContextCustomizer@41ccd23b key = [org.springframework.boot.autoconfigure.cache.CacheAutoConfiguration, org.springframework.boot.autoconfigure.data.jpa.JpaRepositoriesAutoConfiguration, org.springframework.boot.autoconfigure.flyway.FlywayAutoConfiguration, org.springframework.boot.autoconfigure.jdbc.DataSourceAutoConfiguration, org.springframework.boot.autoconfigure.jdbc.DataSourceTransactionManagerAutoConfiguration, org.springframework.boot.autoconfigure.jdbc.JdbcTemplateAutoConfiguration, org.springframework.boot.autoconfigure.liquibase.LiquibaseAutoConfiguration, org.springframework.boot.autoconfigure.orm.jpa.HibernateJpaAutoConfiguration, org.springframework.boot.autoconfigure.transaction.TransactionAutoConfiguration, org.springframework.boot.test.autoconfigure.jdbc.TestDatabaseAutoConfiguration, org.springframework.boot.test.autoconfigure.orm.jpa.TestEntityManagerAutoConfiguration]], org.springframework.boot.test.context.filter.ExcludeFilterContextCustomizer@3b9ad6cb, org.springframework.boot.test.json.DuplicateJsonObjectContextCustomizerFactory$DuplicateJsonObjectContextCustomizer@378a3e30, org.springframework.boot.test.mock.mockito.MockitoContextCustomizer@0, org.springframework.boot.test.context.SpringBootTestArgs@1, org.springframework.boot.test.context.SpringBootTestWebEnvironment@0], contextLoader = 'org.springframework.boot.test.context.SpringBootContextLoader', parent = [null]], attributes = map[[empty]]]
2021-07-30 16:57:49.530  INFO 27068 --- [    Test worker] o.s.t.c.transaction.TransactionContext   : Began transaction (1) for test context [DefaultTestContext@23222d3 testClass = PaperSolveTest, testInstance = com.sp.fc.paper.service.PaperSolveTest@3df693c7, testMethod = 문제를_풀지_않고_그냥_제출해_버린다@PaperSolveTest, testException = [null], mergedContextConfiguration = [MergedContextConfiguration@250bf8ac testClass = PaperSolveTest, locations = '{}', classes = '{class com.sp.fc.paper.PaperTestApp}', contextInitializerClasses = '[]', activeProfiles = '{}', propertySourceLocations = '{}', propertySourceProperties = '{org.springframework.boot.test.autoconfigure.orm.jpa.DataJpaTestContextBootstrapper=true}', contextCustomizers = set[org.springframework.boot.test.autoconfigure.OverrideAutoConfigurationContextCustomizerFactory$DisableAutoConfigurationContextCustomizer@3c1dbabe, org.springframework.boot.test.autoconfigure.actuate.metrics.MetricsExportContextCustomizerFactory$DisableMetricExportContextCustomizer@6dc2e19, org.springframework.boot.test.autoconfigure.filter.TypeExcludeFiltersContextCustomizer@351584c0, org.springframework.boot.test.autoconfigure.properties.PropertyMappingContextCustomizer@9734f8ac, org.springframework.boot.test.autoconfigure.web.servlet.WebDriverContextCustomizerFactory$Customizer@5bd009fd, [ImportsContextCustomizer@41ccd23b key = [org.springframework.boot.autoconfigure.cache.CacheAutoConfiguration, org.springframework.boot.autoconfigure.data.jpa.JpaRepositoriesAutoConfiguration, org.springframework.boot.autoconfigure.flyway.FlywayAutoConfiguration, org.springframework.boot.autoconfigure.jdbc.DataSourceAutoConfiguration, org.springframework.boot.autoconfigure.jdbc.DataSourceTransactionManagerAutoConfiguration, org.springframework.boot.autoconfigure.jdbc.JdbcTemplateAutoConfiguration, org.springframework.boot.autoconfigure.liquibase.LiquibaseAutoConfiguration, org.springframework.boot.autoconfigure.orm.jpa.HibernateJpaAutoConfiguration, org.springframework.boot.autoconfigure.transaction.TransactionAutoConfiguration, org.springframework.boot.test.autoconfigure.jdbc.TestDatabaseAutoConfiguration, org.springframework.boot.test.autoconfigure.orm.jpa.TestEntityManagerAutoConfiguration]], org.springframework.boot.test.context.filter.ExcludeFilterContextCustomizer@3b9ad6cb, org.springframework.boot.test.json.DuplicateJsonObjectContextCustomizerFactory$DuplicateJsonObjectContextCustomizer@378a3e30, org.springframework.boot.test.mock.mockito.MockitoContextCustomizer@0, org.springframework.boot.test.context.SpringBootTestArgs@1, org.springframework.boot.test.context.SpringBootTestWebEnvironment@0], contextLoader = 'org.springframework.boot.test.context.SpringBootContextLoader', parent = [null]], attributes = map[[empty]]]; transaction manager [org.springframework.orm.jpa.JpaTransactionManager@1ce4ea75]; rollback [true]
Hibernate: select paper0_.paper_id as paper_id1_1_, paper0_.answered as answered2_1_, paper0_.correct as correct3_1_, paper0_.created as created4_1_, paper0_.end_time as end_time5_1_, paper0_.name as name6_1_, paper0_.paper_template_id as paper_te7_1_, paper0_.start_time as start_ti8_1_, paper0_.state as state9_1_, paper0_.study_user_id as study_u10_1_, paper0_.total as total11_1_ from sp_paper paper0_
Hibernate: select problem0_.problem_id as problem_1_4_, problem0_.answer as answer2_4_, problem0_.content as content3_4_, problem0_.created as created4_4_, problem0_.index_num as index_nu5_4_, problem0_.paper_template_id as paper_te6_4_, problem0_.updated as updated7_4_ from sp_problem problem0_
Hibernate: select papertempl0_.paper_template_id as paper_te1_3_, papertempl0_.complete_count as complete2_3_, papertempl0_.created as created3_3_, papertempl0_.name as name4_3_, papertempl0_.published_count as publishe5_3_, papertempl0_.total as total6_3_, papertempl0_.updated as updated7_3_, papertempl0_.user_id as user_id8_3_ from sp_paper_template papertempl0_
Hibernate: select school0_.school_id as school_i1_5_, school0_.city as city2_5_, school0_.created as created3_5_, school0_.name as name4_5_, school0_.updated as updated5_5_ from sp_school school0_
Hibernate: select user0_.user_id as user_id1_6_, user0_.created as created2_6_, user0_.email as email3_6_, user0_.enabled as enabled4_6_, user0_.grade as grade5_6_, user0_.name as name6_6_, user0_.password as password7_6_, user0_.school_school_id as school_s9_6_, user0_.teacher_user_id as teacher10_6_, user0_.updated as updated8_6_ from sp_user user0_
Hibernate: insert into sp_school (school_id, city, created, name, updated) values (null, ?, ?, ?, ?)
Hibernate: insert into sp_user (user_id, created, email, enabled, grade, name, password, school_school_id, teacher_user_id, updated) values (null, ?, ?, ?, ?, ?, ?, ?, ?, ?)
Hibernate: select authority0_.user_id as user_id1_0_0_, authority0_.authority as authorit2_0_0_ from sp_authority authority0_ where authority0_.user_id=? and authority0_.authority=?
Hibernate: insert into sp_authority (user_id, authority) values (?, ?)
Hibernate: insert into sp_user (user_id, created, email, enabled, grade, name, password, school_school_id, teacher_user_id, updated) values (null, ?, ?, ?, ?, ?, ?, ?, ?, ?)
Hibernate: select authority0_.user_id as user_id1_0_0_, authority0_.authority as authorit2_0_0_ from sp_authority authority0_ where authority0_.user_id=? and authority0_.authority=?
Hibernate: insert into sp_authority (user_id, authority) values (?, ?)
Hibernate: insert into sp_paper_template (paper_template_id, complete_count, created, name, published_count, total, updated, user_id) values (null, ?, ?, ?, ?, ?, ?, ?)
Hibernate: insert into sp_problem (problem_id, answer, content, created, index_num, paper_template_id, updated) values (null, ?, ?, ?, ?, ?, ?)
Hibernate: insert into sp_problem (problem_id, answer, content, created, index_num, paper_template_id, updated) values (null, ?, ?, ?, ?, ?, ?)
Hibernate: update sp_user set email=?, enabled=?, grade=?, name=?, password=?, school_school_id=?, teacher_user_id=?, updated=? where user_id=?
Hibernate: update sp_user set email=?, enabled=?, grade=?, name=?, password=?, school_school_id=?, teacher_user_id=?, updated=? where user_id=?
Hibernate: update sp_paper_template set complete_count=?, name=?, published_count=?, total=?, updated=?, user_id=? where paper_template_id=?
Hibernate: update sp_authority set authorities_user_id=? where user_id=? and authority=?
Hibernate: update sp_authority set authorities_user_id=? where user_id=? and authority=?
Hibernate: update sp_problem set problem_list_paper_template_id=? where problem_id=?
Hibernate: update sp_problem set problem_list_paper_template_id=? where problem_id=?
Hibernate: select user0_.user_id as user_id1_6_, user0_.created as created2_6_, user0_.email as email3_6_, user0_.enabled as enabled4_6_, user0_.grade as grade5_6_, user0_.name as name6_6_, user0_.password as password7_6_, user0_.school_school_id as school_s9_6_, user0_.teacher_user_id as teacher10_6_, user0_.updated as updated8_6_ from sp_user user0_ where user0_.user_id in (?)
Hibernate: insert into sp_paper (paper_id, answered, correct, created, end_time, name, paper_template_id, start_time, state, study_user_id, total) values (null, ?, ?, ?, ?, ?, ?, ?, ?, ?, ?)
2021-07-30 16:57:49.588  INFO 27068 --- [    Test worker] o.s.t.c.transaction.TransactionContext   : Rolled back transaction for test: [DefaultTestContext@23222d3 testClass = PaperSolveTest, testInstance = com.sp.fc.paper.service.PaperSolveTest@3df693c7, testMethod = 문제를_풀지_않고_그냥_제출해_버린다@PaperSolveTest, testException = [null], mergedContextConfiguration = [MergedContextConfiguration@250bf8ac testClass = PaperSolveTest, locations = '{}', classes = '{class com.sp.fc.paper.PaperTestApp}', contextInitializerClasses = '[]', activeProfiles = '{}', propertySourceLocations = '{}', propertySourceProperties = '{org.springframework.boot.test.autoconfigure.orm.jpa.DataJpaTestContextBootstrapper=true}', contextCustomizers = set[org.springframework.boot.test.autoconfigure.OverrideAutoConfigurationContextCustomizerFactory$DisableAutoConfigurationContextCustomizer@3c1dbabe, org.springframework.boot.test.autoconfigure.actuate.metrics.MetricsExportContextCustomizerFactory$DisableMetricExportContextCustomizer@6dc2e19, org.springframework.boot.test.autoconfigure.filter.TypeExcludeFiltersContextCustomizer@351584c0, org.springframework.boot.test.autoconfigure.properties.PropertyMappingContextCustomizer@9734f8ac, org.springframework.boot.test.autoconfigure.web.servlet.WebDriverContextCustomizerFactory$Customizer@5bd009fd, [ImportsContextCustomizer@41ccd23b key = [org.springframework.boot.autoconfigure.cache.CacheAutoConfiguration, org.springframework.boot.autoconfigure.data.jpa.JpaRepositoriesAutoConfiguration, org.springframework.boot.autoconfigure.flyway.FlywayAutoConfiguration, org.springframework.boot.autoconfigure.jdbc.DataSourceAutoConfiguration, org.springframework.boot.autoconfigure.jdbc.DataSourceTransactionManagerAutoConfiguration, org.springframework.boot.autoconfigure.jdbc.JdbcTemplateAutoConfiguration, org.springframework.boot.autoconfigure.liquibase.LiquibaseAutoConfiguration, org.springframework.boot.autoconfigure.orm.jpa.HibernateJpaAutoConfiguration, org.springframework.boot.autoconfigure.transaction.TransactionAutoConfiguration, org.springframework.boot.test.autoconfigure.jdbc.TestDatabaseAutoConfiguration, org.springframework.boot.test.autoconfigure.orm.jpa.TestEntityManagerAutoConfiguration]], org.springframework.boot.test.context.filter.ExcludeFilterContextCustomizer@3b9ad6cb, org.springframework.boot.test.json.DuplicateJsonObjectContextCustomizerFactory$DuplicateJsonObjectContextCustomizer@378a3e30, org.springframework.boot.test.mock.mockito.MockitoContextCustomizer@0, org.springframework.boot.test.context.SpringBootTestArgs@1, org.springframework.boot.test.context.SpringBootTestWebEnvironment@0], contextLoader = 'org.springframework.boot.test.context.SpringBootContextLoader', parent = [null]], attributes = map[[empty]]]
2021-07-30 16:57:49.594  INFO 27068 --- [    Test worker] o.s.t.c.transaction.TransactionContext   : Began transaction (1) for test context [DefaultTestContext@23222d3 testClass = PaperSolveTest, testInstance = com.sp.fc.paper.service.PaperSolveTest@5994de5f, testMethod = 문제를_모두_틀려서_0점을_맞는다@PaperSolveTest, testException = [null], mergedContextConfiguration = [MergedContextConfiguration@250bf8ac testClass = PaperSolveTest, locations = '{}', classes = '{class com.sp.fc.paper.PaperTestApp}', contextInitializerClasses = '[]', activeProfiles = '{}', propertySourceLocations = '{}', propertySourceProperties = '{org.springframework.boot.test.autoconfigure.orm.jpa.DataJpaTestContextBootstrapper=true}', contextCustomizers = set[org.springframework.boot.test.autoconfigure.OverrideAutoConfigurationContextCustomizerFactory$DisableAutoConfigurationContextCustomizer@3c1dbabe, org.springframework.boot.test.autoconfigure.actuate.metrics.MetricsExportContextCustomizerFactory$DisableMetricExportContextCustomizer@6dc2e19, org.springframework.boot.test.autoconfigure.filter.TypeExcludeFiltersContextCustomizer@351584c0, org.springframework.boot.test.autoconfigure.properties.PropertyMappingContextCustomizer@9734f8ac, org.springframework.boot.test.autoconfigure.web.servlet.WebDriverContextCustomizerFactory$Customizer@5bd009fd, [ImportsContextCustomizer@41ccd23b key = [org.springframework.boot.autoconfigure.cache.CacheAutoConfiguration, org.springframework.boot.autoconfigure.data.jpa.JpaRepositoriesAutoConfiguration, org.springframework.boot.autoconfigure.flyway.FlywayAutoConfiguration, org.springframework.boot.autoconfigure.jdbc.DataSourceAutoConfiguration, org.springframework.boot.autoconfigure.jdbc.DataSourceTransactionManagerAutoConfiguration, org.springframework.boot.autoconfigure.jdbc.JdbcTemplateAutoConfiguration, org.springframework.boot.autoconfigure.liquibase.LiquibaseAutoConfiguration, org.springframework.boot.autoconfigure.orm.jpa.HibernateJpaAutoConfiguration, org.springframework.boot.autoconfigure.transaction.TransactionAutoConfiguration, org.springframework.boot.test.autoconfigure.jdbc.TestDatabaseAutoConfiguration, org.springframework.boot.test.autoconfigure.orm.jpa.TestEntityManagerAutoConfiguration]], org.springframework.boot.test.context.filter.ExcludeFilterContextCustomizer@3b9ad6cb, org.springframework.boot.test.json.DuplicateJsonObjectContextCustomizerFactory$DuplicateJsonObjectContextCustomizer@378a3e30, org.springframework.boot.test.mock.mockito.MockitoContextCustomizer@0, org.springframework.boot.test.context.SpringBootTestArgs@1, org.springframework.boot.test.context.SpringBootTestWebEnvironment@0], contextLoader = 'org.springframework.boot.test.context.SpringBootContextLoader', parent = [null]], attributes = map[[empty]]]; transaction manager [org.springframework.orm.jpa.JpaTransactionManager@1ce4ea75]; rollback [true]
Hibernate: select paper0_.paper_id as paper_id1_1_, paper0_.answered as answered2_1_, paper0_.correct as correct3_1_, paper0_.created as created4_1_, paper0_.end_time as end_time5_1_, paper0_.name as name6_1_, paper0_.paper_template_id as paper_te7_1_, paper0_.start_time as start_ti8_1_, paper0_.state as state9_1_, paper0_.study_user_id as study_u10_1_, paper0_.total as total11_1_ from sp_paper paper0_
Hibernate: select problem0_.problem_id as problem_1_4_, problem0_.answer as answer2_4_, problem0_.content as content3_4_, problem0_.created as created4_4_, problem0_.index_num as index_nu5_4_, problem0_.paper_template_id as paper_te6_4_, problem0_.updated as updated7_4_ from sp_problem problem0_
Hibernate: select papertempl0_.paper_template_id as paper_te1_3_, papertempl0_.complete_count as complete2_3_, papertempl0_.created as created3_3_, papertempl0_.name as name4_3_, papertempl0_.published_count as publishe5_3_, papertempl0_.total as total6_3_, papertempl0_.updated as updated7_3_, papertempl0_.user_id as user_id8_3_ from sp_paper_template papertempl0_
Hibernate: select school0_.school_id as school_i1_5_, school0_.city as city2_5_, school0_.created as created3_5_, school0_.name as name4_5_, school0_.updated as updated5_5_ from sp_school school0_
Hibernate: select user0_.user_id as user_id1_6_, user0_.created as created2_6_, user0_.email as email3_6_, user0_.enabled as enabled4_6_, user0_.grade as grade5_6_, user0_.name as name6_6_, user0_.password as password7_6_, user0_.school_school_id as school_s9_6_, user0_.teacher_user_id as teacher10_6_, user0_.updated as updated8_6_ from sp_user user0_
Hibernate: insert into sp_school (school_id, city, created, name, updated) values (null, ?, ?, ?, ?)
Hibernate: insert into sp_user (user_id, created, email, enabled, grade, name, password, school_school_id, teacher_user_id, updated) values (null, ?, ?, ?, ?, ?, ?, ?, ?, ?)
Hibernate: select authority0_.user_id as user_id1_0_0_, authority0_.authority as authorit2_0_0_ from sp_authority authority0_ where authority0_.user_id=? and authority0_.authority=?
Hibernate: insert into sp_authority (user_id, authority) values (?, ?)
Hibernate: insert into sp_user (user_id, created, email, enabled, grade, name, password, school_school_id, teacher_user_id, updated) values (null, ?, ?, ?, ?, ?, ?, ?, ?, ?)
Hibernate: select authority0_.user_id as user_id1_0_0_, authority0_.authority as authorit2_0_0_ from sp_authority authority0_ where authority0_.user_id=? and authority0_.authority=?
Hibernate: insert into sp_authority (user_id, authority) values (?, ?)
Hibernate: insert into sp_paper_template (paper_template_id, complete_count, created, name, published_count, total, updated, user_id) values (null, ?, ?, ?, ?, ?, ?, ?)
Hibernate: insert into sp_problem (problem_id, answer, content, created, index_num, paper_template_id, updated) values (null, ?, ?, ?, ?, ?, ?)
Hibernate: insert into sp_problem (problem_id, answer, content, created, index_num, paper_template_id, updated) values (null, ?, ?, ?, ?, ?, ?)
Hibernate: update sp_user set email=?, enabled=?, grade=?, name=?, password=?, school_school_id=?, teacher_user_id=?, updated=? where user_id=?
Hibernate: update sp_user set email=?, enabled=?, grade=?, name=?, password=?, school_school_id=?, teacher_user_id=?, updated=? where user_id=?
Hibernate: update sp_paper_template set complete_count=?, name=?, published_count=?, total=?, updated=?, user_id=? where paper_template_id=?
Hibernate: update sp_authority set authorities_user_id=? where user_id=? and authority=?
Hibernate: update sp_authority set authorities_user_id=? where user_id=? and authority=?
Hibernate: update sp_problem set problem_list_paper_template_id=? where problem_id=?
Hibernate: update sp_problem set problem_list_paper_template_id=? where problem_id=?
Hibernate: select user0_.user_id as user_id1_6_, user0_.created as created2_6_, user0_.email as email3_6_, user0_.enabled as enabled4_6_, user0_.grade as grade5_6_, user0_.name as name6_6_, user0_.password as password7_6_, user0_.school_school_id as school_s9_6_, user0_.teacher_user_id as teacher10_6_, user0_.updated as updated8_6_ from sp_user user0_ where user0_.user_id in (?)
Hibernate: insert into sp_paper (paper_id, answered, correct, created, end_time, name, paper_template_id, start_time, state, study_user_id, total) values (null, ?, ?, ?, ?, ?, ?, ?, ?, ?, ?)
Hibernate: select paperanswe0_.num as num1_2_0_, paperanswe0_.paper_id as paper_id2_2_0_, paperanswe0_.answer as answer3_2_0_, paperanswe0_.answered as answered4_2_0_, paperanswe0_.correct as correct5_2_0_, paperanswe0_.paper_paper_id as paper_pa7_2_0_, paperanswe0_.problem_id as problem_6_2_0_ from sp_paper_answer paperanswe0_ where paperanswe0_.num=? and paperanswe0_.paper_id=?
Hibernate: select paperanswe0_.num as num1_2_0_, paperanswe0_.paper_id as paper_id2_2_0_, paperanswe0_.answer as answer3_2_0_, paperanswe0_.answered as answered4_2_0_, paperanswe0_.correct as correct5_2_0_, paperanswe0_.paper_paper_id as paper_pa7_2_0_, paperanswe0_.problem_id as problem_6_2_0_ from sp_paper_answer paperanswe0_ where paperanswe0_.num=? and paperanswe0_.paper_id=?
2021-07-30 16:57:49.630  INFO 27068 --- [    Test worker] o.s.t.c.transaction.TransactionContext   : Rolled back transaction for test: [DefaultTestContext@23222d3 testClass = PaperSolveTest, testInstance = com.sp.fc.paper.service.PaperSolveTest@5994de5f, testMethod = 문제를_모두_틀려서_0점을_맞는다@PaperSolveTest, testException = [null], mergedContextConfiguration = [MergedContextConfiguration@250bf8ac testClass = PaperSolveTest, locations = '{}', classes = '{class com.sp.fc.paper.PaperTestApp}', contextInitializerClasses = '[]', activeProfiles = '{}', propertySourceLocations = '{}', propertySourceProperties = '{org.springframework.boot.test.autoconfigure.orm.jpa.DataJpaTestContextBootstrapper=true}', contextCustomizers = set[org.springframework.boot.test.autoconfigure.OverrideAutoConfigurationContextCustomizerFactory$DisableAutoConfigurationContextCustomizer@3c1dbabe, org.springframework.boot.test.autoconfigure.actuate.metrics.MetricsExportContextCustomizerFactory$DisableMetricExportContextCustomizer@6dc2e19, org.springframework.boot.test.autoconfigure.filter.TypeExcludeFiltersContextCustomizer@351584c0, org.springframework.boot.test.autoconfigure.properties.PropertyMappingContextCustomizer@9734f8ac, org.springframework.boot.test.autoconfigure.web.servlet.WebDriverContextCustomizerFactory$Customizer@5bd009fd, [ImportsContextCustomizer@41ccd23b key = [org.springframework.boot.autoconfigure.cache.CacheAutoConfiguration, org.springframework.boot.autoconfigure.data.jpa.JpaRepositoriesAutoConfiguration, org.springframework.boot.autoconfigure.flyway.FlywayAutoConfiguration, org.springframework.boot.autoconfigure.jdbc.DataSourceAutoConfiguration, org.springframework.boot.autoconfigure.jdbc.DataSourceTransactionManagerAutoConfiguration, org.springframework.boot.autoconfigure.jdbc.JdbcTemplateAutoConfiguration, org.springframework.boot.autoconfigure.liquibase.LiquibaseAutoConfiguration, org.springframework.boot.autoconfigure.orm.jpa.HibernateJpaAutoConfiguration, org.springframework.boot.autoconfigure.transaction.TransactionAutoConfiguration, org.springframework.boot.test.autoconfigure.jdbc.TestDatabaseAutoConfiguration, org.springframework.boot.test.autoconfigure.orm.jpa.TestEntityManagerAutoConfiguration]], org.springframework.boot.test.context.filter.ExcludeFilterContextCustomizer@3b9ad6cb, org.springframework.boot.test.json.DuplicateJsonObjectContextCustomizerFactory$DuplicateJsonObjectContextCustomizer@378a3e30, org.springframework.boot.test.mock.mockito.MockitoContextCustomizer@0, org.springframework.boot.test.context.SpringBootTestArgs@1, org.springframework.boot.test.context.SpringBootTestWebEnvironment@0], contextLoader = 'org.springframework.boot.test.context.SpringBootContextLoader', parent = [null]], attributes = map[[empty]]]
2021-07-30 16:57:49.637  INFO 27068 --- [    Test worker] o.s.t.c.transaction.TransactionContext   : Began transaction (1) for test context [DefaultTestContext@23222d3 testClass = PaperSolveTest, testInstance = com.sp.fc.paper.service.PaperSolveTest@4855cdc0, testMethod = 문제를_한개_틀려서_50점을_맞는다@PaperSolveTest, testException = [null], mergedContextConfiguration = [MergedContextConfiguration@250bf8ac testClass = PaperSolveTest, locations = '{}', classes = '{class com.sp.fc.paper.PaperTestApp}', contextInitializerClasses = '[]', activeProfiles = '{}', propertySourceLocations = '{}', propertySourceProperties = '{org.springframework.boot.test.autoconfigure.orm.jpa.DataJpaTestContextBootstrapper=true}', contextCustomizers = set[org.springframework.boot.test.autoconfigure.OverrideAutoConfigurationContextCustomizerFactory$DisableAutoConfigurationContextCustomizer@3c1dbabe, org.springframework.boot.test.autoconfigure.actuate.metrics.MetricsExportContextCustomizerFactory$DisableMetricExportContextCustomizer@6dc2e19, org.springframework.boot.test.autoconfigure.filter.TypeExcludeFiltersContextCustomizer@351584c0, org.springframework.boot.test.autoconfigure.properties.PropertyMappingContextCustomizer@9734f8ac, org.springframework.boot.test.autoconfigure.web.servlet.WebDriverContextCustomizerFactory$Customizer@5bd009fd, [ImportsContextCustomizer@41ccd23b key = [org.springframework.boot.autoconfigure.cache.CacheAutoConfiguration, org.springframework.boot.autoconfigure.data.jpa.JpaRepositoriesAutoConfiguration, org.springframework.boot.autoconfigure.flyway.FlywayAutoConfiguration, org.springframework.boot.autoconfigure.jdbc.DataSourceAutoConfiguration, org.springframework.boot.autoconfigure.jdbc.DataSourceTransactionManagerAutoConfiguration, org.springframework.boot.autoconfigure.jdbc.JdbcTemplateAutoConfiguration, org.springframework.boot.autoconfigure.liquibase.LiquibaseAutoConfiguration, org.springframework.boot.autoconfigure.orm.jpa.HibernateJpaAutoConfiguration, org.springframework.boot.autoconfigure.transaction.TransactionAutoConfiguration, org.springframework.boot.test.autoconfigure.jdbc.TestDatabaseAutoConfiguration, org.springframework.boot.test.autoconfigure.orm.jpa.TestEntityManagerAutoConfiguration]], org.springframework.boot.test.context.filter.ExcludeFilterContextCustomizer@3b9ad6cb, org.springframework.boot.test.json.DuplicateJsonObjectContextCustomizerFactory$DuplicateJsonObjectContextCustomizer@378a3e30, org.springframework.boot.test.mock.mockito.MockitoContextCustomizer@0, org.springframework.boot.test.context.SpringBootTestArgs@1, org.springframework.boot.test.context.SpringBootTestWebEnvironment@0], contextLoader = 'org.springframework.boot.test.context.SpringBootContextLoader', parent = [null]], attributes = map[[empty]]]; transaction manager [org.springframework.orm.jpa.JpaTransactionManager@1ce4ea75]; rollback [true]
Hibernate: select paper0_.paper_id as paper_id1_1_, paper0_.answered as answered2_1_, paper0_.correct as correct3_1_, paper0_.created as created4_1_, paper0_.end_time as end_time5_1_, paper0_.name as name6_1_, paper0_.paper_template_id as paper_te7_1_, paper0_.start_time as start_ti8_1_, paper0_.state as state9_1_, paper0_.study_user_id as study_u10_1_, paper0_.total as total11_1_ from sp_paper paper0_
Hibernate: select problem0_.problem_id as problem_1_4_, problem0_.answer as answer2_4_, problem0_.content as content3_4_, problem0_.created as created4_4_, problem0_.index_num as index_nu5_4_, problem0_.paper_template_id as paper_te6_4_, problem0_.updated as updated7_4_ from sp_problem problem0_
Hibernate: select papertempl0_.paper_template_id as paper_te1_3_, papertempl0_.complete_count as complete2_3_, papertempl0_.created as created3_3_, papertempl0_.name as name4_3_, papertempl0_.published_count as publishe5_3_, papertempl0_.total as total6_3_, papertempl0_.updated as updated7_3_, papertempl0_.user_id as user_id8_3_ from sp_paper_template papertempl0_
Hibernate: select school0_.school_id as school_i1_5_, school0_.city as city2_5_, school0_.created as created3_5_, school0_.name as name4_5_, school0_.updated as updated5_5_ from sp_school school0_
Hibernate: select user0_.user_id as user_id1_6_, user0_.created as created2_6_, user0_.email as email3_6_, user0_.enabled as enabled4_6_, user0_.grade as grade5_6_, user0_.name as name6_6_, user0_.password as password7_6_, user0_.school_school_id as school_s9_6_, user0_.teacher_user_id as teacher10_6_, user0_.updated as updated8_6_ from sp_user user0_
Hibernate: insert into sp_school (school_id, city, created, name, updated) values (null, ?, ?, ?, ?)
Hibernate: insert into sp_user (user_id, created, email, enabled, grade, name, password, school_school_id, teacher_user_id, updated) values (null, ?, ?, ?, ?, ?, ?, ?, ?, ?)
Hibernate: select authority0_.user_id as user_id1_0_0_, authority0_.authority as authorit2_0_0_ from sp_authority authority0_ where authority0_.user_id=? and authority0_.authority=?
Hibernate: insert into sp_authority (user_id, authority) values (?, ?)
Hibernate: insert into sp_user (user_id, created, email, enabled, grade, name, password, school_school_id, teacher_user_id, updated) values (null, ?, ?, ?, ?, ?, ?, ?, ?, ?)
Hibernate: select authority0_.user_id as user_id1_0_0_, authority0_.authority as authorit2_0_0_ from sp_authority authority0_ where authority0_.user_id=? and authority0_.authority=?
Hibernate: insert into sp_authority (user_id, authority) values (?, ?)
Hibernate: insert into sp_paper_template (paper_template_id, complete_count, created, name, published_count, total, updated, user_id) values (null, ?, ?, ?, ?, ?, ?, ?)
Hibernate: insert into sp_problem (problem_id, answer, content, created, index_num, paper_template_id, updated) values (null, ?, ?, ?, ?, ?, ?)
Hibernate: insert into sp_problem (problem_id, answer, content, created, index_num, paper_template_id, updated) values (null, ?, ?, ?, ?, ?, ?)
Hibernate: update sp_user set email=?, enabled=?, grade=?, name=?, password=?, school_school_id=?, teacher_user_id=?, updated=? where user_id=?
Hibernate: update sp_user set email=?, enabled=?, grade=?, name=?, password=?, school_school_id=?, teacher_user_id=?, updated=? where user_id=?
Hibernate: update sp_paper_template set complete_count=?, name=?, published_count=?, total=?, updated=?, user_id=? where paper_template_id=?
Hibernate: update sp_authority set authorities_user_id=? where user_id=? and authority=?
Hibernate: update sp_authority set authorities_user_id=? where user_id=? and authority=?
Hibernate: update sp_problem set problem_list_paper_template_id=? where problem_id=?
Hibernate: update sp_problem set problem_list_paper_template_id=? where problem_id=?
Hibernate: select user0_.user_id as user_id1_6_, user0_.created as created2_6_, user0_.email as email3_6_, user0_.enabled as enabled4_6_, user0_.grade as grade5_6_, user0_.name as name6_6_, user0_.password as password7_6_, user0_.school_school_id as school_s9_6_, user0_.teacher_user_id as teacher10_6_, user0_.updated as updated8_6_ from sp_user user0_ where user0_.user_id in (?)
Hibernate: insert into sp_paper (paper_id, answered, correct, created, end_time, name, paper_template_id, start_time, state, study_user_id, total) values (null, ?, ?, ?, ?, ?, ?, ?, ?, ?, ?)
Hibernate: select paperanswe0_.num as num1_2_0_, paperanswe0_.paper_id as paper_id2_2_0_, paperanswe0_.answer as answer3_2_0_, paperanswe0_.answered as answered4_2_0_, paperanswe0_.correct as correct5_2_0_, paperanswe0_.paper_paper_id as paper_pa7_2_0_, paperanswe0_.problem_id as problem_6_2_0_ from sp_paper_answer paperanswe0_ where paperanswe0_.num=? and paperanswe0_.paper_id=?
Hibernate: select paperanswe0_.num as num1_2_0_, paperanswe0_.paper_id as paper_id2_2_0_, paperanswe0_.answer as answer3_2_0_, paperanswe0_.answered as answered4_2_0_, paperanswe0_.correct as correct5_2_0_, paperanswe0_.paper_paper_id as paper_pa7_2_0_, paperanswe0_.problem_id as problem_6_2_0_ from sp_paper_answer paperanswe0_ where paperanswe0_.num=? and paperanswe0_.paper_id=?
2021-07-30 16:57:49.678  INFO 27068 --- [    Test worker] o.s.t.c.transaction.TransactionContext   : Rolled back transaction for test: [DefaultTestContext@23222d3 testClass = PaperSolveTest, testInstance = com.sp.fc.paper.service.PaperSolveTest@4855cdc0, testMethod = 문제를_한개_틀려서_50점을_맞는다@PaperSolveTest, testException = [null], mergedContextConfiguration = [MergedContextConfiguration@250bf8ac testClass = PaperSolveTest, locations = '{}', classes = '{class com.sp.fc.paper.PaperTestApp}', contextInitializerClasses = '[]', activeProfiles = '{}', propertySourceLocations = '{}', propertySourceProperties = '{org.springframework.boot.test.autoconfigure.orm.jpa.DataJpaTestContextBootstrapper=true}', contextCustomizers = set[org.springframework.boot.test.autoconfigure.OverrideAutoConfigurationContextCustomizerFactory$DisableAutoConfigurationContextCustomizer@3c1dbabe, org.springframework.boot.test.autoconfigure.actuate.metrics.MetricsExportContextCustomizerFactory$DisableMetricExportContextCustomizer@6dc2e19, org.springframework.boot.test.autoconfigure.filter.TypeExcludeFiltersContextCustomizer@351584c0, org.springframework.boot.test.autoconfigure.properties.PropertyMappingContextCustomizer@9734f8ac, org.springframework.boot.test.autoconfigure.web.servlet.WebDriverContextCustomizerFactory$Customizer@5bd009fd, [ImportsContextCustomizer@41ccd23b key = [org.springframework.boot.autoconfigure.cache.CacheAutoConfiguration, org.springframework.boot.autoconfigure.data.jpa.JpaRepositoriesAutoConfiguration, org.springframework.boot.autoconfigure.flyway.FlywayAutoConfiguration, org.springframework.boot.autoconfigure.jdbc.DataSourceAutoConfiguration, org.springframework.boot.autoconfigure.jdbc.DataSourceTransactionManagerAutoConfiguration, org.springframework.boot.autoconfigure.jdbc.JdbcTemplateAutoConfiguration, org.springframework.boot.autoconfigure.liquibase.LiquibaseAutoConfiguration, org.springframework.boot.autoconfigure.orm.jpa.HibernateJpaAutoConfiguration, org.springframework.boot.autoconfigure.transaction.TransactionAutoConfiguration, org.springframework.boot.test.autoconfigure.jdbc.TestDatabaseAutoConfiguration, org.springframework.boot.test.autoconfigure.orm.jpa.TestEntityManagerAutoConfiguration]], org.springframework.boot.test.context.filter.ExcludeFilterContextCustomizer@3b9ad6cb, org.springframework.boot.test.json.DuplicateJsonObjectContextCustomizerFactory$DuplicateJsonObjectContextCustomizer@378a3e30, org.springframework.boot.test.mock.mockito.MockitoContextCustomizer@0, org.springframework.boot.test.context.SpringBootTestArgs@1, org.springframework.boot.test.context.SpringBootTestWebEnvironment@0], contextLoader = 'org.springframework.boot.test.context.SpringBootContextLoader', parent = [null]], attributes = map[[empty]]]
]]></system-out>
  <system-err><![CDATA[]]></system-err>
</testsuite>
