<?xml version="1.0" encoding="UTF-8"?>
<testsuite name="com.fastcampus.jpa.bookmanager.repository.BookReviewInfoRepositoryTest" tests="1" skipped="0" failures="0" errors="0" timestamp="2021-06-19T10:32:44" hostname="LAPTOP-IPOJ3GNM" time="0.363">
  <properties/>
  <testcase name="crudTest2()" classname="com.fastcampus.jpa.bookmanager.repository.BookReviewInfoRepositoryTest" time="0.363"/>
  <system-out><![CDATA[19:32:38.523 [Test worker] DEBUG org.springframework.test.context.BootstrapUtils - Instantiating CacheAwareContextLoaderDelegate from class [org.springframework.test.context.cache.DefaultCacheAwareContextLoaderDelegate]
19:32:38.536 [Test worker] DEBUG org.springframework.test.context.BootstrapUtils - Instantiating BootstrapContext using constructor [public org.springframework.test.context.support.DefaultBootstrapContext(java.lang.Class,org.springframework.test.context.CacheAwareContextLoaderDelegate)]
19:32:38.569 [Test worker] DEBUG org.springframework.test.context.BootstrapUtils - Instantiating TestContextBootstrapper for test class [com.fastcampus.jpa.bookmanager.repository.BookReviewInfoRepositoryTest] from class [org.springframework.boot.test.context.SpringBootTestContextBootstrapper]
19:32:38.580 [Test worker] INFO org.springframework.boot.test.context.SpringBootTestContextBootstrapper - Neither @ContextConfiguration nor @ContextHierarchy found for test class [com.fastcampus.jpa.bookmanager.repository.BookReviewInfoRepositoryTest], using SpringBootContextLoader
19:32:38.585 [Test worker] DEBUG org.springframework.test.context.support.AbstractContextLoader - Did not detect default resource location for test class [com.fastcampus.jpa.bookmanager.repository.BookReviewInfoRepositoryTest]: class path resource [com/fastcampus/jpa/bookmanager/repository/BookReviewInfoRepositoryTest-context.xml] does not exist
19:32:38.586 [Test worker] DEBUG org.springframework.test.context.support.AbstractContextLoader - Did not detect default resource location for test class [com.fastcampus.jpa.bookmanager.repository.BookReviewInfoRepositoryTest]: class path resource [com/fastcampus/jpa/bookmanager/repository/BookReviewInfoRepositoryTestContext.groovy] does not exist
19:32:38.586 [Test worker] INFO org.springframework.test.context.support.AbstractContextLoader - Could not detect default resource locations for test class [com.fastcampus.jpa.bookmanager.repository.BookReviewInfoRepositoryTest]: no resource found for suffixes {-context.xml, Context.groovy}.
19:32:38.587 [Test worker] INFO org.springframework.test.context.support.AnnotationConfigContextLoaderUtils - Could not detect default configuration classes for test class [com.fastcampus.jpa.bookmanager.repository.BookReviewInfoRepositoryTest]: BookReviewInfoRepositoryTest does not declare any static, non-private, non-final, nested classes annotated with @Configuration.
19:32:38.661 [Test worker] DEBUG org.springframework.test.context.support.ActiveProfilesUtils - Could not find an 'annotation declaring class' for annotation type [org.springframework.test.context.ActiveProfiles] and class [com.fastcampus.jpa.bookmanager.repository.BookReviewInfoRepositoryTest]
19:32:38.749 [Test worker] DEBUG org.springframework.context.annotation.ClassPathScanningCandidateComponentProvider - Identified candidate component class: file [C:\Users\rlaeh\IdeaProjects\bookmanager\build\classes\java\main\com\fastcampus\jpa\bookmanager\BookmanagerApplication.class]
19:32:38.752 [Test worker] INFO org.springframework.boot.test.context.SpringBootTestContextBootstrapper - Found @SpringBootConfiguration com.fastcampus.jpa.bookmanager.BookmanagerApplication for test class com.fastcampus.jpa.bookmanager.repository.BookReviewInfoRepositoryTest
19:32:38.866 [Test worker] DEBUG org.springframework.boot.test.context.SpringBootTestContextBootstrapper - @TestExecutionListeners is not present for class [com.fastcampus.jpa.bookmanager.repository.BookReviewInfoRepositoryTest]: using defaults.
19:32:38.866 [Test worker] INFO org.springframework.boot.test.context.SpringBootTestContextBootstrapper - Loaded default TestExecutionListener class names from location [META-INF/spring.factories]: [org.springframework.boot.test.autoconfigure.restdocs.RestDocsTestExecutionListener, org.springframework.boot.test.autoconfigure.web.client.MockRestServiceServerResetTestExecutionListener, org.springframework.boot.test.autoconfigure.web.servlet.MockMvcPrintOnlyOnFailureTestExecutionListener, org.springframework.boot.test.autoconfigure.web.servlet.WebDriverTestExecutionListener, org.springframework.boot.test.autoconfigure.webservices.client.MockWebServiceServerTestExecutionListener, org.springframework.boot.test.mock.mockito.MockitoTestExecutionListener, org.springframework.boot.test.mock.mockito.ResetMocksTestExecutionListener, org.springframework.test.context.web.ServletTestExecutionListener, org.springframework.test.context.support.DirtiesContextBeforeModesTestExecutionListener, org.springframework.test.context.event.ApplicationEventsTestExecutionListener, org.springframework.test.context.support.DependencyInjectionTestExecutionListener, org.springframework.test.context.support.DirtiesContextTestExecutionListener, org.springframework.test.context.transaction.TransactionalTestExecutionListener, org.springframework.test.context.jdbc.SqlScriptsTestExecutionListener, org.springframework.test.context.event.EventPublishingTestExecutionListener]
19:32:38.884 [Test worker] INFO org.springframework.boot.test.context.SpringBootTestContextBootstrapper - Using TestExecutionListeners: [org.springframework.test.context.web.ServletTestExecutionListener@4b15d130, org.springframework.test.context.support.DirtiesContextBeforeModesTestExecutionListener@7cc0af13, org.springframework.test.context.event.ApplicationEventsTestExecutionListener@586a9907, org.springframework.boot.test.mock.mockito.MockitoTestExecutionListener@3462d62f, org.springframework.boot.test.autoconfigure.SpringBootDependencyInjectionTestExecutionListener@511b1dc2, org.springframework.test.context.support.DirtiesContextTestExecutionListener@28da88c5, org.springframework.test.context.transaction.TransactionalTestExecutionListener@24f49e78, org.springframework.test.context.jdbc.SqlScriptsTestExecutionListener@605e767, org.springframework.test.context.event.EventPublishingTestExecutionListener@ff91f68, org.springframework.boot.test.autoconfigure.restdocs.RestDocsTestExecutionListener@731922f2, org.springframework.boot.test.autoconfigure.web.client.MockRestServiceServerResetTestExecutionListener@739e75b7, org.springframework.boot.test.autoconfigure.web.servlet.MockMvcPrintOnlyOnFailureTestExecutionListener@5a898a7c, org.springframework.boot.test.autoconfigure.web.servlet.WebDriverTestExecutionListener@1d4ccc1a, org.springframework.boot.test.autoconfigure.webservices.client.MockWebServiceServerTestExecutionListener@27f873f3, org.springframework.boot.test.mock.mockito.ResetMocksTestExecutionListener@27cb9976]
19:32:38.888 [Test worker] DEBUG org.springframework.test.context.support.AbstractDirtiesContextTestExecutionListener - Before test class: context [DefaultTestContext@65e71d74 testClass = BookReviewInfoRepositoryTest, testInstance = [null], testMethod = [null], testException = [null], mergedContextConfiguration = [WebMergedContextConfiguration@699e3119 testClass = BookReviewInfoRepositoryTest, locations = '{}', classes = '{class com.fastcampus.jpa.bookmanager.BookmanagerApplication}', contextInitializerClasses = '[]', activeProfiles = '{}', propertySourceLocations = '{}', propertySourceProperties = '{org.springframework.boot.test.context.SpringBootTestContextBootstrapper=true}', contextCustomizers = set[org.springframework.boot.test.autoconfigure.actuate.metrics.MetricsExportContextCustomizerFactory$DisableMetricExportContextCustomizer@26026061, org.springframework.boot.test.autoconfigure.properties.PropertyMappingContextCustomizer@0, org.springframework.boot.test.autoconfigure.web.servlet.WebDriverContextCustomizerFactory$Customizer@5cda770, org.springframework.boot.test.context.filter.ExcludeFilterContextCustomizer@43e3a45b, org.springframework.boot.test.json.DuplicateJsonObjectContextCustomizerFactory$DuplicateJsonObjectContextCustomizer@314c26d2, org.springframework.boot.test.mock.mockito.MockitoContextCustomizer@0, org.springframework.boot.test.web.client.TestRestTemplateContextCustomizer@5050fc6c, org.springframework.boot.test.context.SpringBootTestArgs@1, org.springframework.boot.test.context.SpringBootTestWebEnvironment@190a6731], resourceBasePath = 'src/main/webapp', contextLoader = 'org.springframework.boot.test.context.SpringBootContextLoader', parent = [null]], attributes = map['org.springframework.test.context.web.ServletTestExecutionListener.activateListener' -> true]], class annotated with @DirtiesContext [false] with mode [null].
19:32:38.921 [Test worker] DEBUG org.springframework.test.context.support.TestPropertySourceUtils - Adding inlined properties to environment: {spring.jmx.enabled=false, org.springframework.boot.test.context.SpringBootTestContextBootstrapper=true}

  .   ____          _            __ _ _
 /\\ / ___'_ __ _ _(_)_ __  __ _ \ \ \ \
( ( )\___ | '_ | '_| | '_ \/ _` | \ \ \ \
 \\/  ___)| |_)| | | | | || (_| |  ) ) ) )
  '  |____| .__|_| |_|_| |_\__, | / / / /
 =========|_|==============|___/=/_/_/_/
 :: Spring Boot ::                (v2.5.1)

2021-06-19 19:32:39.311  INFO 31796 --- [    Test worker] c.f.j.b.r.BookReviewInfoRepositoryTest   : Starting BookReviewInfoRepositoryTest using Java 11.0.11 on LAPTOP-IPOJ3GNM with PID 31796 (started by rlaeh in C:\Users\rlaeh\IdeaProjects\bookmanager)
2021-06-19 19:32:39.314  INFO 31796 --- [    Test worker] c.f.j.b.r.BookReviewInfoRepositoryTest   : No active profile set, falling back to default profiles: default
2021-06-19 19:32:40.283  INFO 31796 --- [    Test worker] .s.d.r.c.RepositoryConfigurationDelegate : Bootstrapping Spring Data JPA repositories in DEFAULT mode.
2021-06-19 19:32:40.396  INFO 31796 --- [    Test worker] .s.d.r.c.RepositoryConfigurationDelegate : Finished Spring Data repository scanning in 103 ms. Found 4 JPA repository interfaces.
2021-06-19 19:32:41.039  INFO 31796 --- [    Test worker] com.zaxxer.hikari.HikariDataSource       : HikariPool-1 - Starting...
2021-06-19 19:32:41.286  INFO 31796 --- [    Test worker] com.zaxxer.hikari.HikariDataSource       : HikariPool-1 - Start completed.
2021-06-19 19:32:41.388  INFO 31796 --- [    Test worker] o.hibernate.jpa.internal.util.LogHelper  : HHH000204: Processing PersistenceUnitInfo [name: default]
2021-06-19 19:32:41.481  INFO 31796 --- [    Test worker] org.hibernate.Version                    : HHH000412: Hibernate ORM core version 5.4.32.Final
2021-06-19 19:32:41.695  INFO 31796 --- [    Test worker] o.hibernate.annotations.common.Version   : HCANN000001: Hibernate Commons Annotations {5.1.2.Final}
2021-06-19 19:32:41.909  INFO 31796 --- [    Test worker] org.hibernate.dialect.Dialect            : HHH000400: Using dialect: org.hibernate.dialect.H2Dialect
Hibernate: 
    
    drop table if exists address CASCADE 
Hibernate: 
    
    drop table if exists book CASCADE 
Hibernate: 
    
    drop table if exists book_review_info CASCADE 
Hibernate: 
    
    drop table if exists user CASCADE 
Hibernate: 
    
    drop table if exists user_history CASCADE 
Hibernate: 
    
    create table address (
       id bigint not null,
        primary key (id)
    )
Hibernate: 
    
    create table book (
       id bigint generated by default as identity,
        created_at timestamp,
        updated_at timestamp,
        author_id bigint,
        category varchar(255),
        name varchar(255),
        publisher_id bigint,
        primary key (id)
    )
Hibernate: 
    
    create table book_review_info (
       id bigint generated by default as identity,
        created_at timestamp,
        updated_at timestamp,
        average_review_score float not null,
        review_count integer not null,
        book_id bigint not null,
        primary key (id)
    )
Hibernate: 
    
    create table user (
       id bigint generated by default as identity,
        created_at timestamp,
        updated_at timestamp,
        email varchar(255),
        gender varchar(255),
        name varchar(255),
        primary key (id)
    )
Hibernate: 
    
    create table user_history (
       id bigint generated by default as identity,
        created_at timestamp,
        updated_at timestamp,
        email varchar(255),
        name varchar(255),
        user_id bigint,
        primary key (id)
    )
Hibernate: 
    
    alter table book_review_info 
       add constraint UK_l3sai9mhbl4cd12t2rwdwe0ee unique (book_id)
Hibernate: create index IDXgj2fy3dcix7ph7k8684gka40c on user (name)
Hibernate: 
    
    alter table user 
       add constraint UKob8kqyqqgmefl0aco34akdtpe unique (email)
Hibernate: 
    
    alter table book_review_info 
       add constraint FKp5fhkokpbtoxmc3mxo8ay9e5l 
       foreign key (book_id) 
       references book
2021-06-19 19:32:42.863  INFO 31796 --- [    Test worker] o.h.e.t.j.p.i.JtaPlatformInitiator       : HHH000490: Using JtaPlatform implementation: [org.hibernate.engine.transaction.jta.platform.internal.NoJtaPlatform]
2021-06-19 19:32:42.873  INFO 31796 --- [    Test worker] j.LocalContainerEntityManagerFactoryBean : Initialized JPA EntityManagerFactory for persistence unit 'default'
2021-06-19 19:32:43.233  WARN 31796 --- [    Test worker] JpaBaseConfiguration$JpaWebConfiguration : spring.jpa.open-in-view is enabled by default. Therefore, database queries may be performed during view rendering. Explicitly configure spring.jpa.open-in-view to disable this warning
2021-06-19 19:32:43.618  INFO 31796 --- [    Test worker] o.s.b.a.h2.H2ConsoleAutoConfiguration    : H2 console available at '/h2-console'. Database available at 'jdbc:h2:mem:7fd09bb6-3093-46fb-96db-5c405648b365'
2021-06-19 19:32:44.734  INFO 31796 --- [    Test worker] c.f.j.b.r.BookReviewInfoRepositoryTest   : Started BookReviewInfoRepositoryTest in 5.804 seconds (JVM running for 7.529)
Hibernate: 
    insert 
    into
        book
        (id, created_at, updated_at, author_id, category, name, publisher_id) 
    values
        (null, ?, ?, ?, ?, ?, ?)
Hibernate: 
    insert 
    into
        book_review_info
        (id, created_at, updated_at, average_review_score, book_id, review_count) 
    values
        (null, ?, ?, ?, ?, ?)
Hibernate: 
    select
        bookreview0_.id as id1_2_,
        bookreview0_.created_at as created_2_2_,
        bookreview0_.updated_at as updated_3_2_,
        bookreview0_.average_review_score as average_4_2_,
        bookreview0_.book_id as book_id6_2_,
        bookreview0_.review_count as review_c5_2_ 
    from
        book_review_info bookreview0_
Hibernate: 
    select
        book0_.id as id1_1_0_,
        book0_.created_at as created_2_1_0_,
        book0_.updated_at as updated_3_1_0_,
        book0_.author_id as author_i4_1_0_,
        book0_.category as category5_1_0_,
        book0_.name as name6_1_0_,
        book0_.publisher_id as publishe7_1_0_,
        bookreview1_.id as id1_2_1_,
        bookreview1_.created_at as created_2_2_1_,
        bookreview1_.updated_at as updated_3_2_1_,
        bookreview1_.average_review_score as average_4_2_1_,
        bookreview1_.book_id as book_id6_2_1_,
        bookreview1_.review_count as review_c5_2_1_ 
    from
        book book0_ 
    left outer join
        book_review_info bookreview1_ 
            on book0_.id=bookreview1_.book_id 
    where
        book0_.id=?
Hibernate: 
    select
        bookreview0_.id as id1_2_1_,
        bookreview0_.created_at as created_2_2_1_,
        bookreview0_.updated_at as updated_3_2_1_,
        bookreview0_.average_review_score as average_4_2_1_,
        bookreview0_.book_id as book_id6_2_1_,
        bookreview0_.review_count as review_c5_2_1_,
        book1_.id as id1_1_0_,
        book1_.created_at as created_2_1_0_,
        book1_.updated_at as updated_3_1_0_,
        book1_.author_id as author_i4_1_0_,
        book1_.category as category5_1_0_,
        book1_.name as name6_1_0_,
        book1_.publisher_id as publishe7_1_0_ 
    from
        book_review_info bookreview0_ 
    inner join
        book book1_ 
            on bookreview0_.book_id=book1_.id 
    where
        bookreview0_.book_id=?
>>> : [BookReviewInfo(super=BaseEntity(createdAt=2021-06-19T19:32:44.991994, updatedAt=2021-06-19T19:32:44.991994), id=1, book=Book(super=BaseEntity(createdAt=2021-06-19T19:32:44.925174, updatedAt=2021-06-19T19:32:44.925174), id=1, name=Jpa 초격차 패키지, category=null, authorId=1, publisherId=1), averageReviewScore=4.5, reviewCount=2)]
Hibernate: 
    select
        bookreview0_.id as id1_2_0_,
        bookreview0_.created_at as created_2_2_0_,
        bookreview0_.updated_at as updated_3_2_0_,
        bookreview0_.average_review_score as average_4_2_0_,
        bookreview0_.book_id as book_id6_2_0_,
        bookreview0_.review_count as review_c5_2_0_,
        book1_.id as id1_1_1_,
        book1_.created_at as created_2_1_1_,
        book1_.updated_at as updated_3_1_1_,
        book1_.author_id as author_i4_1_1_,
        book1_.category as category5_1_1_,
        book1_.name as name6_1_1_,
        book1_.publisher_id as publishe7_1_1_ 
    from
        book_review_info bookreview0_ 
    inner join
        book book1_ 
            on bookreview0_.book_id=book1_.id 
    where
        bookreview0_.id=?
>>>  Book(super=BaseEntity(createdAt=2021-06-19T19:32:44.925174, updatedAt=2021-06-19T19:32:44.925174), id=1, name=Jpa 초격차 패키지, category=null, authorId=1, publisherId=1)
Hibernate: 
    select
        book0_.id as id1_1_0_,
        book0_.created_at as created_2_1_0_,
        book0_.updated_at as updated_3_1_0_,
        book0_.author_id as author_i4_1_0_,
        book0_.category as category5_1_0_,
        book0_.name as name6_1_0_,
        book0_.publisher_id as publishe7_1_0_,
        bookreview1_.id as id1_2_1_,
        bookreview1_.created_at as created_2_2_1_,
        bookreview1_.updated_at as updated_3_2_1_,
        bookreview1_.average_review_score as average_4_2_1_,
        bookreview1_.book_id as book_id6_2_1_,
        bookreview1_.review_count as review_c5_2_1_ 
    from
        book book0_ 
    left outer join
        book_review_info bookreview1_ 
            on book0_.id=bookreview1_.book_id 
    where
        book0_.id=?
>>> : BookReviewInfo(super=BaseEntity(createdAt=2021-06-19T19:32:44.991994, updatedAt=2021-06-19T19:32:44.991994), id=1, book=Book(super=BaseEntity(createdAt=2021-06-19T19:32:44.925174, updatedAt=2021-06-19T19:32:44.925174), id=1, name=Jpa 초격차 패키지, category=null, authorId=1, publisherId=1), averageReviewScore=4.5, reviewCount=2)
]]></system-out>
  <system-err><![CDATA[]]></system-err>
</testsuite>
