<?xml version="1.0" encoding="UTF-8"?>
<testsuite name="com.fastcampus.jpa.bookmanager.repository.UserRepositoryTest" tests="1" skipped="0" failures="0" errors="0" timestamp="2021-06-17T14:51:22" hostname="LAPTOP-IPOJ3GNM" time="0.658">
  <properties/>
  <testcase name="enumTest()" classname="com.fastcampus.jpa.bookmanager.repository.UserRepositoryTest" time="0.658"/>
  <system-out><![CDATA[23:51:14.735 [Test worker] DEBUG org.springframework.test.context.BootstrapUtils - Instantiating CacheAwareContextLoaderDelegate from class [org.springframework.test.context.cache.DefaultCacheAwareContextLoaderDelegate]
23:51:14.750 [Test worker] DEBUG org.springframework.test.context.BootstrapUtils - Instantiating BootstrapContext using constructor [public org.springframework.test.context.support.DefaultBootstrapContext(java.lang.Class,org.springframework.test.context.CacheAwareContextLoaderDelegate)]
23:51:14.789 [Test worker] DEBUG org.springframework.test.context.BootstrapUtils - Instantiating TestContextBootstrapper for test class [com.fastcampus.jpa.bookmanager.repository.UserRepositoryTest] from class [org.springframework.boot.test.context.SpringBootTestContextBootstrapper]
23:51:14.804 [Test worker] INFO org.springframework.boot.test.context.SpringBootTestContextBootstrapper - Neither @ContextConfiguration nor @ContextHierarchy found for test class [com.fastcampus.jpa.bookmanager.repository.UserRepositoryTest], using SpringBootContextLoader
23:51:14.810 [Test worker] DEBUG org.springframework.test.context.support.AbstractContextLoader - Did not detect default resource location for test class [com.fastcampus.jpa.bookmanager.repository.UserRepositoryTest]: class path resource [com/fastcampus/jpa/bookmanager/repository/UserRepositoryTest-context.xml] does not exist
23:51:14.811 [Test worker] DEBUG org.springframework.test.context.support.AbstractContextLoader - Did not detect default resource location for test class [com.fastcampus.jpa.bookmanager.repository.UserRepositoryTest]: class path resource [com/fastcampus/jpa/bookmanager/repository/UserRepositoryTestContext.groovy] does not exist
23:51:14.811 [Test worker] INFO org.springframework.test.context.support.AbstractContextLoader - Could not detect default resource locations for test class [com.fastcampus.jpa.bookmanager.repository.UserRepositoryTest]: no resource found for suffixes {-context.xml, Context.groovy}.
23:51:14.813 [Test worker] INFO org.springframework.test.context.support.AnnotationConfigContextLoaderUtils - Could not detect default configuration classes for test class [com.fastcampus.jpa.bookmanager.repository.UserRepositoryTest]: UserRepositoryTest does not declare any static, non-private, non-final, nested classes annotated with @Configuration.
23:51:14.867 [Test worker] DEBUG org.springframework.test.context.support.ActiveProfilesUtils - Could not find an 'annotation declaring class' for annotation type [org.springframework.test.context.ActiveProfiles] and class [com.fastcampus.jpa.bookmanager.repository.UserRepositoryTest]
23:51:14.955 [Test worker] DEBUG org.springframework.context.annotation.ClassPathScanningCandidateComponentProvider - Identified candidate component class: file [C:\Users\rlaeh\IdeaProjects\bookmanager\build\classes\java\main\com\fastcampus\jpa\bookmanager\BookmanagerApplication.class]
23:51:14.956 [Test worker] INFO org.springframework.boot.test.context.SpringBootTestContextBootstrapper - Found @SpringBootConfiguration com.fastcampus.jpa.bookmanager.BookmanagerApplication for test class com.fastcampus.jpa.bookmanager.repository.UserRepositoryTest
23:51:15.110 [Test worker] DEBUG org.springframework.boot.test.context.SpringBootTestContextBootstrapper - @TestExecutionListeners is not present for class [com.fastcampus.jpa.bookmanager.repository.UserRepositoryTest]: using defaults.
23:51:15.111 [Test worker] INFO org.springframework.boot.test.context.SpringBootTestContextBootstrapper - Loaded default TestExecutionListener class names from location [META-INF/spring.factories]: [org.springframework.boot.test.autoconfigure.restdocs.RestDocsTestExecutionListener, org.springframework.boot.test.autoconfigure.web.client.MockRestServiceServerResetTestExecutionListener, org.springframework.boot.test.autoconfigure.web.servlet.MockMvcPrintOnlyOnFailureTestExecutionListener, org.springframework.boot.test.autoconfigure.web.servlet.WebDriverTestExecutionListener, org.springframework.boot.test.autoconfigure.webservices.client.MockWebServiceServerTestExecutionListener, org.springframework.boot.test.mock.mockito.MockitoTestExecutionListener, org.springframework.boot.test.mock.mockito.ResetMocksTestExecutionListener, org.springframework.test.context.web.ServletTestExecutionListener, org.springframework.test.context.support.DirtiesContextBeforeModesTestExecutionListener, org.springframework.test.context.event.ApplicationEventsTestExecutionListener, org.springframework.test.context.support.DependencyInjectionTestExecutionListener, org.springframework.test.context.support.DirtiesContextTestExecutionListener, org.springframework.test.context.transaction.TransactionalTestExecutionListener, org.springframework.test.context.jdbc.SqlScriptsTestExecutionListener, org.springframework.test.context.event.EventPublishingTestExecutionListener]
23:51:15.144 [Test worker] INFO org.springframework.boot.test.context.SpringBootTestContextBootstrapper - Using TestExecutionListeners: [org.springframework.test.context.web.ServletTestExecutionListener@489892fc, org.springframework.test.context.support.DirtiesContextBeforeModesTestExecutionListener@29db1e7d, org.springframework.test.context.event.ApplicationEventsTestExecutionListener@5ef1ce64, org.springframework.boot.test.mock.mockito.MockitoTestExecutionListener@36f4caa8, org.springframework.boot.test.autoconfigure.SpringBootDependencyInjectionTestExecutionListener@3af7a1f8, org.springframework.test.context.support.DirtiesContextTestExecutionListener@4bae682d, org.springframework.test.context.transaction.TransactionalTestExecutionListener@1bfc1dd2, org.springframework.test.context.jdbc.SqlScriptsTestExecutionListener@b4d358f, org.springframework.test.context.event.EventPublishingTestExecutionListener@cb2ad7f, org.springframework.boot.test.autoconfigure.restdocs.RestDocsTestExecutionListener@34e543c4, org.springframework.boot.test.autoconfigure.web.client.MockRestServiceServerResetTestExecutionListener@4f0cca07, org.springframework.boot.test.autoconfigure.web.servlet.MockMvcPrintOnlyOnFailureTestExecutionListener@2d8f6f24, org.springframework.boot.test.autoconfigure.web.servlet.WebDriverTestExecutionListener@34cfe6bf, org.springframework.boot.test.autoconfigure.webservices.client.MockWebServiceServerTestExecutionListener@2aaa6881, org.springframework.boot.test.mock.mockito.ResetMocksTestExecutionListener@3dfc321]
23:51:15.151 [Test worker] DEBUG org.springframework.test.context.support.AbstractDirtiesContextTestExecutionListener - Before test class: context [DefaultTestContext@12804b0b testClass = UserRepositoryTest, testInstance = [null], testMethod = [null], testException = [null], mergedContextConfiguration = [WebMergedContextConfiguration@6a810812 testClass = UserRepositoryTest, locations = '{}', classes = '{class com.fastcampus.jpa.bookmanager.BookmanagerApplication}', contextInitializerClasses = '[]', activeProfiles = '{}', propertySourceLocations = '{}', propertySourceProperties = '{org.springframework.boot.test.context.SpringBootTestContextBootstrapper=true}', contextCustomizers = set[org.springframework.boot.test.autoconfigure.actuate.metrics.MetricsExportContextCustomizerFactory$DisableMetricExportContextCustomizer@437fac62, org.springframework.boot.test.autoconfigure.properties.PropertyMappingContextCustomizer@0, org.springframework.boot.test.autoconfigure.web.servlet.WebDriverContextCustomizerFactory$Customizer@511ef097, org.springframework.boot.test.context.filter.ExcludeFilterContextCustomizer@6b97fee2, org.springframework.boot.test.json.DuplicateJsonObjectContextCustomizerFactory$DuplicateJsonObjectContextCustomizer@181aa957, org.springframework.boot.test.mock.mockito.MockitoContextCustomizer@0, org.springframework.boot.test.web.client.TestRestTemplateContextCustomizer@7abfdd52, org.springframework.boot.test.context.SpringBootTestArgs@1, org.springframework.boot.test.context.SpringBootTestWebEnvironment@6e438540], resourceBasePath = 'src/main/webapp', contextLoader = 'org.springframework.boot.test.context.SpringBootContextLoader', parent = [null]], attributes = map['org.springframework.test.context.web.ServletTestExecutionListener.activateListener' -> true]], class annotated with @DirtiesContext [false] with mode [null].
23:51:15.198 [Test worker] DEBUG org.springframework.test.context.support.TestPropertySourceUtils - Adding inlined properties to environment: {spring.jmx.enabled=false, org.springframework.boot.test.context.SpringBootTestContextBootstrapper=true}

  .   ____          _            __ _ _
 /\\ / ___'_ __ _ _(_)_ __  __ _ \ \ \ \
( ( )\___ | '_ | '_| | '_ \/ _` | \ \ \ \
 \\/  ___)| |_)| | | | | || (_| |  ) ) ) )
  '  |____| .__|_| |_|_| |_\__, | / / / /
 =========|_|==============|___/=/_/_/_/
 :: Spring Boot ::                (v2.5.1)

2021-06-17 23:51:15.640  INFO 32664 --- [    Test worker] c.f.j.b.repository.UserRepositoryTest    : Starting UserRepositoryTest using Java 11.0.11 on LAPTOP-IPOJ3GNM with PID 32664 (started by rlaeh in C:\Users\rlaeh\IdeaProjects\bookmanager)
2021-06-17 23:51:15.644  INFO 32664 --- [    Test worker] c.f.j.b.repository.UserRepositoryTest    : No active profile set, falling back to default profiles: default
2021-06-17 23:51:16.859  INFO 32664 --- [    Test worker] .s.d.r.c.RepositoryConfigurationDelegate : Bootstrapping Spring Data JPA repositories in DEFAULT mode.
2021-06-17 23:51:16.983  INFO 32664 --- [    Test worker] .s.d.r.c.RepositoryConfigurationDelegate : Finished Spring Data repository scanning in 109 ms. Found 1 JPA repository interfaces.
2021-06-17 23:51:17.760  INFO 32664 --- [    Test worker] com.zaxxer.hikari.HikariDataSource       : HikariPool-1 - Starting...
2021-06-17 23:51:18.068  INFO 32664 --- [    Test worker] com.zaxxer.hikari.HikariDataSource       : HikariPool-1 - Start completed.
2021-06-17 23:51:18.179  INFO 32664 --- [    Test worker] o.hibernate.jpa.internal.util.LogHelper  : HHH000204: Processing PersistenceUnitInfo [name: default]
2021-06-17 23:51:18.267  INFO 32664 --- [    Test worker] org.hibernate.Version                    : HHH000412: Hibernate ORM core version 5.4.32.Final
2021-06-17 23:51:18.529  INFO 32664 --- [    Test worker] o.hibernate.annotations.common.Version   : HCANN000001: Hibernate Commons Annotations {5.1.2.Final}
2021-06-17 23:51:18.849  INFO 32664 --- [    Test worker] org.hibernate.dialect.Dialect            : HHH000400: Using dialect: org.hibernate.dialect.H2Dialect
Hibernate: 
    
    drop table if exists address CASCADE 
Hibernate: 
    
    drop table if exists user CASCADE 
Hibernate: 
    
    drop sequence if exists hibernate_sequence
Hibernate: create sequence hibernate_sequence start with 1 increment by 1
Hibernate: 
    
    create table address (
       id bigint not null,
        primary key (id)
    )
Hibernate: 
    
    create table user (
       id bigint not null,
        created_at timestamp,
        email varchar(255),
        gender integer,
        name varchar(255),
        updated_at timestamp,
        primary key (id)
    )
Hibernate: create index IDXgj2fy3dcix7ph7k8684gka40c on user (name)
Hibernate: 
    
    alter table user 
       add constraint UKob8kqyqqgmefl0aco34akdtpe unique (email)
2021-06-17 23:51:20.038  INFO 32664 --- [    Test worker] o.h.e.t.j.p.i.JtaPlatformInitiator       : HHH000490: Using JtaPlatform implementation: [org.hibernate.engine.transaction.jta.platform.internal.NoJtaPlatform]
2021-06-17 23:51:20.050  INFO 32664 --- [    Test worker] j.LocalContainerEntityManagerFactoryBean : Initialized JPA EntityManagerFactory for persistence unit 'default'
2021-06-17 23:51:20.485  WARN 32664 --- [    Test worker] JpaBaseConfiguration$JpaWebConfiguration : spring.jpa.open-in-view is enabled by default. Therefore, database queries may be performed during view rendering. Explicitly configure spring.jpa.open-in-view to disable this warning
2021-06-17 23:51:21.160  INFO 32664 --- [    Test worker] o.s.b.a.h2.H2ConsoleAutoConfiguration    : H2 console available at '/h2-console'. Database available at 'jdbc:h2:mem:3e8d749b-9e8a-45d4-9546-92eee81e2ca0'
2021-06-17 23:51:22.633  INFO 32664 --- [    Test worker] c.f.j.b.repository.UserRepositoryTest    : Started UserRepositoryTest in 7.419 seconds (JVM running for 9.412)
Hibernate: 
    select
        user0_.id as id1_1_0_,
        user0_.created_at as created_2_1_0_,
        user0_.email as email3_1_0_,
        user0_.gender as gender4_1_0_,
        user0_.name as name5_1_0_,
        user0_.updated_at as updated_6_1_0_ 
    from
        user user0_ 
    where
        user0_.id=?
Hibernate: 
    select
        user0_.id as id1_1_0_,
        user0_.created_at as created_2_1_0_,
        user0_.email as email3_1_0_,
        user0_.gender as gender4_1_0_,
        user0_.name as name5_1_0_,
        user0_.updated_at as updated_6_1_0_ 
    from
        user user0_ 
    where
        user0_.id=?
Hibernate: 
    update
        user 
    set
        email=?,
        gender=?,
        name=?,
        updated_at=? 
    where
        id=?
Hibernate: 
    select
        user0_.id as id1_1_,
        user0_.created_at as created_2_1_,
        user0_.email as email3_1_,
        user0_.gender as gender4_1_,
        user0_.name as name5_1_,
        user0_.updated_at as updated_6_1_ 
    from
        user user0_
User(id=1, name=martin, email=martin@fastcampus.com, gender=MALE, createdAt=2021-06-17T23:51:22.487303, updatedAt=2021-06-17T23:51:22.487303, testDate=null)
User(id=2, name=dennis, email=dennis@fastcampus.com, gender=null, createdAt=2021-06-17T23:51:22.497282, updatedAt=2021-06-17T23:51:22.497282, testDate=null)
User(id=3, name=sophia, email=sophia@slowcampus.com, gender=null, createdAt=2021-06-17T23:51:22.497282, updatedAt=2021-06-17T23:51:22.497282, testDate=null)
User(id=4, name=james, email=james@slowcampus.com, gender=null, createdAt=2021-06-17T23:51:22.498274, updatedAt=2021-06-17T23:51:22.498274, testDate=null)
User(id=5, name=martin, email=martin@another.com, gender=null, createdAt=2021-06-17T23:51:22.498274, updatedAt=2021-06-17T23:51:22.498274, testDate=null)
]]></system-out>
  <system-err><![CDATA[]]></system-err>
</testsuite>
